{"contracts\\T3Token.sol":{"l":{"94":1,"95":1,"98":1,"99":1,"100":1,"103":1,"104":1,"113":12,"115":12,"116":12,"118":12,"119":9,"126":3,"127":3,"132":2,"133":2,"140":14,"141":13,"143":12,"145":0,"149":12,"150":12,"151":12,"152":12,"153":12,"154":12,"155":12,"156":12,"157":12,"160":12,"163":12,"166":11,"167":11,"169":11,"170":11,"171":11,"180":11,"181":11,"188":12,"189":12,"190":12,"191":12,"192":12,"193":12,"194":12,"195":12,"196":38,"197":38,"198":38,"199":38,"200":38,"205":38,"206":38,"207":38,"208":38,"209":38,"210":0,"211":0,"214":0,"216":38,"217":38,"218":38,"220":12,"223":12,"224":12,"225":12,"226":12,"229":50,"230":50,"231":50,"232":50,"233":50,"234":50,"235":50,"238":12,"239":12,"240":11,"241":0,"242":0,"243":0,"245":11,"246":11,"247":11,"248":11,"252":11,"253":11,"254":11,"255":11,"256":11,"257":11,"258":11,"259":11,"262":11,"263":11,"264":11,"265":11,"266":11,"268":11,"269":11,"270":7,"271":7,"272":7,"275":11,"277":11,"280":11,"281":11,"287":96,"288":72,"289":3,"291":36,"292":0,"293":0,"295":24,"300":3,"301":2,"302":2,"303":1,"304":0,"305":0,"306":0,"307":0,"308":0,"309":0,"310":0,"311":0,"314":1,"315":1,"316":1,"317":0,"318":0,"319":0,"320":0,"321":0,"322":0,"323":0,"324":0,"325":0,"326":0,"327":0,"330":0,"331":0,"332":0,"333":0,"348":3,"349":2,"350":1,"351":1,"352":1,"353":1,"362":0,"363":0,"374":1,"375":1,"376":0,"385":8,"386":7,"387":6,"388":5,"389":4,"390":4,"397":7,"398":6,"399":5,"400":4,"401":3,"402":3,"403":2,"404":2,"413":0,"414":0},"path":"C:\\Users\\jesse\\OneDrive\\T3 Project\\T3-Base\\T3-Contract\\contracts\\T3Token.sol","s":{"1":1,"2":1,"3":1,"4":1,"5":1,"6":12,"7":12,"8":12,"9":12,"10":9,"11":3,"12":3,"13":2,"14":2,"15":14,"16":13,"17":12,"18":0,"19":12,"20":12,"21":12,"22":12,"23":12,"24":12,"25":12,"26":12,"27":12,"28":12,"29":12,"30":11,"31":11,"32":11,"33":11,"34":11,"35":12,"36":0,"37":12,"38":12,"39":12,"40":12,"41":12,"42":12,"43":12,"44":38,"45":38,"46":38,"47":38,"48":38,"49":38,"50":38,"51":38,"52":0,"53":38,"54":12,"55":12,"56":12,"57":12,"58":12,"59":50,"60":50,"61":50,"62":50,"63":50,"64":12,"65":12,"66":1,"67":11,"68":0,"69":11,"70":11,"71":11,"72":11,"73":11,"74":11,"75":11,"76":11,"77":11,"78":11,"79":11,"80":11,"81":11,"82":7,"83":7,"84":7,"85":11,"86":11,"87":11,"88":11,"89":11,"90":84,"91":36,"92":36,"93":24,"94":3,"95":2,"96":2,"97":1,"98":0,"99":0,"100":0,"101":0,"102":0,"103":0,"104":1,"105":1,"106":1,"107":0,"108":0,"109":0,"110":0,"111":0,"112":0,"113":0,"114":0,"115":0,"116":0,"117":0,"118":3,"119":2,"120":1,"121":1,"122":1,"123":0,"124":0,"125":1,"126":1,"127":0,"128":8,"129":7,"130":6,"131":5,"132":4,"133":7,"134":6,"135":5,"136":4,"137":3,"138":3,"139":2,"140":0,"141":0,"142":0,"143":0,"144":0,"145":0,"146":0,"147":0,"148":7,"149":1},"b":{"1":[1,0],"2":[13,1],"3":[12,1],"4":[0,12],"5":[11,1],"6":[0,12],"7":[0,12],"8":[11,0],"9":[0,12],"10":[0,38],"11":[0,38],"12":[26,12],"13":[0,38],"14":[0,0],"15":[0,38],"16":[0,12],"17":[50,0],"18":[0,50],"19":[1,11],"20":[0,11],"21":[11,0],"22":[11,0],"23":[0,11],"24":[7,4],"25":[7,0],"26":[0,7],"27":[0,11],"28":[0,11],"29":[0,11],"30":[3,21],"31":[0,36],"32":[3,1],"33":[2,1],"34":[1,1],"35":[0,1],"36":[0,0],"37":[0,0],"38":[1,1],"39":[1,0],"40":[0,1],"41":[0,0],"42":[0,0],"43":[0,0],"44":[4,1],"45":[3,1],"46":[2,1],"47":[1,1],"48":[0,1],"49":[0,0],"50":[1,1],"51":[1,0],"52":[8,1],"53":[7,1],"54":[6,1],"55":[5,1],"56":[4,1],"57":[7,1],"58":[6,1],"59":[5,1],"60":[4,1],"61":[3,1],"62":[2,1],"63":[0,0],"64":[0,0],"65":[0,0],"66":[0,0],"67":[0,0],"68":[0,0],"69":[0,0],"70":[0,0],"71":[0,0],"72":[0,0],"73":[0,0],"74":[0,0],"75":[0,0],"76":[7,1],"77":[1,1]},"f":{"1":1,"2":12,"3":3,"4":14,"5":12,"6":12,"7":50,"8":12,"9":11,"10":11,"11":11,"12":72,"13":3,"14":1,"15":0,"16":3,"17":0,"18":1,"19":8,"20":7,"21":0,"22":0,"23":0,"24":0,"25":0,"26":0,"27":7,"28":1},"fnMap":{"1":{"name":"constructor","line":93,"loc":{"start":{"line":93,"column":4},"end":{"line":105,"column":4}}},"2":{"name":"transfer","line":112,"loc":{"start":{"line":112,"column":4},"end":{"line":120,"column":4}}},"3":{"name":"transferFrom","line":125,"loc":{"start":{"line":125,"column":4},"end":{"line":134,"column":4}}},"4":{"name":"_transferWithT3Logic","line":139,"loc":{"start":{"line":139,"column":4},"end":{"line":182,"column":4}}},"5":{"name":"calculateTieredFee","line":187,"loc":{"start":{"line":187,"column":4},"end":{"line":221,"column":5}}},"6":{"name":"applyRiskAdjustments","line":222,"loc":{"start":{"line":222,"column":4},"end":{"line":227,"column":5}}},"7":{"name":"calculateRiskFactor","line":228,"loc":{"start":{"line":228,"column":4},"end":{"line":236,"column":5}}},"8":{"name":"applyCredits","line":237,"loc":{"start":{"line":237,"column":4},"end":{"line":250,"column":5}}},"9":{"name":"processFee","line":251,"loc":{"start":{"line":251,"column":4},"end":{"line":260,"column":5}}},"10":{"name":"calculateAdaptiveHalfLife","line":261,"loc":{"start":{"line":261,"column":4},"end":{"line":278,"column":5}}},"11":{"name":"updateRollingAverage","line":279,"loc":{"start":{"line":279,"column":4},"end":{"line":285,"column":5}}},"12":{"name":"updateWalletRiskProfile","line":286,"loc":{"start":{"line":286,"column":4},"end":{"line":296,"column":5}}},"13":{"name":"reverseTransfer","line":299,"loc":{"start":{"line":299,"column":4},"end":{"line":312,"column":5}}},"14":{"name":"checkHalfLifeExpiry","line":313,"loc":{"start":{"line":313,"column":4},"end":{"line":334,"column":5}}},"15":{"name":"getAvailableCredits","line":337,"loc":{"start":{"line":337,"column":4},"end":{"line":337,"column":123}}},"16":{"name":"mint","line":347,"loc":{"start":{"line":347,"column":4},"end":{"line":354,"column":4}}},"17":{"name":"burn","line":361,"loc":{"start":{"line":361,"column":5},"end":{"line":364,"column":5}}},"18":{"name":"burnFrom","line":373,"loc":{"start":{"line":373,"column":5},"end":{"line":377,"column":5}}},"19":{"name":"recordInterbankLiability","line":384,"loc":{"start":{"line":384,"column":4},"end":{"line":391,"column":5}}},"20":{"name":"clearInterbankLiability","line":396,"loc":{"start":{"line":396,"column":4},"end":{"line":405,"column":5}}},"21":{"name":"flagAbnormalTransaction","line":412,"loc":{"start":{"line":412,"column":4},"end":{"line":416,"column":5}}},"22":{"name":"setTreasuryAddress","line":418,"loc":{"start":{"line":418,"column":4},"end":{"line":418,"column":202}}},"23":{"name":"setHalfLifeDuration","line":420,"loc":{"start":{"line":420,"column":4},"end":{"line":420,"column":266}}},"24":{"name":"setMinHalfLifeDuration","line":422,"loc":{"start":{"line":422,"column":4},"end":{"line":422,"column":275}}},"25":{"name":"setMaxHalfLifeDuration","line":424,"loc":{"start":{"line":424,"column":4},"end":{"line":424,"column":214}}},"26":{"name":"setInactivityResetPeriod","line":426,"loc":{"start":{"line":426,"column":4},"end":{"line":426,"column":214}}},"27":{"name":"pause","line":430,"loc":{"start":{"line":430,"column":4},"end":{"line":430,"column":64}}},"28":{"name":"unpause","line":432,"loc":{"start":{"line":432,"column":4},"end":{"line":432,"column":68}}}},"statementMap":{"1":{"start":{"line":94,"column":8},"end":{"line":94,"column":81}},"2":{"start":{"line":98,"column":8},"end":{"line":98,"column":51}},"3":{"start":{"line":99,"column":8},"end":{"line":99,"column":43}},"4":{"start":{"line":100,"column":8},"end":{"line":100,"column":44}},"5":{"start":{"line":103,"column":8},"end":{"line":103,"column":52}},"6":{"start":{"line":113,"column":8},"end":{"line":113,"column":37}},"7":{"start":{"line":115,"column":8},"end":{"line":115,"column":52}},"8":{"start":{"line":116,"column":8},"end":{"line":116,"column":55}},"9":{"start":{"line":118,"column":8},"end":{"line":118,"column":54}},"10":{"start":{"line":119,"column":8},"end":{"line":119,"column":19}},"11":{"start":{"line":126,"column":8},"end":{"line":126,"column":38}},"12":{"start":{"line":127,"column":8},"end":{"line":127,"column":45}},"13":{"start":{"line":132,"column":8},"end":{"line":132,"column":45}},"14":{"start":{"line":133,"column":8},"end":{"line":133,"column":19}},"15":{"start":{"line":140,"column":8},"end":{"line":140,"column":67}},"16":{"start":{"line":141,"column":8},"end":{"line":141,"column":71}},"17":{"start":{"line":143,"column":8},"end":{"line":143,"column":6346}},"18":{"start":{"line":145,"column":12},"end":{"line":145,"column":85}},"19":{"start":{"line":149,"column":8},"end":{"line":149,"column":65}},"20":{"start":{"line":150,"column":8},"end":{"line":150,"column":92}},"21":{"start":{"line":151,"column":8},"end":{"line":151,"column":68}},"22":{"start":{"line":152,"column":8},"end":{"line":152,"column":42}},"23":{"start":{"line":153,"column":8},"end":{"line":153,"column":72}},"24":{"start":{"line":154,"column":8},"end":{"line":154,"column":64}},"25":{"start":{"line":155,"column":8},"end":{"line":155,"column":41}},"26":{"start":{"line":156,"column":8},"end":{"line":156,"column":86}},"27":{"start":{"line":157,"column":8},"end":{"line":157,"column":52}},"28":{"start":{"line":160,"column":8},"end":{"line":160,"column":45}},"29":{"start":{"line":163,"column":8},"end":{"line":163,"column":44}},"30":{"start":{"line":166,"column":8},"end":{"line":166,"column":7473}},"31":{"start":{"line":167,"column":12},"end":{"line":167,"column":58}},"32":{"start":{"line":170,"column":8},"end":{"line":170,"column":87}},"33":{"start":{"line":180,"column":8},"end":{"line":180,"column":46}},"34":{"start":{"line":181,"column":8},"end":{"line":181,"column":68}},"35":{"start":{"line":188,"column":8},"end":{"line":188,"column":33}},"36":{"start":{"line":188,"column":25},"end":{"line":188,"column":33}},"37":{"start":{"line":189,"column":8},"end":{"line":189,"column":38}},"38":{"start":{"line":190,"column":8},"end":{"line":190,"column":40}},"39":{"start":{"line":191,"column":8},"end":{"line":191,"column":28}},"40":{"start":{"line":192,"column":8},"end":{"line":192,"column":49}},"41":{"start":{"line":193,"column":8},"end":{"line":193,"column":29}},"42":{"start":{"line":194,"column":8},"end":{"line":194,"column":52}},"43":{"start":{"line":195,"column":8},"end":{"line":195,"column":8803}},"44":{"start":{"line":196,"column":12},"end":{"line":196,"column":32}},"45":{"start":{"line":197,"column":12},"end":{"line":197,"column":54}},"46":{"start":{"line":198,"column":12},"end":{"line":198,"column":46}},"47":{"start":{"line":199,"column":12},"end":{"line":199,"column":36}},"48":{"start":{"line":200,"column":12},"end":{"line":200,"column":9030}},"49":{"start":{"line":205,"column":12},"end":{"line":205,"column":79}},"50":{"start":{"line":208,"column":13},"end":{"line":208,"column":68}},"51":{"start":{"line":209,"column":13},"end":{"line":209,"column":9486}},"52":{"start":{"line":210,"column":17},"end":{"line":210,"column":9607}},"53":{"start":{"line":218,"column":12},"end":{"line":218,"column":49}},"54":{"start":{"line":220,"column":8},"end":{"line":220,"column":23}},"55":{"start":{"line":223,"column":8},"end":{"line":223,"column":62}},"56":{"start":{"line":224,"column":8},"end":{"line":224,"column":68}},"57":{"start":{"line":225,"column":8},"end":{"line":225,"column":108}},"58":{"start":{"line":226,"column":8},"end":{"line":226,"column":52}},"59":{"start":{"line":229,"column":8},"end":{"line":229,"column":70}},"60":{"start":{"line":230,"column":8},"end":{"line":230,"column":41}},"61":{"start":{"line":231,"column":8},"end":{"line":231,"column":111}},"62":{"start":{"line":232,"column":8},"end":{"line":232,"column":113}},"63":{"start":{"line":235,"column":8},"end":{"line":235,"column":25}},"64":{"start":{"line":238,"column":8},"end":{"line":238,"column":67}},"65":{"start":{"line":239,"column":8},"end":{"line":239,"column":47}},"66":{"start":{"line":239,"column":35},"end":{"line":239,"column":45}},"67":{"start":{"line":240,"column":8},"end":{"line":240,"column":11306}},"68":{"start":{"line":243,"column":12},"end":{"line":243,"column":20}},"69":{"start":{"line":245,"column":12},"end":{"line":245,"column":55}},"70":{"start":{"line":248,"column":12},"end":{"line":248,"column":31}},"71":{"start":{"line":252,"column":8},"end":{"line":252,"column":45}},"72":{"start":{"line":253,"column":8},"end":{"line":253,"column":72}},"73":{"start":{"line":253,"column":33},"end":{"line":253,"column":69}},"74":{"start":{"line":254,"column":8},"end":{"line":254,"column":43}},"75":{"start":{"line":257,"column":8},"end":{"line":257,"column":72}},"76":{"start":{"line":262,"column":8},"end":{"line":262,"column":43}},"77":{"start":{"line":263,"column":8},"end":{"line":263,"column":68}},"78":{"start":{"line":264,"column":8},"end":{"line":264,"column":12545}},"79":{"start":{"line":265,"column":12},"end":{"line":265,"column":71}},"80":{"start":{"line":268,"column":8},"end":{"line":268,"column":60}},"81":{"start":{"line":269,"column":8},"end":{"line":269,"column":12781}},"82":{"start":{"line":270,"column":13},"end":{"line":270,"column":12821}},"83":{"start":{"line":271,"column":16},"end":{"line":271,"column":63}},"84":{"start":{"line":272,"column":16},"end":{"line":272,"column":72}},"85":{"start":{"line":275,"column":8},"end":{"line":275,"column":13095}},"86":{"start":{"line":276,"column":13},"end":{"line":276,"column":83}},"87":{"start":{"line":277,"column":8},"end":{"line":277,"column":23}},"88":{"start":{"line":280,"column":9},"end":{"line":280,"column":61}},"89":{"start":{"line":281,"column":8},"end":{"line":281,"column":13363}},"90":{"start":{"line":287,"column":8},"end":{"line":287,"column":70}},"91":{"start":{"line":288,"column":8},"end":{"line":288,"column":13800}},"92":{"start":{"line":291,"column":8},"end":{"line":291,"column":13906}},"93":{"start":{"line":295,"column":8},"end":{"line":295,"column":67}},"94":{"start":{"line":300,"column":8},"end":{"line":300,"column":74}},"95":{"start":{"line":301,"column":8},"end":{"line":301,"column":58}},"96":{"start":{"line":302,"column":8},"end":{"line":302,"column":74}},"97":{"start":{"line":303,"column":8},"end":{"line":303,"column":76}},"98":{"start":{"line":304,"column":8},"end":{"line":304,"column":76}},"99":{"start":{"line":305,"column":8},"end":{"line":305,"column":61}},"100":{"start":{"line":307,"column":8},"end":{"line":307,"column":49}},"101":{"start":{"line":308,"column":8},"end":{"line":308,"column":47}},"102":{"start":{"line":309,"column":8},"end":{"line":309,"column":34}},"103":{"start":{"line":311,"column":8},"end":{"line":311,"column":47}},"104":{"start":{"line":314,"column":8},"end":{"line":314,"column":60}},"105":{"start":{"line":315,"column":8},"end":{"line":315,"column":67}},"106":{"start":{"line":316,"column":8},"end":{"line":316,"column":83}},"107":{"start":{"line":317,"column":8},"end":{"line":317,"column":57}},"108":{"start":{"line":318,"column":8},"end":{"line":318,"column":40}},"109":{"start":{"line":319,"column":8},"end":{"line":319,"column":15418}},"110":{"start":{"line":320,"column":12},"end":{"line":320,"column":46}},"111":{"start":{"line":321,"column":12},"end":{"line":321,"column":15503}},"112":{"start":{"line":326,"column":16},"end":{"line":326,"column":74}},"113":{"start":{"line":327,"column":16},"end":{"line":327,"column":65}},"114":{"start":{"line":330,"column":8},"end":{"line":330,"column":51}},"115":{"start":{"line":331,"column":8},"end":{"line":331,"column":60}},"116":{"start":{"line":333,"column":8},"end":{"line":333,"column":53}},"117":{"start":{"line":337,"column":83},"end":{"line":337,"column":121}},"118":{"start":{"line":348,"column":8},"end":{"line":348,"column":67}},"119":{"start":{"line":349,"column":8},"end":{"line":349,"column":58}},"120":{"start":{"line":350,"column":8},"end":{"line":350,"column":37}},"121":{"start":{"line":351,"column":8},"end":{"line":351,"column":31}},"122":{"start":{"line":353,"column":8},"end":{"line":353,"column":52}},"123":{"start":{"line":362,"column":9},"end":{"line":362,"column":59}},"124":{"start":{"line":363,"column":9},"end":{"line":363,"column":35}},"125":{"start":{"line":374,"column":9},"end":{"line":374,"column":59}},"126":{"start":{"line":375,"column":9},"end":{"line":375,"column":54}},"127":{"start":{"line":376,"column":9},"end":{"line":376,"column":30}},"128":{"start":{"line":385,"column":8},"end":{"line":385,"column":69}},"129":{"start":{"line":386,"column":8},"end":{"line":386,"column":73}},"130":{"start":{"line":387,"column":8},"end":{"line":387,"column":63}},"131":{"start":{"line":388,"column":8},"end":{"line":388,"column":53}},"132":{"start":{"line":390,"column":8},"end":{"line":390,"column":65}},"133":{"start":{"line":397,"column":8},"end":{"line":397,"column":69}},"134":{"start":{"line":398,"column":8},"end":{"line":398,"column":73}},"135":{"start":{"line":399,"column":8},"end":{"line":399,"column":63}},"136":{"start":{"line":400,"column":8},"end":{"line":400,"column":69}},"137":{"start":{"line":401,"column":8},"end":{"line":401,"column":71}},"138":{"start":{"line":402,"column":8},"end":{"line":402,"column":98}},"139":{"start":{"line":404,"column":8},"end":{"line":404,"column":71}},"140":{"start":{"line":413,"column":8},"end":{"line":413,"column":52}},"141":{"start":{"line":418,"column":90},"end":{"line":418,"column":163}},"142":{"start":{"line":420,"column":92},"end":{"line":420,"column":157}},"143":{"start":{"line":420,"column":160},"end":{"line":420,"column":225}},"144":{"start":{"line":422,"column":98},"end":{"line":422,"column":154}},"145":{"start":{"line":422,"column":157},"end":{"line":422,"column":228}},"146":{"start":{"line":424,"column":98},"end":{"line":424,"column":167}},"147":{"start":{"line":426,"column":102},"end":{"line":426,"column":163}},"148":{"start":{"line":430,"column":54},"end":{"line":430,"column":61}},"149":{"start":{"line":432,"column":56},"end":{"line":432,"column":65}}},"branchMap":{"1":{"line":94,"type":"if","locations":[{"start":{"line":94,"column":8},"end":{"line":94,"column":8}},{"start":{"line":94,"column":8},"end":{"line":94,"column":8}}]},"2":{"line":140,"type":"if","locations":[{"start":{"line":140,"column":8},"end":{"line":140,"column":8}},{"start":{"line":140,"column":8},"end":{"line":140,"column":8}}]},"3":{"line":141,"type":"if","locations":[{"start":{"line":141,"column":8},"end":{"line":141,"column":8}},{"start":{"line":141,"column":8},"end":{"line":141,"column":8}}]},"4":{"line":143,"type":"if","locations":[{"start":{"line":143,"column":8},"end":{"line":143,"column":8}},{"start":{"line":143,"column":8},"end":{"line":143,"column":8}}]},"5":{"line":154,"type":"if","locations":[{"start":{"line":154,"column":8},"end":{"line":154,"column":8}},{"start":{"line":154,"column":8},"end":{"line":154,"column":8}}]},"6":{"line":156,"type":"if","locations":[{"start":{"line":156,"column":8},"end":{"line":156,"column":8}},{"start":{"line":156,"column":8},"end":{"line":156,"column":8}}]},"7":{"line":157,"type":"if","locations":[{"start":{"line":157,"column":8},"end":{"line":157,"column":8}},{"start":{"line":157,"column":8},"end":{"line":157,"column":8}}]},"8":{"line":166,"type":"if","locations":[{"start":{"line":166,"column":8},"end":{"line":166,"column":8}},{"start":{"line":166,"column":8},"end":{"line":166,"column":8}}]},"9":{"line":188,"type":"if","locations":[{"start":{"line":188,"column":8},"end":{"line":188,"column":8}},{"start":{"line":188,"column":8},"end":{"line":188,"column":8}}]},"10":{"line":198,"type":"if","locations":[{"start":{"line":198,"column":12},"end":{"line":198,"column":12}},{"start":{"line":198,"column":12},"end":{"line":198,"column":12}}]},"11":{"line":199,"type":"if","locations":[{"start":{"line":199,"column":12},"end":{"line":199,"column":12}},{"start":{"line":199,"column":12},"end":{"line":199,"column":12}}]},"12":{"line":200,"type":"if","locations":[{"start":{"line":200,"column":12},"end":{"line":200,"column":12}},{"start":{"line":200,"column":12},"end":{"line":200,"column":12}}]},"13":{"line":209,"type":"if","locations":[{"start":{"line":209,"column":13},"end":{"line":209,"column":13}},{"start":{"line":209,"column":13},"end":{"line":209,"column":13}}]},"14":{"line":210,"type":"if","locations":[{"start":{"line":210,"column":17},"end":{"line":210,"column":17}},{"start":{"line":210,"column":17},"end":{"line":210,"column":17}}]},"15":{"line":218,"type":"if","locations":[{"start":{"line":218,"column":12},"end":{"line":218,"column":12}},{"start":{"line":218,"column":12},"end":{"line":218,"column":12}}]},"16":{"line":225,"type":"if","locations":[{"start":{"line":225,"column":70},"end":{"line":225,"column":85}},{"start":{"line":225,"column":89},"end":{"line":225,"column":107}}]},"17":{"line":231,"type":"if","locations":[{"start":{"line":231,"column":8},"end":{"line":231,"column":8}},{"start":{"line":231,"column":8},"end":{"line":231,"column":8}}]},"18":{"line":232,"type":"if","locations":[{"start":{"line":232,"column":8},"end":{"line":232,"column":8}},{"start":{"line":232,"column":8},"end":{"line":232,"column":8}}]},"19":{"line":239,"type":"if","locations":[{"start":{"line":239,"column":8},"end":{"line":239,"column":8}},{"start":{"line":239,"column":8},"end":{"line":239,"column":8}}]},"20":{"line":240,"type":"if","locations":[{"start":{"line":240,"column":8},"end":{"line":240,"column":8}},{"start":{"line":240,"column":8},"end":{"line":240,"column":8}}]},"21":{"line":253,"type":"if","locations":[{"start":{"line":253,"column":8},"end":{"line":253,"column":8}},{"start":{"line":253,"column":8},"end":{"line":253,"column":8}}]},"22":{"line":264,"type":"if","locations":[{"start":{"line":264,"column":8},"end":{"line":264,"column":8}},{"start":{"line":264,"column":8},"end":{"line":264,"column":8}}]},"23":{"line":265,"type":"if","locations":[{"start":{"line":265,"column":54},"end":{"line":265,"column":55}},{"start":{"line":265,"column":59},"end":{"line":265,"column":70}}]},"24":{"line":269,"type":"if","locations":[{"start":{"line":269,"column":8},"end":{"line":269,"column":8}},{"start":{"line":269,"column":8},"end":{"line":269,"column":8}}]},"25":{"line":270,"type":"if","locations":[{"start":{"line":270,"column":13},"end":{"line":270,"column":13}},{"start":{"line":270,"column":13},"end":{"line":270,"column":13}}]},"26":{"line":272,"type":"if","locations":[{"start":{"line":272,"column":16},"end":{"line":272,"column":16}},{"start":{"line":272,"column":16},"end":{"line":272,"column":16}}]},"27":{"line":275,"type":"if","locations":[{"start":{"line":275,"column":8},"end":{"line":275,"column":8}},{"start":{"line":275,"column":8},"end":{"line":275,"column":8}}]},"28":{"line":276,"type":"if","locations":[{"start":{"line":276,"column":13},"end":{"line":276,"column":13}},{"start":{"line":276,"column":13},"end":{"line":276,"column":13}}]},"29":{"line":281,"type":"if","locations":[{"start":{"line":281,"column":8},"end":{"line":281,"column":8}},{"start":{"line":281,"column":8},"end":{"line":281,"column":8}}]},"30":{"line":288,"type":"if","locations":[{"start":{"line":288,"column":8},"end":{"line":288,"column":8}},{"start":{"line":288,"column":8},"end":{"line":288,"column":8}}]},"31":{"line":291,"type":"if","locations":[{"start":{"line":291,"column":8},"end":{"line":291,"column":8}},{"start":{"line":291,"column":8},"end":{"line":291,"column":8}}]},"32":{"line":299,"type":"if","locations":[{"start":{"line":299,"column":80},"end":{"line":299,"column":80}},{"start":{"line":299,"column":80},"end":{"line":299,"column":80}}]},"33":{"line":300,"type":"if","locations":[{"start":{"line":300,"column":8},"end":{"line":300,"column":8}},{"start":{"line":300,"column":8},"end":{"line":300,"column":8}}]},"34":{"line":302,"type":"if","locations":[{"start":{"line":302,"column":8},"end":{"line":302,"column":8}},{"start":{"line":302,"column":8},"end":{"line":302,"column":8}}]},"35":{"line":303,"type":"if","locations":[{"start":{"line":303,"column":8},"end":{"line":303,"column":8}},{"start":{"line":303,"column":8},"end":{"line":303,"column":8}}]},"36":{"line":304,"type":"if","locations":[{"start":{"line":304,"column":8},"end":{"line":304,"column":8}},{"start":{"line":304,"column":8},"end":{"line":304,"column":8}}]},"37":{"line":305,"type":"if","locations":[{"start":{"line":305,"column":8},"end":{"line":305,"column":8}},{"start":{"line":305,"column":8},"end":{"line":305,"column":8}}]},"38":{"line":313,"type":"if","locations":[{"start":{"line":313,"column":58},"end":{"line":313,"column":58}},{"start":{"line":313,"column":58},"end":{"line":313,"column":58}}]},"39":{"line":315,"type":"if","locations":[{"start":{"line":315,"column":8},"end":{"line":315,"column":8}},{"start":{"line":315,"column":8},"end":{"line":315,"column":8}}]},"40":{"line":316,"type":"if","locations":[{"start":{"line":316,"column":8},"end":{"line":316,"column":8}},{"start":{"line":316,"column":8},"end":{"line":316,"column":8}}]},"41":{"line":317,"type":"if","locations":[{"start":{"line":317,"column":8},"end":{"line":317,"column":8}},{"start":{"line":317,"column":8},"end":{"line":317,"column":8}}]},"42":{"line":319,"type":"if","locations":[{"start":{"line":319,"column":8},"end":{"line":319,"column":8}},{"start":{"line":319,"column":8},"end":{"line":319,"column":8}}]},"43":{"line":321,"type":"if","locations":[{"start":{"line":321,"column":12},"end":{"line":321,"column":12}},{"start":{"line":321,"column":12},"end":{"line":321,"column":12}}]},"44":{"line":347,"type":"if","locations":[{"start":{"line":347,"column":62},"end":{"line":347,"column":62}},{"start":{"line":347,"column":62},"end":{"line":347,"column":62}}]},"45":{"line":347,"type":"if","locations":[{"start":{"line":347,"column":76},"end":{"line":347,"column":76}},{"start":{"line":347,"column":76},"end":{"line":347,"column":76}}]},"46":{"line":348,"type":"if","locations":[{"start":{"line":348,"column":8},"end":{"line":348,"column":8}},{"start":{"line":348,"column":8},"end":{"line":348,"column":8}}]},"47":{"line":349,"type":"if","locations":[{"start":{"line":349,"column":8},"end":{"line":349,"column":8}},{"start":{"line":349,"column":8},"end":{"line":349,"column":8}}]},"48":{"line":361,"type":"if","locations":[{"start":{"line":361,"column":44},"end":{"line":361,"column":44}},{"start":{"line":361,"column":44},"end":{"line":361,"column":44}}]},"49":{"line":362,"type":"if","locations":[{"start":{"line":362,"column":9},"end":{"line":362,"column":9}},{"start":{"line":362,"column":9},"end":{"line":362,"column":9}}]},"50":{"line":373,"type":"if","locations":[{"start":{"line":373,"column":65},"end":{"line":373,"column":65}},{"start":{"line":373,"column":65},"end":{"line":373,"column":65}}]},"51":{"line":374,"type":"if","locations":[{"start":{"line":374,"column":9},"end":{"line":374,"column":9}},{"start":{"line":374,"column":9},"end":{"line":374,"column":9}}]},"52":{"line":384,"type":"if","locations":[{"start":{"line":384,"column":97},"end":{"line":384,"column":97}},{"start":{"line":384,"column":97},"end":{"line":384,"column":97}}]},"53":{"line":385,"type":"if","locations":[{"start":{"line":385,"column":8},"end":{"line":385,"column":8}},{"start":{"line":385,"column":8},"end":{"line":385,"column":8}}]},"54":{"line":386,"type":"if","locations":[{"start":{"line":386,"column":8},"end":{"line":386,"column":8}},{"start":{"line":386,"column":8},"end":{"line":386,"column":8}}]},"55":{"line":387,"type":"if","locations":[{"start":{"line":387,"column":8},"end":{"line":387,"column":8}},{"start":{"line":387,"column":8},"end":{"line":387,"column":8}}]},"56":{"line":388,"type":"if","locations":[{"start":{"line":388,"column":8},"end":{"line":388,"column":8}},{"start":{"line":388,"column":8},"end":{"line":388,"column":8}}]},"57":{"line":396,"type":"if","locations":[{"start":{"line":396,"column":103},"end":{"line":396,"column":103}},{"start":{"line":396,"column":103},"end":{"line":396,"column":103}}]},"58":{"line":397,"type":"if","locations":[{"start":{"line":397,"column":8},"end":{"line":397,"column":8}},{"start":{"line":397,"column":8},"end":{"line":397,"column":8}}]},"59":{"line":398,"type":"if","locations":[{"start":{"line":398,"column":8},"end":{"line":398,"column":8}},{"start":{"line":398,"column":8},"end":{"line":398,"column":8}}]},"60":{"line":399,"type":"if","locations":[{"start":{"line":399,"column":8},"end":{"line":399,"column":8}},{"start":{"line":399,"column":8},"end":{"line":399,"column":8}}]},"61":{"line":400,"type":"if","locations":[{"start":{"line":400,"column":8},"end":{"line":400,"column":8}},{"start":{"line":400,"column":8},"end":{"line":400,"column":8}}]},"62":{"line":402,"type":"if","locations":[{"start":{"line":402,"column":8},"end":{"line":402,"column":8}},{"start":{"line":402,"column":8},"end":{"line":402,"column":8}}]},"63":{"line":412,"type":"if","locations":[{"start":{"line":412,"column":62},"end":{"line":412,"column":62}},{"start":{"line":412,"column":62},"end":{"line":412,"column":62}}]},"64":{"line":418,"type":"if","locations":[{"start":{"line":418,"column":67},"end":{"line":418,"column":67}},{"start":{"line":418,"column":67},"end":{"line":418,"column":67}}]},"65":{"line":418,"type":"if","locations":[{"start":{"line":418,"column":90},"end":{"line":418,"column":90}},{"start":{"line":418,"column":90},"end":{"line":418,"column":90}}]},"66":{"line":420,"type":"if","locations":[{"start":{"line":420,"column":69},"end":{"line":420,"column":69}},{"start":{"line":420,"column":69},"end":{"line":420,"column":69}}]},"67":{"line":420,"type":"if","locations":[{"start":{"line":420,"column":92},"end":{"line":420,"column":92}},{"start":{"line":420,"column":92},"end":{"line":420,"column":92}}]},"68":{"line":420,"type":"if","locations":[{"start":{"line":420,"column":160},"end":{"line":420,"column":160}},{"start":{"line":420,"column":160},"end":{"line":420,"column":160}}]},"69":{"line":422,"type":"if","locations":[{"start":{"line":422,"column":75},"end":{"line":422,"column":75}},{"start":{"line":422,"column":75},"end":{"line":422,"column":75}}]},"70":{"line":422,"type":"if","locations":[{"start":{"line":422,"column":98},"end":{"line":422,"column":98}},{"start":{"line":422,"column":98},"end":{"line":422,"column":98}}]},"71":{"line":422,"type":"if","locations":[{"start":{"line":422,"column":157},"end":{"line":422,"column":157}},{"start":{"line":422,"column":157},"end":{"line":422,"column":157}}]},"72":{"line":424,"type":"if","locations":[{"start":{"line":424,"column":75},"end":{"line":424,"column":75}},{"start":{"line":424,"column":75},"end":{"line":424,"column":75}}]},"73":{"line":424,"type":"if","locations":[{"start":{"line":424,"column":98},"end":{"line":424,"column":98}},{"start":{"line":424,"column":98},"end":{"line":424,"column":98}}]},"74":{"line":426,"type":"if","locations":[{"start":{"line":426,"column":79},"end":{"line":426,"column":79}},{"start":{"line":426,"column":79},"end":{"line":426,"column":79}}]},"75":{"line":426,"type":"if","locations":[{"start":{"line":426,"column":102},"end":{"line":426,"column":102}},{"start":{"line":426,"column":102},"end":{"line":426,"column":102}}]},"76":{"line":430,"type":"if","locations":[{"start":{"line":430,"column":30},"end":{"line":430,"column":30}},{"start":{"line":430,"column":30},"end":{"line":430,"column":30}}]},"77":{"line":432,"type":"if","locations":[{"start":{"line":432,"column":32},"end":{"line":432,"column":32}},{"start":{"line":432,"column":32},"end":{"line":432,"column":32}}]}}}}