{
"contracts\\CustodianRegistry.sol":{"l":{"47":1,"56":1,"57":1,"59":1,"60":1,"78":7,"79":7,"80":7,"84":1,"85":1,"86":1,"96":5,"97":5,"99":5,"100":5,"106":5,"114":2,"115":2,"116":2,"118":2,"119":1,"121":1,"122":1,"124":1,"128":2,"129":2,"130":2,"132":2,"134":2,"135":2,"141":2,"145":2,"146":2,"150":3,"151":3,"157":2,"161":1,"175":0},"path":"C:\\Users\\jesse\\OneDrive\\T3 Project\\T3-Base\\T3-Contract_v3_AVAX\\contracts\\CustodianRegistry.sol","s":{"1":1,"2":1,"3":1,"4":1,"5":1,"6":7,"7":7,"8":7,"9":1,"10":1,"11":1,"12":5,"13":5,"14":5,"15":5,"16":2,"17":2,"18":2,"19":2,"20":1,"21":1,"22":2,"23":2,"24":2,"25":2,"26":2,"27":2,"28":2,"29":2,"30":3,"31":3,"32":2,"33":1,"34":0},"b":{"1":[1,0],"2":[1,0],"3":[7,0],"4":[7,0],"5":[1,0],"6":[1,0],"7":[5,1],"8":[5,0],"9":[5,0],"10":[2,3],"11":[2,0],"12":[2,0],"13":[1,1],"14":[1,0],"15":[0,1],"16":[2,0],"17":[2,0],"18":[2,0],"19":[1,1]},"f":{"1":1,"2":1,"3":1,"4":7,"5":1,"6":5,"7":2,"8":2,"9":2,"10":2,"11":3,"12":2,"13":1,"14":0},"fnMap":{"1":{"name":"constructor","line":46,"loc":{"start":{"line":46,"column":4},"end":{"line":48,"column":4}}},"2":{"name":"initialize","line":55,"loc":{"start":{"line":55,"column":4},"end":{"line":61,"column":4}}},"3":{"name":"_authorizeUpgrade","line":70,"loc":{"start":{"line":67,"column":4},"end":{"line":73,"column":4}}},"4":{"name":"grantCustodianRole","line":77,"loc":{"start":{"line":77,"column":4},"end":{"line":81,"column":4}}},"5":{"name":"revokeCustodianRole","line":83,"loc":{"start":{"line":83,"column":4},"end":{"line":87,"column":4}}},"6":{"name":"registerCustodiedWallet","line":95,"loc":{"start":{"line":91,"column":4},"end":{"line":107,"column":4}}},"7":{"name":"updateKYCStatus","line":113,"loc":{"start":{"line":109,"column":4},"end":{"line":125,"column":4}}},"8":{"name":"unregisterCustodiedWallet","line":127,"loc":{"start":{"line":127,"column":4},"end":{"line":136,"column":4}}},"9":{"name":"getCustodian","line":140,"loc":{"start":{"line":140,"column":4},"end":{"line":142,"column":4}}},"10":{"name":"getKYCTimestamps","line":144,"loc":{"start":{"line":144,"column":4},"end":{"line":147,"column":4}}},"11":{"name":"isKYCValid","line":149,"loc":{"start":{"line":149,"column":4},"end":{"line":152,"column":4}}},"12":{"name":"custodianCount","line":156,"loc":{"start":{"line":156,"column":4},"end":{"line":158,"column":4}}},"13":{"name":"custodianAtIndex","line":160,"loc":{"start":{"line":160,"column":4},"end":{"line":162,"column":4}}},"14":{"name":"supportsInterface","line":168,"loc":{"start":{"line":168,"column":4},"end":{"line":176,"column":4}}}},"statementMap":{"1":{"start":{"line":47,"column":8},"end":{"line":47,"column":29}},"2":{"start":{"line":56,"column":8},"end":{"line":56,"column":29}},"3":{"start":{"line":57,"column":8},"end":{"line":57,"column":31}},"4":{"start":{"line":59,"column":8},"end":{"line":59,"column":51}},"5":{"start":{"line":60,"column":8},"end":{"line":60,"column":43}},"6":{"start":{"line":78,"column":8},"end":{"line":78,"column":75}},"7":{"start":{"line":79,"column":8},"end":{"line":79,"column":44}},"8":{"start":{"line":80,"column":8},"end":{"line":80,"column":33}},"9":{"start":{"line":84,"column":8},"end":{"line":84,"column":75}},"10":{"start":{"line":85,"column":8},"end":{"line":85,"column":45}},"11":{"start":{"line":86,"column":8},"end":{"line":86,"column":36}},"12":{"start":{"line":96,"column":8},"end":{"line":96,"column":72}},"13":{"start":{"line":97,"column":8},"end":{"line":97,"column":120}},"14":{"start":{"line":99,"column":8},"end":{"line":99,"column":40}},"15":{"start":{"line":106,"column":8},"end":{"line":106,"column":97}},"16":{"start":{"line":114,"column":8},"end":{"line":114,"column":72}},"17":{"start":{"line":115,"column":8},"end":{"line":115,"column":40}},"18":{"start":{"line":116,"column":8},"end":{"line":116,"column":60}},"19":{"start":{"line":118,"column":8},"end":{"line":118,"column":85}},"20":{"start":{"line":119,"column":8},"end":{"line":119,"column":120}},"21":{"start":{"line":124,"column":8},"end":{"line":124,"column":97}},"22":{"start":{"line":128,"column":8},"end":{"line":128,"column":72}},"23":{"start":{"line":129,"column":8},"end":{"line":129,"column":40}},"24":{"start":{"line":130,"column":8},"end":{"line":130,"column":60}},"25":{"start":{"line":132,"column":8},"end":{"line":132,"column":85}},"26":{"start":{"line":135,"column":8},"end":{"line":135,"column":55}},"27":{"start":{"line":141,"column":8},"end":{"line":141,"column":50}},"28":{"start":{"line":145,"column":8},"end":{"line":145,"column":60}},"29":{"start":{"line":146,"column":8},"end":{"line":146,"column":69}},"30":{"start":{"line":150,"column":8},"end":{"line":150,"column":60}},"31":{"start":{"line":151,"column":8},"end":{"line":151,"column":129}},"32":{"start":{"line":157,"column":8},"end":{"line":157,"column":35}},"33":{"start":{"line":161,"column":8},"end":{"line":161,"column":36}},"34":{"start":{"line":175,"column":8},"end":{"line":175,"column":51}}},"branchMap":{"1":{"line":55,"type":"if","locations":[{"start":{"line":55,"column":53},"end":{"line":55,"column":53}},{"start":{"line":55,"column":53},"end":{"line":55,"column":53}}]},"2":{"line":70,"type":"if","locations":[{"start":{"line":70,"column":8},"end":{"line":70,"column":8}},{"start":{"line":70,"column":8},"end":{"line":70,"column":8}}]},"3":{"line":77,"type":"if","locations":[{"start":{"line":77,"column":60},"end":{"line":77,"column":60}},{"start":{"line":77,"column":60},"end":{"line":77,"column":60}}]},"4":{"line":78,"type":"if","locations":[{"start":{"line":78,"column":8},"end":{"line":78,"column":8}},{"start":{"line":78,"column":8},"end":{"line":78,"column":8}}]},"5":{"line":83,"type":"if","locations":[{"start":{"line":83,"column":61},"end":{"line":83,"column":61}},{"start":{"line":83,"column":61},"end":{"line":83,"column":61}}]},"6":{"line":84,"type":"if","locations":[{"start":{"line":84,"column":8},"end":{"line":84,"column":8}},{"start":{"line":84,"column":8},"end":{"line":84,"column":8}}]},"7":{"line":95,"type":"if","locations":[{"start":{"line":95,"column":15},"end":{"line":95,"column":15}},{"start":{"line":95,"column":15},"end":{"line":95,"column":15}}]},"8":{"line":96,"type":"if","locations":[{"start":{"line":96,"column":8},"end":{"line":96,"column":8}},{"start":{"line":96,"column":8},"end":{"line":96,"column":8}}]},"9":{"line":97,"type":"if","locations":[{"start":{"line":97,"column":8},"end":{"line":97,"column":8}},{"start":{"line":97,"column":8},"end":{"line":97,"column":8}}]},"10":{"line":97,"type":"cond-expr","locations":[{"start":{"line":97,"column":16},"end":{"line":97,"column":39}},{"start":{"line":97,"column":44},"end":{"line":97,"column":87}}]},"11":{"line":113,"type":"if","locations":[{"start":{"line":113,"column":15},"end":{"line":113,"column":15}},{"start":{"line":113,"column":15},"end":{"line":113,"column":15}}]},"12":{"line":114,"type":"if","locations":[{"start":{"line":114,"column":8},"end":{"line":114,"column":8}},{"start":{"line":114,"column":8},"end":{"line":114,"column":8}}]},"13":{"line":118,"type":"if","locations":[{"start":{"line":118,"column":8},"end":{"line":118,"column":8}},{"start":{"line":118,"column":8},"end":{"line":118,"column":8}}]},"14":{"line":119,"type":"if","locations":[{"start":{"line":119,"column":8},"end":{"line":119,"column":8}},{"start":{"line":119,"column":8},"end":{"line":119,"column":8}}]},"15":{"line":119,"type":"cond-expr","locations":[{"start":{"line":119,"column":16},"end":{"line":119,"column":39}},{"start":{"line":119,"column":44},"end":{"line":119,"column":87}}]},"16":{"line":127,"type":"if","locations":[{"start":{"line":127,"column":69},"end":{"line":127,"column":69}},{"start":{"line":127,"column":69},"end":{"line":127,"column":69}}]},"17":{"line":128,"type":"if","locations":[{"start":{"line":128,"column":8},"end":{"line":128,"column":8}},{"start":{"line":128,"column":8},"end":{"line":128,"column":8}}]},"18":{"line":132,"type":"if","locations":[{"start":{"line":132,"column":8},"end":{"line":132,"column":8}},{"start":{"line":132,"column":8},"end":{"line":132,"column":8}}]},"19":{"line":151,"type":"cond-expr","locations":[{"start":{"line":151,"column":51},"end":{"line":151,"column":79}},{"start":{"line":151,"column":84},"end":{"line":151,"column":126}}]}}},
"contracts\\T3Token.sol":{"l":{"123":1,"137":1,"138":1,"139":1,"140":1,"141":1,"143":1,"144":1,"146":1,"147":1,"148":1,"150":1,"151":1,"154":1,"155":1,"156":1,"157":1,"158":1,"159":1,"160":1,"161":1,"163":1,"164":1,"179":5,"180":5,"182":5,"183":5,"185":5,"189":2,"190":2,"191":2,"193":1,"194":1,"196":1,"202":44,"203":44,"204":44,"205":44,"206":39,"210":0,"215":0,"216":0,"217":0,"218":0,"219":0,"230":41,"231":41,"233":41,"234":41,"235":41,"237":41,"238":41,"239":0,"240":0,"243":41,"256":41,"259":41,"260":3,"261":3,"262":3,"263":3,"264":3,"268":41,"269":39,"270":39,"271":39,"272":39,"276":41,"277":41,"278":41,"279":2,"282":39,"283":28,"286":39,"287":39,"289":39,"301":39,"302":39,"304":39,"313":39,"318":44,"319":43,"321":42,"323":1,"326":41,"328":41,"334":39,"335":39,"338":39,"340":39,"352":39,"353":0,"355":39,"356":39,"358":39,"359":39,"360":39,"362":39,"363":39,"364":39,"369":107,"370":107,"371":107,"372":107,"374":107,"375":107,"376":107,"377":107,"378":107,"379":107,"380":107,"381":107,"382":107,"383":107,"384":107,"386":107,"387":374,"388":374,"389":374,"390":374,"391":374,"392":320,"393":267,"394":267,"396":0,"397":0,"398":0,"402":53,"406":374,"407":320,"409":374,"411":107,"415":73,"416":73,"417":73,"418":73,"420":73,"421":62,"422":62,"423":62,"424":0,"426":62,"428":62,"429":0,"430":0,"432":62,"434":73,"435":0,"437":73,"446":107,"447":107,"448":107,"449":107,"450":107,"451":107,"452":34,"454":73,"455":73,"456":73,"457":73,"458":73,"462":214,"463":214,"464":214,"465":214,"466":119,"468":214,"469":0,"471":214,"472":214,"473":214,"474":214,"475":214,"476":214,"477":214,"481":39,"482":39,"483":12,"485":27,"486":10,"487":10,"488":10,"489":10,"490":10,"492":17,"493":17,"494":17,"495":17,"496":17,"501":39,"502":39,"503":39,"504":39,"505":39,"507":39,"508":39,"509":27,"510":27,"511":0,"512":0,"513":0,"515":0,"519":39,"521":39,"525":39,"526":39,"527":0,"528":0,"530":39,"531":39,"532":39,"536":2,"537":2,"538":2,"539":2,"547":50,"548":49,"554":1,"555":1,"557":1,"558":1,"559":1,"560":1,"562":1,"564":1,"565":1,"566":1,"568":1,"569":1,"573":1,"574":1,"575":1,"576":1,"578":1,"579":1,"580":1,"581":1,"582":1,"583":1,"584":1,"585":1,"586":1,"588":1,"589":1,"590":1,"594":1,"595":1,"600":20,"603":20,"611":66,"612":66,"614":66,"616":66,"617":66,"619":66,"620":66,"621":66,"622":56,"623":56,"625":10,"628":66,"629":66,"630":36,"631":0,"632":0,"633":0,"634":0,"636":0,"639":36,"642":30,"645":66,"647":66,"648":66,"649":66,"651":66,"652":40,"653":40,"655":10,"656":10,"658":16,"659":16,"661":66,"663":66,"665":66,"670":48,"671":48,"672":48,"673":48,"674":48,"675":48,"676":48,"680":1,"681":1,"685":1,"686":1,"687":1,"688":1,"693":0,"694":0,"695":0,"696":0,"697":0,"698":0,"701":0,"702":0,"703":0,"704":0,"705":0,"706":0,"707":0,"708":0,"713":0,"714":0,"717":1,"718":1,"721":1,"722":1,"723":1,"726":0,"727":0,"728":0,"729":0,"730":0,"734":0,"735":0,"736":0,"737":0,"738":0,"742":0,"743":0,"747":1,"750":1,"760":0},"path":"C:\\Users\\jesse\\OneDrive\\T3 Project\\T3-Base\\T3-Contract_v3_AVAX\\contracts\\T3Token.sol","s":{"1":1,"2":1,"3":1,"4":1,"5":1,"6":1,"7":1,"8":1,"9":1,"10":1,"11":1,"12":1,"13":1,"14":1,"15":1,"16":1,"17":1,"18":5,"19":5,"20":5,"21":5,"22":2,"23":2,"24":2,"25":1,"26":1,"27":44,"28":44,"29":44,"30":44,"31":39,"32":0,"33":0,"34":0,"35":0,"36":0,"37":0,"38":41,"39":41,"40":41,"41":41,"42":41,"43":41,"44":41,"45":0,"46":41,"47":41,"48":41,"49":3,"50":3,"51":3,"52":41,"53":39,"54":39,"55":27,"56":41,"57":41,"58":41,"59":39,"60":28,"61":39,"62":39,"63":39,"64":39,"65":39,"66":44,"67":43,"68":42,"69":1,"70":41,"71":41,"72":39,"73":39,"74":39,"75":39,"76":39,"77":0,"78":39,"79":39,"80":39,"81":39,"82":107,"83":0,"84":107,"85":107,"86":107,"87":107,"88":374,"89":374,"90":374,"91":374,"92":374,"93":320,"94":267,"95":0,"96":374,"97":374,"98":107,"99":73,"100":0,"101":73,"102":73,"103":73,"104":73,"105":62,"106":62,"107":62,"108":62,"109":73,"110":73,"111":107,"112":0,"113":107,"114":107,"115":107,"116":107,"117":107,"118":34,"119":73,"120":73,"121":73,"122":73,"123":214,"124":214,"125":214,"126":214,"127":214,"128":214,"129":214,"130":214,"131":214,"132":214,"133":39,"134":39,"135":12,"136":27,"137":10,"138":17,"139":39,"140":39,"141":39,"142":39,"143":39,"144":39,"145":27,"146":27,"147":0,"148":0,"149":39,"150":39,"151":39,"152":39,"153":39,"154":2,"155":2,"156":50,"157":1,"158":1,"159":1,"160":1,"161":1,"162":1,"163":1,"164":1,"165":1,"166":1,"167":1,"168":1,"169":1,"170":1,"171":1,"172":1,"173":1,"174":1,"175":1,"176":1,"177":1,"178":1,"179":1,"180":1,"181":20,"182":20,"183":66,"184":66,"185":66,"186":66,"187":66,"188":66,"189":36,"190":0,"191":66,"192":66,"193":66,"194":26,"195":66,"196":48,"197":48,"198":48,"199":48,"200":48,"201":48,"202":1,"203":1,"204":1,"205":1,"206":1,"207":1,"208":0,"209":0,"210":0,"211":0,"212":0,"213":0,"214":0,"215":0,"216":0,"217":0,"218":0,"219":0,"220":0,"221":1,"222":1,"223":1,"224":0,"225":0,"226":0,"227":0,"228":0,"229":0,"230":0,"231":1,"232":1,"233":0},"b":{"1":[1,0],"2":[1,0],"3":[1,0],"4":[1,0],"5":[1,0],"6":[1,0],"7":[1,0],"8":[1,0],"9":[1,1],"10":[5,0],"11":[5,0],"12":[5,0],"13":[2,0],"14":[2,0],"15":[2,0],"16":[1,1],"17":[44,1],"18":[0,0],"19":[20,21],"20":[0,41],"21":[0,0],"22":[3,38],"23":[1,2],"24":[3,0],"25":[39,2],"26":[27,12],"27":[2,39],"28":[28,11],"29":[39,0],"30":[43,1],"31":[42,1],"32":[1,41],"33":[39,0],"34":[0,39],"35":[39,0],"36":[39,0],"37":[0,107],"38":[107,267],"39":[320,54],"40":[267,53],"41":[267,0],"42":[0,0],"43":[320,54],"44":[107,267],"45":[0,73],"46":[0,62],"47":[0,62],"48":[0,62],"49":[0,73],"50":[0,107],"51":[20,87],"52":[73,34],"53":[34,73],"54":[119,95],"55":[0,214],"56":[0,214],"57":[0,214],"58":[12,27],"59":[12,0],"60":[10,17],"61":[39,0],"62":[0,39],"63":[27,12],"64":[0,27],"65":[0,0],"66":[0,39],"67":[0,39],"68":[0,39],"69":[49,1],"70":[1,0],"71":[1,0],"72":[1,0],"73":[1,0],"74":[1,0],"75":[1,0],"76":[1,0],"77":[1,0],"78":[1,0],"79":[1,0],"80":[1,0],"81":[1,0],"82":[1,0],"83":[66,0],"84":[66,0],"85":[56,10],"86":[36,30],"87":[0,36],"88":[0,0],"89":[40,26],"90":[40,0],"91":[10,16],"92":[48,0],"93":[48,0],"94":[48,0],"95":[48,0],"96":[1,0],"97":[1,0],"98":[1,0],"99":[1,0],"100":[0,0],"101":[0,0],"102":[0,0],"103":[0,0],"104":[0,0],"105":[0,0],"106":[0,0],"107":[0,0],"108":[0,0],"109":[0,0],"110":[0,0],"111":[0,0],"112":[1,0],"113":[1,0],"114":[1,0],"115":[1,0],"116":[1,0],"117":[0,0],"118":[0,0],"119":[0,0],"120":[0,0],"121":[0,0],"122":[0,0],"123":[0,0],"124":[0,0],"125":[0,0],"126":[0,0],"127":[1,0],"128":[1,0]},"f":{"1":1,"2":1,"3":1,"4":5,"5":2,"6":44,"7":0,"8":41,"9":41,"10":39,"11":44,"12":39,"13":107,"14":73,"15":107,"16":214,"17":39,"18":39,"19":39,"20":2,"21":302,"22":50,"23":1,"24":1,"25":20,"26":20,"27":66,"28":48,"29":1,"30":1,"31":0,"32":0,"33":0,"34":1,"35":1,"36":0,"37":0,"38":0,"39":1,"40":1,"41":0},"fnMap":{"1":{"name":"constructor","line":122,"loc":{"start":{"line":122,"column":4},"end":{"line":124,"column":4}}},"2":{"name":"initialize","line":136,"loc":{"start":{"line":126,"column":4},"end":{"line":166,"column":4}}},"3":{"name":"_authorizeUpgrade","line":171,"loc":{"start":{"line":168,"column":4},"end":{"line":174,"column":4}}},"4":{"name":"prefundFees","line":178,"loc":{"start":{"line":178,"column":4},"end":{"line":186,"column":4}}},"5":{"name":"withdrawPrefundedFees","line":188,"loc":{"start":{"line":188,"column":4},"end":{"line":197,"column":4}}},"6":{"name":"transfer","line":201,"loc":{"start":{"line":201,"column":4},"end":{"line":207,"column":4}}},"7":{"name":"transferFrom","line":209,"loc":{"start":{"line":209,"column":4},"end":{"line":220,"column":4}}},"8":{"name":"_calculateTotalFeeAssessed","line":225,"loc":{"start":{"line":225,"column":4},"end":{"line":244,"column":4}}},"9":{"name":"_handleFeePaymentAndTransfers","line":250,"loc":{"start":{"line":250,"column":4},"end":{"line":290,"column":4}}},"10":{"name":"_updatePostTransferMetadata","line":295,"loc":{"start":{"line":295,"column":4},"end":{"line":314,"column":4}}},"11":{"name":"_transferWithT3Logic","line":317,"loc":{"start":{"line":317,"column":4},"end":{"line":349,"column":4}}},"12":{"name":"processFee","line":351,"loc":{"start":{"line":351,"column":4},"end":{"line":366,"column":4}}},"13":{"name":"calculateBaseFeeAmount","line":368,"loc":{"start":{"line":368,"column":4},"end":{"line":412,"column":4}}},"14":{"name":"calculateAmountRiskScaler","line":414,"loc":{"start":{"line":414,"column":3},"end":{"line":438,"column":3}}},"15":{"name":"applyRiskAdjustments","line":440,"loc":{"start":{"line":440,"column":4},"end":{"line":459,"column":4}}},"16":{"name":"calculateRiskFactor","line":461,"loc":{"start":{"line":461,"column":4},"end":{"line":478,"column":4}}},"17":{"name":"applyCredits","line":480,"loc":{"start":{"line":480,"column":5},"end":{"line":498,"column":5}}},"18":{"name":"calculateAdaptiveHalfLife","line":500,"loc":{"start":{"line":500,"column":4},"end":{"line":522,"column":4}}},"19":{"name":"updateRollingAverage","line":524,"loc":{"start":{"line":524,"column":4},"end":{"line":533,"column":4}}},"20":{"name":"updateWalletRiskProfileOnReversal","line":535,"loc":{"start":{"line":535,"column":4},"end":{"line":540,"column":4}}},"21":{"name":"_ensureProfileExists","line":542,"loc":{"start":{"line":542,"column":4},"end":{"line":544,"column":4}}},"22":{"name":"_ensureProfileExistsForWrite","line":546,"loc":{"start":{"line":546,"column":4},"end":{"line":550,"column":4}}},"23":{"name":"reverseTransfer","line":553,"loc":{"start":{"line":553,"column":5},"end":{"line":570,"column":5}}},"24":{"name":"checkHalfLifeExpiry","line":572,"loc":{"start":{"line":572,"column":5},"end":{"line":596,"column":6}}},"25":{"name":"getAvailableCredits","line":599,"loc":{"start":{"line":599,"column":4},"end":{"line":601,"column":5}}},"26":{"name":"getPrefundedFeeBalance","line":602,"loc":{"start":{"line":602,"column":4},"end":{"line":604,"column":4}}},"27":{"name":"estimateTransferFeeDetails","line":606,"loc":{"start":{"line":606,"column":4},"end":{"line":666,"column":4}}},"28":{"name":"mint","line":669,"loc":{"start":{"line":669,"column":5},"end":{"line":677,"column":6}}},"29":{"name":"burn","line":679,"loc":{"start":{"line":679,"column":6},"end":{"line":682,"column":7}}},"30":{"name":"burnFrom","line":684,"loc":{"start":{"line":684,"column":7},"end":{"line":689,"column":7}}},"31":{"name":"recordInterbankLiability","line":692,"loc":{"start":{"line":692,"column":5},"end":{"line":699,"column":6}}},"32":{"name":"clearInterbankLiability","line":700,"loc":{"start":{"line":700,"column":6},"end":{"line":709,"column":6}}},"33":{"name":"flagAbnormalTransaction","line":712,"loc":{"start":{"line":712,"column":5},"end":{"line":715,"column":6}}},"34":{"name":"setTreasuryAddress","line":716,"loc":{"start":{"line":716,"column":6},"end":{"line":719,"column":7}}},"35":{"name":"setHalfLifeDuration","line":720,"loc":{"start":{"line":720,"column":7},"end":{"line":724,"column":7}}},"36":{"name":"setMinHalfLifeDuration","line":725,"loc":{"start":{"line":725,"column":7},"end":{"line":732,"column":7}}},"37":{"name":"setMaxHalfLifeDuration","line":733,"loc":{"start":{"line":733,"column":7},"end":{"line":740,"column":7}}},"38":{"name":"setInactivityResetPeriod","line":741,"loc":{"start":{"line":741,"column":7},"end":{"line":744,"column":7}}},"39":{"name":"pause","line":746,"loc":{"start":{"line":746,"column":4},"end":{"line":748,"column":4}}},"40":{"name":"unpause","line":749,"loc":{"start":{"line":749,"column":4},"end":{"line":751,"column":4}}},"41":{"name":"supportsInterface","line":753,"loc":{"start":{"line":753,"column":4},"end":{"line":761,"column":4}}}},"statementMap":{"1":{"start":{"line":123,"column":8},"end":{"line":123,"column":29}},"2":{"start":{"line":137,"column":8},"end":{"line":137,"column":33}},"3":{"start":{"line":138,"column":8},"end":{"line":138,"column":29}},"4":{"start":{"line":139,"column":8},"end":{"line":139,"column":29}},"5":{"start":{"line":140,"column":8},"end":{"line":140,"column":31}},"6":{"start":{"line":141,"column":8},"end":{"line":141,"column":31}},"7":{"start":{"line":143,"column":8},"end":{"line":143,"column":81}},"8":{"start":{"line":146,"column":8},"end":{"line":146,"column":51}},"9":{"start":{"line":147,"column":8},"end":{"line":147,"column":43}},"10":{"start":{"line":148,"column":8},"end":{"line":148,"column":44}},"11":{"start":{"line":150,"column":8},"end":{"line":150,"column":6062}},"12":{"start":{"line":151,"column":12},"end":{"line":151,"column":55}},"13":{"start":{"line":158,"column":8},"end":{"line":158,"column":72}},"14":{"start":{"line":159,"column":8},"end":{"line":159,"column":86}},"15":{"start":{"line":160,"column":8},"end":{"line":160,"column":132}},"16":{"start":{"line":161,"column":8},"end":{"line":161,"column":79}},"17":{"start":{"line":163,"column":8},"end":{"line":163,"column":6797}},"18":{"start":{"line":179,"column":8},"end":{"line":179,"column":61}},"19":{"start":{"line":180,"column":8},"end":{"line":180,"column":37}},"20":{"start":{"line":182,"column":8},"end":{"line":182,"column":55}},"21":{"start":{"line":185,"column":8},"end":{"line":185,"column":41}},"22":{"start":{"line":189,"column":8},"end":{"line":189,"column":62}},"23":{"start":{"line":190,"column":8},"end":{"line":190,"column":37}},"24":{"start":{"line":191,"column":8},"end":{"line":191,"column":89}},"25":{"start":{"line":194,"column":8},"end":{"line":194,"column":55}},"26":{"start":{"line":196,"column":8},"end":{"line":196,"column":50}},"27":{"start":{"line":202,"column":8},"end":{"line":202,"column":37}},"28":{"start":{"line":203,"column":8},"end":{"line":203,"column":35}},"29":{"start":{"line":204,"column":8},"end":{"line":204,"column":38}},"30":{"start":{"line":205,"column":8},"end":{"line":205,"column":74}},"31":{"start":{"line":206,"column":8},"end":{"line":206,"column":19}},"32":{"start":{"line":210,"column":8},"end":{"line":210,"column":38}},"33":{"start":{"line":215,"column":8},"end":{"line":215,"column":65}},"34":{"start":{"line":216,"column":8},"end":{"line":216,"column":33}},"35":{"start":{"line":217,"column":8},"end":{"line":217,"column":31}},"36":{"start":{"line":218,"column":8},"end":{"line":218,"column":65}},"37":{"start":{"line":219,"column":8},"end":{"line":219,"column":19}},"38":{"start":{"line":230,"column":8},"end":{"line":230,"column":76}},"39":{"start":{"line":231,"column":8},"end":{"line":231,"column":107}},"40":{"start":{"line":233,"column":8},"end":{"line":233,"column":39}},"41":{"start":{"line":234,"column":8},"end":{"line":234,"column":95}},"42":{"start":{"line":235,"column":8},"end":{"line":235,"column":62}},"43":{"start":{"line":237,"column":8},"end":{"line":237,"column":41}},"44":{"start":{"line":238,"column":8},"end":{"line":238,"column":10019}},"45":{"start":{"line":239,"column":13},"end":{"line":239,"column":10129}},"46":{"start":{"line":243,"column":8},"end":{"line":243,"column":23}},"47":{"start":{"line":256,"column":8},"end":{"line":256,"column":54}},"48":{"start":{"line":259,"column":8},"end":{"line":259,"column":10873}},"49":{"start":{"line":260,"column":12},"end":{"line":260,"column":143}},"50":{"start":{"line":264,"column":12},"end":{"line":264,"column":83}},"51":{"start":{"line":264,"column":37},"end":{"line":264,"column":83}},"52":{"start":{"line":268,"column":8},"end":{"line":268,"column":11423}},"53":{"start":{"line":269,"column":12},"end":{"line":269,"column":112}},"54":{"start":{"line":272,"column":12},"end":{"line":272,"column":84}},"55":{"start":{"line":272,"column":36},"end":{"line":272,"column":84}},"56":{"start":{"line":276,"column":8},"end":{"line":276,"column":94}},"57":{"start":{"line":277,"column":8},"end":{"line":277,"column":56}},"58":{"start":{"line":278,"column":8},"end":{"line":278,"column":12015}},"59":{"start":{"line":282,"column":8},"end":{"line":282,"column":12202}},"60":{"start":{"line":283,"column":12},"end":{"line":283,"column":71}},"61":{"start":{"line":286,"column":8},"end":{"line":286,"column":12329}},"62":{"start":{"line":287,"column":12},"end":{"line":287,"column":73}},"63":{"start":{"line":289,"column":8},"end":{"line":289,"column":75}},"64":{"start":{"line":302,"column":8},"end":{"line":302,"column":107}},"65":{"start":{"line":313,"column":8},"end":{"line":313,"column":66}},"66":{"start":{"line":318,"column":8},"end":{"line":318,"column":67}},"67":{"start":{"line":319,"column":8},"end":{"line":319,"column":91}},"68":{"start":{"line":321,"column":8},"end":{"line":321,"column":13905}},"69":{"start":{"line":323,"column":12},"end":{"line":323,"column":85}},"70":{"start":{"line":326,"column":8},"end":{"line":326,"column":113}},"71":{"start":{"line":328,"column":8},"end":{"line":328,"column":14360}},"72":{"start":{"line":334,"column":8},"end":{"line":334,"column":14517}},"73":{"start":{"line":335,"column":12},"end":{"line":335,"column":63}},"74":{"start":{"line":338,"column":8},"end":{"line":338,"column":104}},"75":{"start":{"line":340,"column":8},"end":{"line":340,"column":14759}},"76":{"start":{"line":352,"column":8},"end":{"line":352,"column":15153}},"77":{"start":{"line":353,"column":12},"end":{"line":353,"column":18}},"78":{"start":{"line":355,"column":8},"end":{"line":355,"column":75}},"79":{"start":{"line":356,"column":8},"end":{"line":356,"column":78}},"80":{"start":{"line":358,"column":8},"end":{"line":358,"column":15405}},"81":{"start":{"line":362,"column":8},"end":{"line":362,"column":15590}},"82":{"start":{"line":369,"column":8},"end":{"line":369,"column":33}},"83":{"start":{"line":369,"column":25},"end":{"line":369,"column":33}},"84":{"start":{"line":370,"column":8},"end":{"line":370,"column":28}},"85":{"start":{"line":371,"column":8},"end":{"line":371,"column":56}},"86":{"start":{"line":372,"column":8},"end":{"line":372,"column":48}},"87":{"start":{"line":386,"column":8},"end":{"line":386,"column":16857}},"88":{"start":{"line":387,"column":12},"end":{"line":387,"column":45}},"89":{"start":{"line":388,"column":12},"end":{"line":388,"column":51}},"90":{"start":{"line":389,"column":12},"end":{"line":389,"column":60}},"91":{"start":{"line":390,"column":12},"end":{"line":390,"column":36}},"92":{"start":{"line":391,"column":12},"end":{"line":391,"column":17120}},"93":{"start":{"line":392,"column":16},"end":{"line":392,"column":17167}},"94":{"start":{"line":393,"column":20},"end":{"line":393,"column":17221}},"95":{"start":{"line":397,"column":25},"end":{"line":397,"column":17424}},"96":{"start":{"line":406,"column":12},"end":{"line":406,"column":17717}},"97":{"start":{"line":409,"column":12},"end":{"line":409,"column":43}},"98":{"start":{"line":411,"column":8},"end":{"line":411,"column":23}},"99":{"start":{"line":415,"column":9},"end":{"line":415,"column":34}},"100":{"start":{"line":415,"column":26},"end":{"line":415,"column":34}},"101":{"start":{"line":416,"column":9},"end":{"line":416,"column":44}},"102":{"start":{"line":417,"column":9},"end":{"line":417,"column":55}},"103":{"start":{"line":418,"column":9},"end":{"line":418,"column":56}},"104":{"start":{"line":420,"column":9},"end":{"line":420,"column":18263}},"105":{"start":{"line":421,"column":13},"end":{"line":421,"column":68}},"106":{"start":{"line":422,"column":13},"end":{"line":422,"column":44}},"107":{"start":{"line":423,"column":13},"end":{"line":423,"column":18473}},"108":{"start":{"line":428,"column":13},"end":{"line":428,"column":18633}},"109":{"start":{"line":434,"column":9},"end":{"line":434,"column":18883}},"110":{"start":{"line":437,"column":9},"end":{"line":437,"column":32}},"111":{"start":{"line":446,"column":9},"end":{"line":446,"column":41}},"112":{"start":{"line":446,"column":33},"end":{"line":446,"column":41}},"113":{"start":{"line":447,"column":9},"end":{"line":447,"column":62}},"114":{"start":{"line":448,"column":9},"end":{"line":448,"column":68}},"115":{"start":{"line":449,"column":9},"end":{"line":449,"column":114}},"116":{"start":{"line":450,"column":9},"end":{"line":450,"column":108}},"117":{"start":{"line":451,"column":9},"end":{"line":451,"column":19700}},"118":{"start":{"line":452,"column":13},"end":{"line":452,"column":33}},"119":{"start":{"line":454,"column":9},"end":{"line":454,"column":68}},"120":{"start":{"line":455,"column":9},"end":{"line":455,"column":87}},"121":{"start":{"line":456,"column":9},"end":{"line":456,"column":72}},"122":{"start":{"line":458,"column":9},"end":{"line":458,"column":28}},"123":{"start":{"line":462,"column":10},"end":{"line":462,"column":37}},"124":{"start":{"line":463,"column":10},"end":{"line":463,"column":72}},"125":{"start":{"line":464,"column":9},"end":{"line":464,"column":42}},"126":{"start":{"line":465,"column":9},"end":{"line":465,"column":20383}},"127":{"start":{"line":468,"column":9},"end":{"line":468,"column":20523}},"128":{"start":{"line":471,"column":9},"end":{"line":471,"column":43}},"129":{"start":{"line":472,"column":9},"end":{"line":472,"column":63}},"130":{"start":{"line":474,"column":9},"end":{"line":474,"column":43}},"131":{"start":{"line":475,"column":9},"end":{"line":475,"column":64}},"132":{"start":{"line":477,"column":9},"end":{"line":477,"column":26}},"133":{"start":{"line":481,"column":10},"end":{"line":481,"column":69}},"134":{"start":{"line":482,"column":10},"end":{"line":482,"column":21355}},"135":{"start":{"line":483,"column":14},"end":{"line":483,"column":36}},"136":{"start":{"line":485,"column":10},"end":{"line":485,"column":21464}},"137":{"start":{"line":490,"column":14},"end":{"line":490,"column":68}},"138":{"start":{"line":496,"column":14},"end":{"line":496,"column":68}},"139":{"start":{"line":501,"column":9},"end":{"line":501,"column":51}},"140":{"start":{"line":502,"column":9},"end":{"line":502,"column":69}},"141":{"start":{"line":503,"column":9},"end":{"line":503,"column":22355}},"142":{"start":{"line":504,"column":13},"end":{"line":504,"column":79}},"143":{"start":{"line":507,"column":9},"end":{"line":507,"column":61}},"144":{"start":{"line":508,"column":9},"end":{"line":508,"column":22624}},"145":{"start":{"line":509,"column":13},"end":{"line":509,"column":60}},"146":{"start":{"line":510,"column":13},"end":{"line":510,"column":22750}},"147":{"start":{"line":511,"column":17},"end":{"line":511,"column":62}},"148":{"start":{"line":512,"column":17},"end":{"line":512,"column":22869}},"149":{"start":{"line":519,"column":9},"end":{"line":519,"column":23198}},"150":{"start":{"line":520,"column":14},"end":{"line":520,"column":98}},"151":{"start":{"line":521,"column":9},"end":{"line":521,"column":31}},"152":{"start":{"line":525,"column":9},"end":{"line":525,"column":61}},"153":{"start":{"line":526,"column":9},"end":{"line":526,"column":23491}},"154":{"start":{"line":536,"column":9},"end":{"line":536,"column":44}},"155":{"start":{"line":537,"column":9},"end":{"line":537,"column":71}},"156":{"start":{"line":547,"column":9},"end":{"line":547,"column":24259}},"157":{"start":{"line":554,"column":8},"end":{"line":554,"column":59}},"158":{"start":{"line":555,"column":8},"end":{"line":555,"column":81}},"159":{"start":{"line":557,"column":8},"end":{"line":557,"column":92}},"160":{"start":{"line":558,"column":8},"end":{"line":558,"column":72}},"161":{"start":{"line":559,"column":8},"end":{"line":559,"column":84}},"162":{"start":{"line":560,"column":8},"end":{"line":560,"column":71}},"163":{"start":{"line":562,"column":8},"end":{"line":562,"column":137}},"164":{"start":{"line":565,"column":8},"end":{"line":565,"column":70}},"165":{"start":{"line":566,"column":8},"end":{"line":566,"column":69}},"166":{"start":{"line":568,"column":8},"end":{"line":568,"column":98}},"167":{"start":{"line":569,"column":8},"end":{"line":569,"column":105}},"168":{"start":{"line":573,"column":8},"end":{"line":573,"column":60}},"169":{"start":{"line":574,"column":8},"end":{"line":574,"column":75}},"170":{"start":{"line":575,"column":8},"end":{"line":575,"column":65}},"171":{"start":{"line":576,"column":8},"end":{"line":576,"column":91}},"172":{"start":{"line":578,"column":8},"end":{"line":578,"column":64}},"173":{"start":{"line":579,"column":8},"end":{"line":579,"column":26095}},"174":{"start":{"line":580,"column":12},"end":{"line":580,"column":68}},"175":{"start":{"line":581,"column":12},"end":{"line":581,"column":26219}},"176":{"start":{"line":582,"column":16},"end":{"line":582,"column":62}},"177":{"start":{"line":583,"column":16},"end":{"line":583,"column":26335}},"178":{"start":{"line":586,"column":21},"end":{"line":586,"column":81}},"179":{"start":{"line":590,"column":21},"end":{"line":590,"column":72}},"180":{"start":{"line":595,"column":8},"end":{"line":595,"column":53}},"181":{"start":{"line":600,"column":8},"end":{"line":600,"column":46}},"182":{"start":{"line":603,"column":8},"end":{"line":603,"column":43}},"183":{"start":{"line":611,"column":8},"end":{"line":611,"column":77}},"184":{"start":{"line":612,"column":8},"end":{"line":612,"column":101}},"185":{"start":{"line":616,"column":8},"end":{"line":616,"column":76}},"186":{"start":{"line":617,"column":8},"end":{"line":617,"column":111}},"187":{"start":{"line":621,"column":8},"end":{"line":621,"column":28208}},"188":{"start":{"line":629,"column":8},"end":{"line":629,"column":28497}},"189":{"start":{"line":630,"column":13},"end":{"line":630,"column":28655}},"190":{"start":{"line":633,"column":18},"end":{"line":633,"column":28900}},"191":{"start":{"line":647,"column":8},"end":{"line":647,"column":67}},"192":{"start":{"line":649,"column":8},"end":{"line":649,"column":40}},"193":{"start":{"line":651,"column":8},"end":{"line":651,"column":29730}},"194":{"start":{"line":654,"column":15},"end":{"line":654,"column":29925}},"195":{"start":{"line":665,"column":8},"end":{"line":665,"column":22}},"196":{"start":{"line":670,"column":9},"end":{"line":670,"column":68}},"197":{"start":{"line":671,"column":9},"end":{"line":671,"column":59}},"198":{"start":{"line":672,"column":9},"end":{"line":672,"column":45}},"199":{"start":{"line":673,"column":9},"end":{"line":673,"column":38}},"200":{"start":{"line":675,"column":9},"end":{"line":675,"column":47}},"201":{"start":{"line":676,"column":9},"end":{"line":676,"column":60}},"202":{"start":{"line":680,"column":10},"end":{"line":680,"column":60}},"203":{"start":{"line":681,"column":10},"end":{"line":681,"column":42}},"204":{"start":{"line":685,"column":11},"end":{"line":685,"column":61}},"205":{"start":{"line":686,"column":11},"end":{"line":686,"column":41}},"206":{"start":{"line":687,"column":11},"end":{"line":687,"column":51}},"207":{"start":{"line":688,"column":11},"end":{"line":688,"column":38}},"208":{"start":{"line":693,"column":9},"end":{"line":693,"column":70}},"209":{"start":{"line":694,"column":9},"end":{"line":694,"column":74}},"210":{"start":{"line":695,"column":9},"end":{"line":695,"column":64}},"211":{"start":{"line":696,"column":9},"end":{"line":696,"column":54}},"212":{"start":{"line":698,"column":9},"end":{"line":698,"column":66}},"213":{"start":{"line":701,"column":9},"end":{"line":701,"column":70}},"214":{"start":{"line":702,"column":9},"end":{"line":702,"column":74}},"215":{"start":{"line":703,"column":9},"end":{"line":703,"column":64}},"216":{"start":{"line":704,"column":9},"end":{"line":704,"column":70}},"217":{"start":{"line":705,"column":9},"end":{"line":705,"column":72}},"218":{"start":{"line":706,"column":9},"end":{"line":706,"column":99}},"219":{"start":{"line":708,"column":9},"end":{"line":708,"column":72}},"220":{"start":{"line":713,"column":9},"end":{"line":713,"column":44}},"221":{"start":{"line":717,"column":10},"end":{"line":717,"column":83}},"222":{"start":{"line":721,"column":10},"end":{"line":721,"column":75}},"223":{"start":{"line":722,"column":10},"end":{"line":722,"column":75}},"224":{"start":{"line":726,"column":10},"end":{"line":726,"column":66}},"225":{"start":{"line":727,"column":10},"end":{"line":727,"column":80}},"226":{"start":{"line":729,"column":10},"end":{"line":729,"column":34075}},"227":{"start":{"line":734,"column":10},"end":{"line":734,"column":66}},"228":{"start":{"line":735,"column":10},"end":{"line":735,"column":82}},"229":{"start":{"line":737,"column":11},"end":{"line":737,"column":34524}},"230":{"start":{"line":742,"column":10},"end":{"line":742,"column":71}},"231":{"start":{"line":747,"column":8},"end":{"line":747,"column":15}},"232":{"start":{"line":750,"column":8},"end":{"line":750,"column":17}},"233":{"start":{"line":760,"column":8},"end":{"line":760,"column":51}}},"branchMap":{"1":{"line":136,"type":"if","locations":[{"start":{"line":136,"column":13},"end":{"line":136,"column":13}},{"start":{"line":136,"column":13},"end":{"line":136,"column":13}}]},"2":{"line":143,"type":"if","locations":[{"start":{"line":143,"column":8},"end":{"line":143,"column":8}},{"start":{"line":143,"column":8},"end":{"line":143,"column":8}}]},"3":{"line":150,"type":"if","locations":[{"start":{"line":150,"column":8},"end":{"line":150,"column":8}},{"start":{"line":150,"column":8},"end":{"line":150,"column":8}}]},"4":{"line":158,"type":"if","locations":[{"start":{"line":158,"column":8},"end":{"line":158,"column":8}},{"start":{"line":158,"column":8},"end":{"line":158,"column":8}}]},"5":{"line":159,"type":"if","locations":[{"start":{"line":159,"column":8},"end":{"line":159,"column":8}},{"start":{"line":159,"column":8},"end":{"line":159,"column":8}}]},"6":{"line":160,"type":"if","locations":[{"start":{"line":160,"column":8},"end":{"line":160,"column":8}},{"start":{"line":160,"column":8},"end":{"line":160,"column":8}}]},"7":{"line":161,"type":"if","locations":[{"start":{"line":161,"column":8},"end":{"line":161,"column":8}},{"start":{"line":161,"column":8},"end":{"line":161,"column":8}}]},"8":{"line":163,"type":"if","locations":[{"start":{"line":163,"column":8},"end":{"line":163,"column":8}},{"start":{"line":163,"column":8},"end":{"line":163,"column":8}}]},"9":{"line":171,"type":"if","locations":[{"start":{"line":171,"column":8},"end":{"line":171,"column":8}},{"start":{"line":171,"column":8},"end":{"line":171,"column":8}}]},"10":{"line":178,"type":"if","locations":[{"start":{"line":178,"column":50},"end":{"line":178,"column":50}},{"start":{"line":178,"column":50},"end":{"line":178,"column":50}}]},"11":{"line":178,"type":"if","locations":[{"start":{"line":178,"column":64},"end":{"line":178,"column":64}},{"start":{"line":178,"column":64},"end":{"line":178,"column":64}}]},"12":{"line":179,"type":"if","locations":[{"start":{"line":179,"column":8},"end":{"line":179,"column":8}},{"start":{"line":179,"column":8},"end":{"line":179,"column":8}}]},"13":{"line":188,"type":"if","locations":[{"start":{"line":188,"column":60},"end":{"line":188,"column":60}},{"start":{"line":188,"column":60},"end":{"line":188,"column":60}}]},"14":{"line":188,"type":"if","locations":[{"start":{"line":188,"column":74},"end":{"line":188,"column":74}},{"start":{"line":188,"column":74},"end":{"line":188,"column":74}}]},"15":{"line":189,"type":"if","locations":[{"start":{"line":189,"column":8},"end":{"line":189,"column":8}},{"start":{"line":189,"column":8},"end":{"line":189,"column":8}}]},"16":{"line":191,"type":"if","locations":[{"start":{"line":191,"column":8},"end":{"line":191,"column":8}},{"start":{"line":191,"column":8},"end":{"line":191,"column":8}}]},"17":{"line":201,"type":"if","locations":[{"start":{"line":201,"column":101},"end":{"line":201,"column":101}},{"start":{"line":201,"column":101},"end":{"line":201,"column":101}}]},"18":{"line":209,"type":"if","locations":[{"start":{"line":209,"column":112},"end":{"line":209,"column":112}},{"start":{"line":209,"column":112},"end":{"line":209,"column":112}}]},"19":{"line":235,"type":"if","locations":[{"start":{"line":235,"column":8},"end":{"line":235,"column":8}},{"start":{"line":235,"column":8},"end":{"line":235,"column":8}}]},"20":{"line":238,"type":"if","locations":[{"start":{"line":238,"column":8},"end":{"line":238,"column":8}},{"start":{"line":238,"column":8},"end":{"line":238,"column":8}}]},"21":{"line":239,"type":"if","locations":[{"start":{"line":239,"column":13},"end":{"line":239,"column":13}},{"start":{"line":239,"column":13},"end":{"line":239,"column":13}}]},"22":{"line":259,"type":"if","locations":[{"start":{"line":259,"column":8},"end":{"line":259,"column":8}},{"start":{"line":259,"column":8},"end":{"line":259,"column":8}}]},"23":{"line":260,"type":"if","locations":[{"start":{"line":260,"column":93},"end":{"line":260,"column":111}},{"start":{"line":260,"column":115},"end":{"line":260,"column":142}}]},"24":{"line":264,"type":"if","locations":[{"start":{"line":264,"column":12},"end":{"line":264,"column":12}},{"start":{"line":264,"column":12},"end":{"line":264,"column":12}}]},"25":{"line":268,"type":"if","locations":[{"start":{"line":268,"column":8},"end":{"line":268,"column":8}},{"start":{"line":268,"column":8},"end":{"line":268,"column":8}}]},"26":{"line":272,"type":"if","locations":[{"start":{"line":272,"column":12},"end":{"line":272,"column":12}},{"start":{"line":272,"column":12},"end":{"line":272,"column":12}}]},"27":{"line":278,"type":"if","locations":[{"start":{"line":278,"column":8},"end":{"line":278,"column":8}},{"start":{"line":278,"column":8},"end":{"line":278,"column":8}}]},"28":{"line":282,"type":"if","locations":[{"start":{"line":282,"column":8},"end":{"line":282,"column":8}},{"start":{"line":282,"column":8},"end":{"line":282,"column":8}}]},"29":{"line":286,"type":"if","locations":[{"start":{"line":286,"column":8},"end":{"line":286,"column":8}},{"start":{"line":286,"column":8},"end":{"line":286,"column":8}}]},"30":{"line":318,"type":"if","locations":[{"start":{"line":318,"column":8},"end":{"line":318,"column":8}},{"start":{"line":318,"column":8},"end":{"line":318,"column":8}}]},"31":{"line":319,"type":"if","locations":[{"start":{"line":319,"column":8},"end":{"line":319,"column":8}},{"start":{"line":319,"column":8},"end":{"line":319,"column":8}}]},"32":{"line":321,"type":"if","locations":[{"start":{"line":321,"column":8},"end":{"line":321,"column":8}},{"start":{"line":321,"column":8},"end":{"line":321,"column":8}}]},"33":{"line":334,"type":"if","locations":[{"start":{"line":334,"column":8},"end":{"line":334,"column":8}},{"start":{"line":334,"column":8},"end":{"line":334,"column":8}}]},"34":{"line":352,"type":"if","locations":[{"start":{"line":352,"column":8},"end":{"line":352,"column":8}},{"start":{"line":352,"column":8},"end":{"line":352,"column":8}}]},"35":{"line":358,"type":"if","locations":[{"start":{"line":358,"column":8},"end":{"line":358,"column":8}},{"start":{"line":358,"column":8},"end":{"line":358,"column":8}}]},"36":{"line":362,"type":"if","locations":[{"start":{"line":362,"column":8},"end":{"line":362,"column":8}},{"start":{"line":362,"column":8},"end":{"line":362,"column":8}}]},"37":{"line":369,"type":"if","locations":[{"start":{"line":369,"column":8},"end":{"line":369,"column":8}},{"start":{"line":369,"column":8},"end":{"line":369,"column":8}}]},"38":{"line":389,"type":"if","locations":[{"start":{"line":389,"column":43},"end":{"line":389,"column":43}},{"start":{"line":389,"column":47},"end":{"line":389,"column":59}}]},"39":{"line":391,"type":"if","locations":[{"start":{"line":391,"column":12},"end":{"line":391,"column":12}},{"start":{"line":391,"column":12},"end":{"line":391,"column":12}}]},"40":{"line":392,"type":"if","locations":[{"start":{"line":392,"column":16},"end":{"line":392,"column":16}},{"start":{"line":392,"column":16},"end":{"line":392,"column":16}}]},"41":{"line":393,"type":"if","locations":[{"start":{"line":393,"column":20},"end":{"line":393,"column":20}},{"start":{"line":393,"column":20},"end":{"line":393,"column":20}}]},"42":{"line":397,"type":"if","locations":[{"start":{"line":397,"column":25},"end":{"line":397,"column":25}},{"start":{"line":397,"column":25},"end":{"line":397,"column":25}}]},"43":{"line":406,"type":"if","locations":[{"start":{"line":406,"column":12},"end":{"line":406,"column":12}},{"start":{"line":406,"column":12},"end":{"line":406,"column":12}}]},"44":{"line":409,"type":"if","locations":[{"start":{"line":409,"column":12},"end":{"line":409,"column":12}},{"start":{"line":409,"column":12},"end":{"line":409,"column":12}}]},"45":{"line":415,"type":"if","locations":[{"start":{"line":415,"column":9},"end":{"line":415,"column":9}},{"start":{"line":415,"column":9},"end":{"line":415,"column":9}}]},"46":{"line":422,"type":"if","locations":[{"start":{"line":422,"column":13},"end":{"line":422,"column":13}},{"start":{"line":422,"column":13},"end":{"line":422,"column":13}}]},"47":{"line":423,"type":"if","locations":[{"start":{"line":423,"column":13},"end":{"line":423,"column":13}},{"start":{"line":423,"column":13},"end":{"line":423,"column":13}}]},"48":{"line":428,"type":"if","locations":[{"start":{"line":428,"column":13},"end":{"line":428,"column":13}},{"start":{"line":428,"column":13},"end":{"line":428,"column":13}}]},"49":{"line":434,"type":"if","locations":[{"start":{"line":434,"column":9},"end":{"line":434,"column":9}},{"start":{"line":434,"column":9},"end":{"line":434,"column":9}}]},"50":{"line":446,"type":"if","locations":[{"start":{"line":446,"column":9},"end":{"line":446,"column":9}},{"start":{"line":446,"column":9},"end":{"line":446,"column":9}}]},"51":{"line":449,"type":"if","locations":[{"start":{"line":449,"column":78},"end":{"line":449,"column":92}},{"start":{"line":449,"column":96},"end":{"line":449,"column":113}}]},"52":{"line":450,"type":"if","locations":[{"start":{"line":450,"column":70},"end":{"line":450,"column":103}},{"start":{"line":450,"column":107},"end":{"line":450,"column":107}}]},"53":{"line":451,"type":"if","locations":[{"start":{"line":451,"column":9},"end":{"line":451,"column":9}},{"start":{"line":451,"column":9},"end":{"line":451,"column":9}}]},"54":{"line":465,"type":"if","locations":[{"start":{"line":465,"column":9},"end":{"line":465,"column":9}},{"start":{"line":465,"column":9},"end":{"line":465,"column":9}}]},"55":{"line":468,"type":"if","locations":[{"start":{"line":468,"column":9},"end":{"line":468,"column":9}},{"start":{"line":468,"column":9},"end":{"line":468,"column":9}}]},"56":{"line":473,"type":"if","locations":[{"start":{"line":473,"column":62},"end":{"line":473,"column":79}},{"start":{"line":473,"column":83},"end":{"line":473,"column":97}}]},"57":{"line":476,"type":"if","locations":[{"start":{"line":476,"column":62},"end":{"line":476,"column":79}},{"start":{"line":476,"column":83},"end":{"line":476,"column":97}}]},"58":{"line":482,"type":"if","locations":[{"start":{"line":482,"column":10},"end":{"line":482,"column":10}},{"start":{"line":482,"column":10},"end":{"line":482,"column":10}}]},"59":{"line":482,"type":"cond-expr","locations":[{"start":{"line":482,"column":14},"end":{"line":482,"column":32}},{"start":{"line":482,"column":37},"end":{"line":482,"column":51}}]},"60":{"line":485,"type":"if","locations":[{"start":{"line":485,"column":10},"end":{"line":485,"column":10}},{"start":{"line":485,"column":10},"end":{"line":485,"column":10}}]},"61":{"line":503,"type":"if","locations":[{"start":{"line":503,"column":9},"end":{"line":503,"column":9}},{"start":{"line":503,"column":9},"end":{"line":503,"column":9}}]},"62":{"line":504,"type":"if","locations":[{"start":{"line":504,"column":62},"end":{"line":504,"column":63}},{"start":{"line":504,"column":67},"end":{"line":504,"column":78}}]},"63":{"line":508,"type":"if","locations":[{"start":{"line":508,"column":9},"end":{"line":508,"column":9}},{"start":{"line":508,"column":9},"end":{"line":508,"column":9}}]},"64":{"line":510,"type":"if","locations":[{"start":{"line":510,"column":13},"end":{"line":510,"column":13}},{"start":{"line":510,"column":13},"end":{"line":510,"column":13}}]},"65":{"line":512,"type":"if","locations":[{"start":{"line":512,"column":17},"end":{"line":512,"column":17}},{"start":{"line":512,"column":17},"end":{"line":512,"column":17}}]},"66":{"line":519,"type":"if","locations":[{"start":{"line":519,"column":9},"end":{"line":519,"column":9}},{"start":{"line":519,"column":9},"end":{"line":519,"column":9}}]},"67":{"line":520,"type":"if","locations":[{"start":{"line":520,"column":14},"end":{"line":520,"column":14}},{"start":{"line":520,"column":14},"end":{"line":520,"column":14}}]},"68":{"line":526,"type":"if","locations":[{"start":{"line":526,"column":9},"end":{"line":526,"column":9}},{"start":{"line":526,"column":9},"end":{"line":526,"column":9}}]},"69":{"line":547,"type":"if","locations":[{"start":{"line":547,"column":9},"end":{"line":547,"column":9}},{"start":{"line":547,"column":9},"end":{"line":547,"column":9}}]},"70":{"line":553,"type":"if","locations":[{"start":{"line":553,"column":101},"end":{"line":553,"column":101}},{"start":{"line":553,"column":101},"end":{"line":553,"column":101}}]},"71":{"line":557,"type":"if","locations":[{"start":{"line":557,"column":8},"end":{"line":557,"column":8}},{"start":{"line":557,"column":8},"end":{"line":557,"column":8}}]},"72":{"line":558,"type":"if","locations":[{"start":{"line":558,"column":8},"end":{"line":558,"column":8}},{"start":{"line":558,"column":8},"end":{"line":558,"column":8}}]},"73":{"line":559,"type":"if","locations":[{"start":{"line":559,"column":8},"end":{"line":559,"column":8}},{"start":{"line":559,"column":8},"end":{"line":559,"column":8}}]},"74":{"line":560,"type":"if","locations":[{"start":{"line":560,"column":8},"end":{"line":560,"column":8}},{"start":{"line":560,"column":8},"end":{"line":560,"column":8}}]},"75":{"line":562,"type":"if","locations":[{"start":{"line":562,"column":8},"end":{"line":562,"column":8}},{"start":{"line":562,"column":8},"end":{"line":562,"column":8}}]},"76":{"line":572,"type":"if","locations":[{"start":{"line":572,"column":59},"end":{"line":572,"column":59}},{"start":{"line":572,"column":59},"end":{"line":572,"column":59}}]},"77":{"line":574,"type":"if","locations":[{"start":{"line":574,"column":8},"end":{"line":574,"column":8}},{"start":{"line":574,"column":8},"end":{"line":574,"column":8}}]},"78":{"line":575,"type":"if","locations":[{"start":{"line":575,"column":8},"end":{"line":575,"column":8}},{"start":{"line":575,"column":8},"end":{"line":575,"column":8}}]},"79":{"line":576,"type":"if","locations":[{"start":{"line":576,"column":8},"end":{"line":576,"column":8}},{"start":{"line":576,"column":8},"end":{"line":576,"column":8}}]},"80":{"line":579,"type":"if","locations":[{"start":{"line":579,"column":8},"end":{"line":579,"column":8}},{"start":{"line":579,"column":8},"end":{"line":579,"column":8}}]},"81":{"line":581,"type":"if","locations":[{"start":{"line":581,"column":12},"end":{"line":581,"column":12}},{"start":{"line":581,"column":12},"end":{"line":581,"column":12}}]},"82":{"line":583,"type":"if","locations":[{"start":{"line":583,"column":16},"end":{"line":583,"column":16}},{"start":{"line":583,"column":16},"end":{"line":583,"column":16}}]},"83":{"line":611,"type":"if","locations":[{"start":{"line":611,"column":8},"end":{"line":611,"column":8}},{"start":{"line":611,"column":8},"end":{"line":611,"column":8}}]},"84":{"line":612,"type":"if","locations":[{"start":{"line":612,"column":8},"end":{"line":612,"column":8}},{"start":{"line":612,"column":8},"end":{"line":612,"column":8}}]},"85":{"line":621,"type":"if","locations":[{"start":{"line":621,"column":8},"end":{"line":621,"column":8}},{"start":{"line":621,"column":8},"end":{"line":621,"column":8}}]},"86":{"line":629,"type":"if","locations":[{"start":{"line":629,"column":8},"end":{"line":629,"column":8}},{"start":{"line":629,"column":8},"end":{"line":629,"column":8}}]},"87":{"line":630,"type":"if","locations":[{"start":{"line":630,"column":13},"end":{"line":630,"column":13}},{"start":{"line":630,"column":13},"end":{"line":630,"column":13}}]},"88":{"line":633,"type":"if","locations":[{"start":{"line":633,"column":18},"end":{"line":633,"column":18}},{"start":{"line":633,"column":18},"end":{"line":633,"column":18}}]},"89":{"line":651,"type":"if","locations":[{"start":{"line":651,"column":8},"end":{"line":651,"column":8}},{"start":{"line":651,"column":8},"end":{"line":651,"column":8}}]},"90":{"line":651,"type":"cond-expr","locations":[{"start":{"line":651,"column":12},"end":{"line":651,"column":40}},{"start":{"line":651,"column":45},"end":{"line":651,"column":73}}]},"91":{"line":654,"type":"if","locations":[{"start":{"line":654,"column":15},"end":{"line":654,"column":15}},{"start":{"line":654,"column":15},"end":{"line":654,"column":15}}]},"92":{"line":669,"type":"if","locations":[{"start":{"line":669,"column":63},"end":{"line":669,"column":63}},{"start":{"line":669,"column":63},"end":{"line":669,"column":63}}]},"93":{"line":669,"type":"if","locations":[{"start":{"line":669,"column":77},"end":{"line":669,"column":77}},{"start":{"line":669,"column":77},"end":{"line":669,"column":77}}]},"94":{"line":670,"type":"if","locations":[{"start":{"line":670,"column":9},"end":{"line":670,"column":9}},{"start":{"line":670,"column":9},"end":{"line":670,"column":9}}]},"95":{"line":671,"type":"if","locations":[{"start":{"line":671,"column":9},"end":{"line":671,"column":9}},{"start":{"line":671,"column":9},"end":{"line":671,"column":9}}]},"96":{"line":679,"type":"if","locations":[{"start":{"line":679,"column":45},"end":{"line":679,"column":45}},{"start":{"line":679,"column":45},"end":{"line":679,"column":45}}]},"97":{"line":680,"type":"if","locations":[{"start":{"line":680,"column":10},"end":{"line":680,"column":10}},{"start":{"line":680,"column":10},"end":{"line":680,"column":10}}]},"98":{"line":684,"type":"if","locations":[{"start":{"line":684,"column":67},"end":{"line":684,"column":67}},{"start":{"line":684,"column":67},"end":{"line":684,"column":67}}]},"99":{"line":685,"type":"if","locations":[{"start":{"line":685,"column":11},"end":{"line":685,"column":11}},{"start":{"line":685,"column":11},"end":{"line":685,"column":11}}]},"100":{"line":692,"type":"if","locations":[{"start":{"line":692,"column":98},"end":{"line":692,"column":98}},{"start":{"line":692,"column":98},"end":{"line":692,"column":98}}]},"101":{"line":693,"type":"if","locations":[{"start":{"line":693,"column":9},"end":{"line":693,"column":9}},{"start":{"line":693,"column":9},"end":{"line":693,"column":9}}]},"102":{"line":694,"type":"if","locations":[{"start":{"line":694,"column":9},"end":{"line":694,"column":9}},{"start":{"line":694,"column":9},"end":{"line":694,"column":9}}]},"103":{"line":695,"type":"if","locations":[{"start":{"line":695,"column":9},"end":{"line":695,"column":9}},{"start":{"line":695,"column":9},"end":{"line":695,"column":9}}]},"104":{"line":696,"type":"if","locations":[{"start":{"line":696,"column":9},"end":{"line":696,"column":9}},{"start":{"line":696,"column":9},"end":{"line":696,"column":9}}]},"105":{"line":700,"type":"if","locations":[{"start":{"line":700,"column":105},"end":{"line":700,"column":105}},{"start":{"line":700,"column":105},"end":{"line":700,"column":105}}]},"106":{"line":701,"type":"if","locations":[{"start":{"line":701,"column":9},"end":{"line":701,"column":9}},{"start":{"line":701,"column":9},"end":{"line":701,"column":9}}]},"107":{"line":702,"type":"if","locations":[{"start":{"line":702,"column":9},"end":{"line":702,"column":9}},{"start":{"line":702,"column":9},"end":{"line":702,"column":9}}]},"108":{"line":703,"type":"if","locations":[{"start":{"line":703,"column":9},"end":{"line":703,"column":9}},{"start":{"line":703,"column":9},"end":{"line":703,"column":9}}]},"109":{"line":704,"type":"if","locations":[{"start":{"line":704,"column":9},"end":{"line":704,"column":9}},{"start":{"line":704,"column":9},"end":{"line":704,"column":9}}]},"110":{"line":706,"type":"if","locations":[{"start":{"line":706,"column":9},"end":{"line":706,"column":9}},{"start":{"line":706,"column":9},"end":{"line":706,"column":9}}]},"111":{"line":712,"type":"if","locations":[{"start":{"line":712,"column":63},"end":{"line":712,"column":63}},{"start":{"line":712,"column":63},"end":{"line":712,"column":63}}]},"112":{"line":716,"type":"if","locations":[{"start":{"line":716,"column":69},"end":{"line":716,"column":69}},{"start":{"line":716,"column":69},"end":{"line":716,"column":69}}]},"113":{"line":717,"type":"if","locations":[{"start":{"line":717,"column":10},"end":{"line":717,"column":10}},{"start":{"line":717,"column":10},"end":{"line":717,"column":10}}]},"114":{"line":720,"type":"if","locations":[{"start":{"line":720,"column":72},"end":{"line":720,"column":72}},{"start":{"line":720,"column":72},"end":{"line":720,"column":72}}]},"115":{"line":721,"type":"if","locations":[{"start":{"line":721,"column":10},"end":{"line":721,"column":10}},{"start":{"line":721,"column":10},"end":{"line":721,"column":10}}]},"116":{"line":722,"type":"if","locations":[{"start":{"line":722,"column":10},"end":{"line":722,"column":10}},{"start":{"line":722,"column":10},"end":{"line":722,"column":10}}]},"117":{"line":725,"type":"if","locations":[{"start":{"line":725,"column":78},"end":{"line":725,"column":78}},{"start":{"line":725,"column":78},"end":{"line":725,"column":78}}]},"118":{"line":726,"type":"if","locations":[{"start":{"line":726,"column":10},"end":{"line":726,"column":10}},{"start":{"line":726,"column":10},"end":{"line":726,"column":10}}]},"119":{"line":727,"type":"if","locations":[{"start":{"line":727,"column":10},"end":{"line":727,"column":10}},{"start":{"line":727,"column":10},"end":{"line":727,"column":10}}]},"120":{"line":729,"type":"if","locations":[{"start":{"line":729,"column":10},"end":{"line":729,"column":10}},{"start":{"line":729,"column":10},"end":{"line":729,"column":10}}]},"121":{"line":733,"type":"if","locations":[{"start":{"line":733,"column":78},"end":{"line":733,"column":78}},{"start":{"line":733,"column":78},"end":{"line":733,"column":78}}]},"122":{"line":734,"type":"if","locations":[{"start":{"line":734,"column":10},"end":{"line":734,"column":10}},{"start":{"line":734,"column":10},"end":{"line":734,"column":10}}]},"123":{"line":735,"type":"if","locations":[{"start":{"line":735,"column":10},"end":{"line":735,"column":10}},{"start":{"line":735,"column":10},"end":{"line":735,"column":10}}]},"124":{"line":737,"type":"if","locations":[{"start":{"line":737,"column":11},"end":{"line":737,"column":11}},{"start":{"line":737,"column":11},"end":{"line":737,"column":11}}]},"125":{"line":741,"type":"if","locations":[{"start":{"line":741,"column":82},"end":{"line":741,"column":82}},{"start":{"line":741,"column":82},"end":{"line":741,"column":82}}]},"126":{"line":742,"type":"if","locations":[{"start":{"line":742,"column":10},"end":{"line":742,"column":10}},{"start":{"line":742,"column":10},"end":{"line":742,"column":10}}]},"127":{"line":746,"type":"if","locations":[{"start":{"line":746,"column":30},"end":{"line":746,"column":30}},{"start":{"line":746,"column":30},"end":{"line":746,"column":30}}]},"128":{"line":749,"type":"if","locations":[{"start":{"line":749,"column":32},"end":{"line":749,"column":32}},{"start":{"line":749,"column":32},"end":{"line":749,"column":32}}]}}}}
