{
"contracts\\CustodianRegistry.sol":{"l":{"47":1,"58":2,"59":1,"61":1,"62":1,"64":1,"65":1,"83":9,"84":9,"85":9,"89":1,"90":1,"91":1,"101":7,"102":6,"104":5,"105":5,"111":5,"119":2,"120":2,"121":2,"123":2,"124":1,"126":1,"127":1,"129":1,"133":2,"134":2,"135":2,"137":2,"139":2,"140":2,"146":2,"150":2,"151":2,"155":3,"156":3,"162":2,"166":1,"180":3},"path":"C:\\Users\\jesse\\OneDrive\\T3 Project\\T3-Base\\T3-Contract_v3_AVAX\\contracts\\CustodianRegistry.sol","s":{"1":1,"2":2,"3":1,"4":1,"5":1,"6":1,"7":9,"8":9,"9":9,"10":1,"11":1,"12":1,"13":7,"14":6,"15":5,"16":5,"17":2,"18":2,"19":2,"20":2,"21":1,"22":1,"23":2,"24":2,"25":2,"26":2,"27":2,"28":2,"29":2,"30":2,"31":3,"32":3,"33":2,"34":1,"35":3},"b":{"1":[2,0],"2":[1,1],"3":[1,0],"4":[9,0],"5":[9,0],"6":[1,0],"7":[1,0],"8":[7,1],"9":[6,1],"10":[5,1],"11":[2,3],"12":[2,0],"13":[2,0],"14":[1,1],"15":[1,0],"16":[0,1],"17":[2,0],"18":[2,0],"19":[2,0],"20":[1,1]},"f":{"1":1,"2":2,"3":1,"4":9,"5":1,"6":7,"7":2,"8":2,"9":2,"10":2,"11":3,"12":2,"13":1,"14":3},"fnMap":{"1":{"name":"constructor","line":46,"loc":{"start":{"line":46,"column":4},"end":{"line":48,"column":4}}},"2":{"name":"initialize","line":57,"loc":{"start":{"line":57,"column":4},"end":{"line":66,"column":4}}},"3":{"name":"_authorizeUpgrade","line":75,"loc":{"start":{"line":72,"column":4},"end":{"line":78,"column":4}}},"4":{"name":"grantCustodianRole","line":82,"loc":{"start":{"line":82,"column":4},"end":{"line":86,"column":4}}},"5":{"name":"revokeCustodianRole","line":88,"loc":{"start":{"line":88,"column":4},"end":{"line":92,"column":4}}},"6":{"name":"registerCustodiedWallet","line":100,"loc":{"start":{"line":96,"column":4},"end":{"line":112,"column":4}}},"7":{"name":"updateKYCStatus","line":118,"loc":{"start":{"line":114,"column":4},"end":{"line":130,"column":4}}},"8":{"name":"unregisterCustodiedWallet","line":132,"loc":{"start":{"line":132,"column":4},"end":{"line":141,"column":4}}},"9":{"name":"getCustodian","line":145,"loc":{"start":{"line":145,"column":4},"end":{"line":147,"column":4}}},"10":{"name":"getKYCTimestamps","line":149,"loc":{"start":{"line":149,"column":4},"end":{"line":152,"column":4}}},"11":{"name":"isKYCValid","line":154,"loc":{"start":{"line":154,"column":4},"end":{"line":157,"column":4}}},"12":{"name":"custodianCount","line":161,"loc":{"start":{"line":161,"column":4},"end":{"line":163,"column":4}}},"13":{"name":"custodianAtIndex","line":165,"loc":{"start":{"line":165,"column":4},"end":{"line":167,"column":4}}},"14":{"name":"supportsInterface","line":173,"loc":{"start":{"line":173,"column":4},"end":{"line":181,"column":4}}}},"statementMap":{"1":{"start":{"line":47,"column":8},"end":{"line":47,"column":29}},"2":{"start":{"line":58,"column":8},"end":{"line":58,"column":2662}},"3":{"start":{"line":61,"column":8},"end":{"line":61,"column":29}},"4":{"start":{"line":62,"column":8},"end":{"line":62,"column":31}},"5":{"start":{"line":64,"column":8},"end":{"line":64,"column":51}},"6":{"start":{"line":65,"column":8},"end":{"line":65,"column":43}},"7":{"start":{"line":83,"column":8},"end":{"line":83,"column":75}},"8":{"start":{"line":84,"column":8},"end":{"line":84,"column":44}},"9":{"start":{"line":85,"column":8},"end":{"line":85,"column":33}},"10":{"start":{"line":89,"column":8},"end":{"line":89,"column":75}},"11":{"start":{"line":90,"column":8},"end":{"line":90,"column":45}},"12":{"start":{"line":91,"column":8},"end":{"line":91,"column":36}},"13":{"start":{"line":101,"column":8},"end":{"line":101,"column":72}},"14":{"start":{"line":102,"column":8},"end":{"line":102,"column":120}},"15":{"start":{"line":104,"column":8},"end":{"line":104,"column":40}},"16":{"start":{"line":111,"column":8},"end":{"line":111,"column":97}},"17":{"start":{"line":119,"column":8},"end":{"line":119,"column":72}},"18":{"start":{"line":120,"column":8},"end":{"line":120,"column":40}},"19":{"start":{"line":121,"column":8},"end":{"line":121,"column":60}},"20":{"start":{"line":123,"column":8},"end":{"line":123,"column":85}},"21":{"start":{"line":124,"column":8},"end":{"line":124,"column":120}},"22":{"start":{"line":129,"column":8},"end":{"line":129,"column":97}},"23":{"start":{"line":133,"column":8},"end":{"line":133,"column":72}},"24":{"start":{"line":134,"column":8},"end":{"line":134,"column":40}},"25":{"start":{"line":135,"column":8},"end":{"line":135,"column":60}},"26":{"start":{"line":137,"column":8},"end":{"line":137,"column":85}},"27":{"start":{"line":140,"column":8},"end":{"line":140,"column":55}},"28":{"start":{"line":146,"column":8},"end":{"line":146,"column":50}},"29":{"start":{"line":150,"column":8},"end":{"line":150,"column":60}},"30":{"start":{"line":151,"column":8},"end":{"line":151,"column":69}},"31":{"start":{"line":155,"column":8},"end":{"line":155,"column":60}},"32":{"start":{"line":156,"column":8},"end":{"line":156,"column":129}},"33":{"start":{"line":162,"column":8},"end":{"line":162,"column":35}},"34":{"start":{"line":166,"column":8},"end":{"line":166,"column":36}},"35":{"start":{"line":180,"column":8},"end":{"line":180,"column":51}}},"branchMap":{"1":{"line":57,"type":"if","locations":[{"start":{"line":57,"column":53},"end":{"line":57,"column":53}},{"start":{"line":57,"column":53},"end":{"line":57,"column":53}}]},"2":{"line":58,"type":"if","locations":[{"start":{"line":58,"column":8},"end":{"line":58,"column":8}},{"start":{"line":58,"column":8},"end":{"line":58,"column":8}}]},"3":{"line":75,"type":"if","locations":[{"start":{"line":75,"column":8},"end":{"line":75,"column":8}},{"start":{"line":75,"column":8},"end":{"line":75,"column":8}}]},"4":{"line":82,"type":"if","locations":[{"start":{"line":82,"column":60},"end":{"line":82,"column":60}},{"start":{"line":82,"column":60},"end":{"line":82,"column":60}}]},"5":{"line":83,"type":"if","locations":[{"start":{"line":83,"column":8},"end":{"line":83,"column":8}},{"start":{"line":83,"column":8},"end":{"line":83,"column":8}}]},"6":{"line":88,"type":"if","locations":[{"start":{"line":88,"column":61},"end":{"line":88,"column":61}},{"start":{"line":88,"column":61},"end":{"line":88,"column":61}}]},"7":{"line":89,"type":"if","locations":[{"start":{"line":89,"column":8},"end":{"line":89,"column":8}},{"start":{"line":89,"column":8},"end":{"line":89,"column":8}}]},"8":{"line":100,"type":"if","locations":[{"start":{"line":100,"column":15},"end":{"line":100,"column":15}},{"start":{"line":100,"column":15},"end":{"line":100,"column":15}}]},"9":{"line":101,"type":"if","locations":[{"start":{"line":101,"column":8},"end":{"line":101,"column":8}},{"start":{"line":101,"column":8},"end":{"line":101,"column":8}}]},"10":{"line":102,"type":"if","locations":[{"start":{"line":102,"column":8},"end":{"line":102,"column":8}},{"start":{"line":102,"column":8},"end":{"line":102,"column":8}}]},"11":{"line":102,"type":"cond-expr","locations":[{"start":{"line":102,"column":16},"end":{"line":102,"column":39}},{"start":{"line":102,"column":44},"end":{"line":102,"column":87}}]},"12":{"line":118,"type":"if","locations":[{"start":{"line":118,"column":15},"end":{"line":118,"column":15}},{"start":{"line":118,"column":15},"end":{"line":118,"column":15}}]},"13":{"line":119,"type":"if","locations":[{"start":{"line":119,"column":8},"end":{"line":119,"column":8}},{"start":{"line":119,"column":8},"end":{"line":119,"column":8}}]},"14":{"line":123,"type":"if","locations":[{"start":{"line":123,"column":8},"end":{"line":123,"column":8}},{"start":{"line":123,"column":8},"end":{"line":123,"column":8}}]},"15":{"line":124,"type":"if","locations":[{"start":{"line":124,"column":8},"end":{"line":124,"column":8}},{"start":{"line":124,"column":8},"end":{"line":124,"column":8}}]},"16":{"line":124,"type":"cond-expr","locations":[{"start":{"line":124,"column":16},"end":{"line":124,"column":39}},{"start":{"line":124,"column":44},"end":{"line":124,"column":87}}]},"17":{"line":132,"type":"if","locations":[{"start":{"line":132,"column":69},"end":{"line":132,"column":69}},{"start":{"line":132,"column":69},"end":{"line":132,"column":69}}]},"18":{"line":133,"type":"if","locations":[{"start":{"line":133,"column":8},"end":{"line":133,"column":8}},{"start":{"line":133,"column":8},"end":{"line":133,"column":8}}]},"19":{"line":137,"type":"if","locations":[{"start":{"line":137,"column":8},"end":{"line":137,"column":8}},{"start":{"line":137,"column":8},"end":{"line":137,"column":8}}]},"20":{"line":156,"type":"cond-expr","locations":[{"start":{"line":156,"column":51},"end":{"line":156,"column":79}},{"start":{"line":156,"column":84},"end":{"line":156,"column":126}}]}}},
"contracts\\T3Token.sol":{"l":{"125":1,"139":5,"140":5,"141":5,"142":5,"143":5,"145":5,"146":4,"148":4,"149":4,"150":4,"152":4,"153":1,"156":4,"157":4,"158":4,"159":4,"160":4,"161":3,"162":2,"163":1,"165":1,"166":1,"181":7,"182":6,"184":6,"185":6,"187":6,"191":3,"192":2,"193":2,"195":1,"196":1,"198":1,"204":45,"205":45,"206":45,"207":45,"208":40,"212":0,"217":0,"218":0,"219":0,"220":0,"221":0,"229":42,"230":42,"232":42,"233":42,"234":42,"236":42,"237":42,"238":0,"239":0,"242":42,"251":42,"253":42,"254":3,"255":3,"256":3,"257":3,"258":3,"261":42,"262":40,"263":40,"264":40,"265":40,"268":42,"269":42,"270":42,"271":2,"274":40,"275":29,"278":40,"279":40,"281":40,"290":40,"291":40,"293":40,"302":40,"307":45,"308":44,"310":43,"312":1,"315":42,"317":42,"323":40,"324":40,"327":40,"329":40,"341":40,"342":0,"344":40,"345":40,"347":40,"348":40,"349":40,"351":40,"352":40,"353":40,"358":116,"359":116,"360":116,"361":116,"363":116,"364":116,"365":116,"366":116,"367":116,"368":116,"369":116,"370":116,"371":116,"372":116,"373":116,"375":116,"376":385,"377":385,"378":385,"379":385,"380":385,"381":330,"382":269,"383":269,"385":0,"386":0,"387":0,"391":61,"395":385,"396":330,"398":385,"400":116,"404":82,"405":82,"406":82,"407":82,"409":82,"410":62,"411":62,"412":62,"413":0,"415":62,"417":62,"418":0,"419":0,"421":62,"423":82,"424":0,"426":82,"435":116,"436":116,"437":116,"438":116,"439":116,"440":116,"441":34,"443":82,"444":82,"445":82,"446":82,"447":82,"451":234,"452":234,"453":234,"454":234,"455":136,"457":234,"458":0,"460":234,"461":234,"462":234,"463":234,"464":234,"465":234,"466":234,"470":40,"471":40,"472":13,"474":27,"475":10,"476":10,"477":10,"478":10,"479":10,"481":17,"482":17,"483":17,"484":17,"485":17,"490":40,"491":40,"492":40,"493":40,"494":40,"496":40,"497":40,"498":27,"499":27,"500":0,"501":0,"502":0,"504":0,"508":40,"510":40,"514":40,"515":40,"516":0,"517":0,"519":40,"520":40,"521":40,"525":2,"526":2,"527":2,"528":2,"536":60,"537":58,"543":1,"544":1,"546":1,"547":1,"548":1,"549":1,"551":1,"553":1,"554":1,"555":1,"557":1,"558":1,"562":1,"563":1,"564":1,"565":1,"567":1,"568":1,"569":1,"570":1,"571":1,"572":1,"573":1,"574":1,"575":1,"577":1,"578":1,"579":1,"583":1,"584":1,"589":22,"592":22,"600":74,"601":74,"603":74,"605":74,"606":74,"608":74,"609":74,"610":74,"611":64,"612":64,"614":10,"617":74,"618":74,"619":44,"620":0,"621":0,"622":0,"623":0,"625":0,"628":44,"631":30,"634":74,"636":74,"637":74,"638":74,"640":74,"641":48,"642":48,"644":10,"645":10,"647":16,"648":16,"650":74,"652":74,"654":74,"659":57,"660":57,"661":57,"662":57,"663":57,"664":57,"665":57,"669":1,"670":1,"674":1,"675":1,"676":1,"677":1,"682":6,"683":5,"684":4,"685":3,"686":2,"687":2,"690":5,"691":5,"692":5,"693":5,"694":4,"695":4,"696":2,"697":2,"702":1,"703":1,"706":2,"707":1,"710":6,"711":5,"712":4,"715":3,"716":2,"717":1,"718":1,"719":1,"723":2,"724":2,"725":1,"726":1,"727":1,"731":2,"732":1,"736":1,"739":1,"752":4,"757":3,"759":1},"path":"C:\\Users\\jesse\\OneDrive\\T3 Project\\T3-Base\\T3-Contract_v3_AVAX\\contracts\\T3Token.sol","s":{"1":1,"2":5,"3":5,"4":5,"5":5,"6":5,"7":5,"8":4,"9":4,"10":4,"11":4,"12":1,"13":4,"14":3,"15":2,"16":1,"17":1,"18":7,"19":6,"20":6,"21":6,"22":3,"23":2,"24":2,"25":1,"26":1,"27":45,"28":45,"29":45,"30":45,"31":40,"32":0,"33":0,"34":0,"35":0,"36":0,"37":0,"38":42,"39":42,"40":42,"41":42,"42":42,"43":42,"44":42,"45":0,"46":42,"47":42,"48":42,"49":3,"50":3,"51":3,"52":42,"53":40,"54":40,"55":27,"56":42,"57":42,"58":42,"59":40,"60":29,"61":40,"62":40,"63":40,"64":40,"65":40,"66":45,"67":44,"68":43,"69":1,"70":42,"71":42,"72":40,"73":40,"74":40,"75":40,"76":40,"77":0,"78":40,"79":40,"80":40,"81":40,"82":116,"83":0,"84":116,"85":116,"86":116,"87":116,"88":385,"89":385,"90":385,"91":385,"92":385,"93":330,"94":269,"95":0,"96":385,"97":385,"98":116,"99":82,"100":0,"101":82,"102":82,"103":82,"104":82,"105":62,"106":62,"107":62,"108":62,"109":82,"110":82,"111":116,"112":0,"113":116,"114":116,"115":116,"116":116,"117":116,"118":34,"119":82,"120":82,"121":82,"122":82,"123":234,"124":234,"125":234,"126":234,"127":234,"128":234,"129":234,"130":234,"131":234,"132":234,"133":40,"134":40,"135":13,"136":27,"137":10,"138":17,"139":40,"140":40,"141":40,"142":40,"143":40,"144":40,"145":27,"146":27,"147":0,"148":0,"149":40,"150":40,"151":40,"152":40,"153":40,"154":2,"155":2,"156":60,"157":1,"158":1,"159":1,"160":1,"161":1,"162":1,"163":1,"164":1,"165":1,"166":1,"167":1,"168":1,"169":1,"170":1,"171":1,"172":1,"173":1,"174":1,"175":1,"176":1,"177":1,"178":1,"179":1,"180":1,"181":22,"182":22,"183":74,"184":74,"185":74,"186":74,"187":74,"188":74,"189":44,"190":0,"191":74,"192":74,"193":74,"194":26,"195":74,"196":57,"197":57,"198":57,"199":57,"200":57,"201":57,"202":1,"203":1,"204":1,"205":1,"206":1,"207":1,"208":6,"209":5,"210":4,"211":3,"212":2,"213":5,"214":5,"215":5,"216":5,"217":4,"218":4,"219":2,"220":1,"221":2,"222":6,"223":5,"224":3,"225":2,"226":1,"227":2,"228":2,"229":1,"230":2,"231":1,"232":1,"233":4,"234":3,"235":1},"b":{"1":[5,0],"2":[4,1],"3":[1,3],"4":[3,1],"5":[2,1],"6":[1,1],"7":[1,0],"8":[1,0],"9":[1,1],"10":[7,0],"11":[7,0],"12":[6,1],"13":[3,0],"14":[3,0],"15":[2,1],"16":[1,1],"17":[45,1],"18":[0,0],"19":[21,21],"20":[0,42],"21":[0,0],"22":[3,39],"23":[1,2],"24":[3,0],"25":[40,2],"26":[27,13],"27":[2,40],"28":[29,11],"29":[40,0],"30":[44,1],"31":[43,1],"32":[1,42],"33":[40,0],"34":[0,40],"35":[40,0],"36":[40,0],"37":[0,116],"38":[116,269],"39":[330,55],"40":[269,61],"41":[269,0],"42":[0,0],"43":[330,55],"44":[116,269],"45":[0,82],"46":[0,62],"47":[0,62],"48":[0,62],"49":[0,82],"50":[0,116],"51":[21,95],"52":[82,34],"53":[34,82],"54":[136,98],"55":[0,234],"56":[0,234],"57":[0,234],"58":[13,27],"59":[13,0],"60":[10,17],"61":[40,0],"62":[0,40],"63":[27,13],"64":[0,27],"65":[0,0],"66":[0,40],"67":[0,40],"68":[0,40],"69":[58,2],"70":[1,0],"71":[1,0],"72":[1,0],"73":[1,0],"74":[1,0],"75":[1,0],"76":[1,0],"77":[1,0],"78":[1,0],"79":[1,0],"80":[1,0],"81":[1,0],"82":[1,0],"83":[74,0],"84":[74,0],"85":[64,10],"86":[44,30],"87":[0,44],"88":[0,0],"89":[48,26],"90":[48,0],"91":[10,16],"92":[57,0],"93":[57,0],"94":[57,0],"95":[57,0],"96":[1,0],"97":[1,0],"98":[1,0],"99":[1,0],"100":[6,1],"101":[5,1],"102":[4,1],"103":[3,1],"104":[2,1],"105":[5,1],"106":[5,0],"107":[5,0],"108":[5,0],"109":[4,1],"110":[2,2],"111":[1,1],"112":[2,0],"113":[1,1],"114":[6,0],"115":[5,1],"116":[4,1],"117":[3,0],"118":[2,1],"119":[1,1],"120":[1,0],"121":[2,0],"122":[2,0],"123":[1,1],"124":[1,0],"125":[2,0],"126":[1,1],"127":[1,0],"128":[1,0],"129":[3,1],"130":[1,1],"131":[1,1]},"f":{"1":1,"2":5,"3":1,"4":7,"5":3,"6":45,"7":0,"8":42,"9":42,"10":40,"11":45,"12":40,"13":116,"14":82,"15":116,"16":234,"17":40,"18":40,"19":40,"20":2,"21":324,"22":60,"23":1,"24":1,"25":22,"26":22,"27":74,"28":57,"29":1,"30":1,"31":6,"32":5,"33":1,"34":2,"35":6,"36":3,"37":2,"38":2,"39":1,"40":1,"41":4},"fnMap":{"1":{"name":"constructor","line":124,"loc":{"start":{"line":124,"column":4},"end":{"line":126,"column":4}}},"2":{"name":"initialize","line":138,"loc":{"start":{"line":128,"column":4},"end":{"line":168,"column":4}}},"3":{"name":"_authorizeUpgrade","line":173,"loc":{"start":{"line":170,"column":4},"end":{"line":176,"column":4}}},"4":{"name":"prefundFees","line":180,"loc":{"start":{"line":180,"column":4},"end":{"line":188,"column":4}}},"5":{"name":"withdrawPrefundedFees","line":190,"loc":{"start":{"line":190,"column":4},"end":{"line":199,"column":4}}},"6":{"name":"transfer","line":203,"loc":{"start":{"line":203,"column":4},"end":{"line":209,"column":4}}},"7":{"name":"transferFrom","line":211,"loc":{"start":{"line":211,"column":4},"end":{"line":222,"column":4}}},"8":{"name":"_calculateTotalFeeAssessed","line":224,"loc":{"start":{"line":224,"column":4},"end":{"line":243,"column":4}}},"9":{"name":"_handleFeePaymentAndTransfers","line":245,"loc":{"start":{"line":245,"column":4},"end":{"line":282,"column":4}}},"10":{"name":"_updatePostTransferMetadata","line":284,"loc":{"start":{"line":284,"column":4},"end":{"line":303,"column":4}}},"11":{"name":"_transferWithT3Logic","line":306,"loc":{"start":{"line":306,"column":4},"end":{"line":338,"column":4}}},"12":{"name":"processFee","line":340,"loc":{"start":{"line":340,"column":4},"end":{"line":355,"column":4}}},"13":{"name":"calculateBaseFeeAmount","line":357,"loc":{"start":{"line":357,"column":4},"end":{"line":401,"column":4}}},"14":{"name":"calculateAmountRiskScaler","line":403,"loc":{"start":{"line":403,"column":3},"end":{"line":427,"column":3}}},"15":{"name":"applyRiskAdjustments","line":429,"loc":{"start":{"line":429,"column":4},"end":{"line":448,"column":4}}},"16":{"name":"calculateRiskFactor","line":450,"loc":{"start":{"line":450,"column":4},"end":{"line":467,"column":4}}},"17":{"name":"applyCredits","line":469,"loc":{"start":{"line":469,"column":5},"end":{"line":487,"column":5}}},"18":{"name":"calculateAdaptiveHalfLife","line":489,"loc":{"start":{"line":489,"column":4},"end":{"line":511,"column":4}}},"19":{"name":"updateRollingAverage","line":513,"loc":{"start":{"line":513,"column":4},"end":{"line":522,"column":4}}},"20":{"name":"updateWalletRiskProfileOnReversal","line":524,"loc":{"start":{"line":524,"column":4},"end":{"line":529,"column":4}}},"21":{"name":"_ensureProfileExists","line":531,"loc":{"start":{"line":531,"column":4},"end":{"line":533,"column":4}}},"22":{"name":"_ensureProfileExistsForWrite","line":535,"loc":{"start":{"line":535,"column":4},"end":{"line":539,"column":4}}},"23":{"name":"reverseTransfer","line":542,"loc":{"start":{"line":542,"column":5},"end":{"line":559,"column":5}}},"24":{"name":"checkHalfLifeExpiry","line":561,"loc":{"start":{"line":561,"column":5},"end":{"line":585,"column":6}}},"25":{"name":"getAvailableCredits","line":588,"loc":{"start":{"line":588,"column":4},"end":{"line":590,"column":5}}},"26":{"name":"getPrefundedFeeBalance","line":591,"loc":{"start":{"line":591,"column":4},"end":{"line":593,"column":4}}},"27":{"name":"estimateTransferFeeDetails","line":595,"loc":{"start":{"line":595,"column":4},"end":{"line":655,"column":4}}},"28":{"name":"mint","line":658,"loc":{"start":{"line":658,"column":5},"end":{"line":666,"column":6}}},"29":{"name":"burn","line":668,"loc":{"start":{"line":668,"column":6},"end":{"line":671,"column":7}}},"30":{"name":"burnFrom","line":673,"loc":{"start":{"line":673,"column":7},"end":{"line":678,"column":7}}},"31":{"name":"recordInterbankLiability","line":681,"loc":{"start":{"line":681,"column":5},"end":{"line":688,"column":6}}},"32":{"name":"clearInterbankLiability","line":689,"loc":{"start":{"line":689,"column":6},"end":{"line":698,"column":6}}},"33":{"name":"flagAbnormalTransaction","line":701,"loc":{"start":{"line":701,"column":5},"end":{"line":704,"column":6}}},"34":{"name":"setTreasuryAddress","line":705,"loc":{"start":{"line":705,"column":6},"end":{"line":708,"column":7}}},"35":{"name":"setHalfLifeDuration","line":709,"loc":{"start":{"line":709,"column":7},"end":{"line":713,"column":7}}},"36":{"name":"setMinHalfLifeDuration","line":714,"loc":{"start":{"line":714,"column":7},"end":{"line":721,"column":7}}},"37":{"name":"setMaxHalfLifeDuration","line":722,"loc":{"start":{"line":722,"column":7},"end":{"line":729,"column":7}}},"38":{"name":"setInactivityResetPeriod","line":730,"loc":{"start":{"line":730,"column":7},"end":{"line":733,"column":7}}},"39":{"name":"pause","line":735,"loc":{"start":{"line":735,"column":4},"end":{"line":737,"column":4}}},"40":{"name":"unpause","line":738,"loc":{"start":{"line":738,"column":4},"end":{"line":740,"column":4}}},"41":{"name":"supportsInterface","line":744,"loc":{"start":{"line":744,"column":4},"end":{"line":760,"column":4}}}},"statementMap":{"1":{"start":{"line":125,"column":8},"end":{"line":125,"column":29}},"2":{"start":{"line":139,"column":8},"end":{"line":139,"column":33}},"3":{"start":{"line":140,"column":8},"end":{"line":140,"column":29}},"4":{"start":{"line":141,"column":8},"end":{"line":141,"column":29}},"5":{"start":{"line":142,"column":8},"end":{"line":142,"column":31}},"6":{"start":{"line":143,"column":8},"end":{"line":143,"column":31}},"7":{"start":{"line":145,"column":8},"end":{"line":145,"column":81}},"8":{"start":{"line":148,"column":8},"end":{"line":148,"column":51}},"9":{"start":{"line":149,"column":8},"end":{"line":149,"column":43}},"10":{"start":{"line":150,"column":8},"end":{"line":150,"column":44}},"11":{"start":{"line":152,"column":8},"end":{"line":152,"column":6153}},"12":{"start":{"line":153,"column":12},"end":{"line":153,"column":55}},"13":{"start":{"line":160,"column":8},"end":{"line":160,"column":72}},"14":{"start":{"line":161,"column":8},"end":{"line":161,"column":86}},"15":{"start":{"line":162,"column":8},"end":{"line":162,"column":132}},"16":{"start":{"line":163,"column":8},"end":{"line":163,"column":79}},"17":{"start":{"line":165,"column":8},"end":{"line":165,"column":6888}},"18":{"start":{"line":181,"column":8},"end":{"line":181,"column":61}},"19":{"start":{"line":182,"column":8},"end":{"line":182,"column":37}},"20":{"start":{"line":184,"column":8},"end":{"line":184,"column":55}},"21":{"start":{"line":187,"column":8},"end":{"line":187,"column":41}},"22":{"start":{"line":191,"column":8},"end":{"line":191,"column":62}},"23":{"start":{"line":192,"column":8},"end":{"line":192,"column":37}},"24":{"start":{"line":193,"column":8},"end":{"line":193,"column":89}},"25":{"start":{"line":196,"column":8},"end":{"line":196,"column":55}},"26":{"start":{"line":198,"column":8},"end":{"line":198,"column":50}},"27":{"start":{"line":204,"column":8},"end":{"line":204,"column":37}},"28":{"start":{"line":205,"column":8},"end":{"line":205,"column":35}},"29":{"start":{"line":206,"column":8},"end":{"line":206,"column":38}},"30":{"start":{"line":207,"column":8},"end":{"line":207,"column":74}},"31":{"start":{"line":208,"column":8},"end":{"line":208,"column":19}},"32":{"start":{"line":212,"column":8},"end":{"line":212,"column":38}},"33":{"start":{"line":217,"column":8},"end":{"line":217,"column":65}},"34":{"start":{"line":218,"column":8},"end":{"line":218,"column":33}},"35":{"start":{"line":219,"column":8},"end":{"line":219,"column":31}},"36":{"start":{"line":220,"column":8},"end":{"line":220,"column":65}},"37":{"start":{"line":221,"column":8},"end":{"line":221,"column":19}},"38":{"start":{"line":229,"column":8},"end":{"line":229,"column":76}},"39":{"start":{"line":230,"column":8},"end":{"line":230,"column":107}},"40":{"start":{"line":232,"column":8},"end":{"line":232,"column":39}},"41":{"start":{"line":233,"column":8},"end":{"line":233,"column":95}},"42":{"start":{"line":234,"column":8},"end":{"line":234,"column":62}},"43":{"start":{"line":236,"column":8},"end":{"line":236,"column":41}},"44":{"start":{"line":237,"column":8},"end":{"line":237,"column":9955}},"45":{"start":{"line":238,"column":13},"end":{"line":238,"column":10065}},"46":{"start":{"line":242,"column":8},"end":{"line":242,"column":23}},"47":{"start":{"line":251,"column":8},"end":{"line":251,"column":54}},"48":{"start":{"line":253,"column":8},"end":{"line":253,"column":10600}},"49":{"start":{"line":254,"column":12},"end":{"line":254,"column":143}},"50":{"start":{"line":258,"column":12},"end":{"line":258,"column":83}},"51":{"start":{"line":258,"column":37},"end":{"line":258,"column":83}},"52":{"start":{"line":261,"column":8},"end":{"line":261,"column":11087}},"53":{"start":{"line":262,"column":12},"end":{"line":262,"column":112}},"54":{"start":{"line":265,"column":12},"end":{"line":265,"column":84}},"55":{"start":{"line":265,"column":36},"end":{"line":265,"column":84}},"56":{"start":{"line":268,"column":8},"end":{"line":268,"column":94}},"57":{"start":{"line":269,"column":8},"end":{"line":269,"column":56}},"58":{"start":{"line":270,"column":8},"end":{"line":270,"column":11608}},"59":{"start":{"line":274,"column":8},"end":{"line":274,"column":11795}},"60":{"start":{"line":275,"column":12},"end":{"line":275,"column":71}},"61":{"start":{"line":278,"column":8},"end":{"line":278,"column":11922}},"62":{"start":{"line":279,"column":12},"end":{"line":279,"column":73}},"63":{"start":{"line":281,"column":8},"end":{"line":281,"column":75}},"64":{"start":{"line":291,"column":8},"end":{"line":291,"column":107}},"65":{"start":{"line":302,"column":8},"end":{"line":302,"column":66}},"66":{"start":{"line":307,"column":8},"end":{"line":307,"column":67}},"67":{"start":{"line":308,"column":8},"end":{"line":308,"column":91}},"68":{"start":{"line":310,"column":8},"end":{"line":310,"column":13355}},"69":{"start":{"line":312,"column":12},"end":{"line":312,"column":85}},"70":{"start":{"line":315,"column":8},"end":{"line":315,"column":113}},"71":{"start":{"line":317,"column":8},"end":{"line":317,"column":13810}},"72":{"start":{"line":323,"column":8},"end":{"line":323,"column":13967}},"73":{"start":{"line":324,"column":12},"end":{"line":324,"column":63}},"74":{"start":{"line":327,"column":8},"end":{"line":327,"column":104}},"75":{"start":{"line":329,"column":8},"end":{"line":329,"column":14209}},"76":{"start":{"line":341,"column":8},"end":{"line":341,"column":14603}},"77":{"start":{"line":342,"column":12},"end":{"line":342,"column":18}},"78":{"start":{"line":344,"column":8},"end":{"line":344,"column":75}},"79":{"start":{"line":345,"column":8},"end":{"line":345,"column":78}},"80":{"start":{"line":347,"column":8},"end":{"line":347,"column":14855}},"81":{"start":{"line":351,"column":8},"end":{"line":351,"column":15040}},"82":{"start":{"line":358,"column":8},"end":{"line":358,"column":33}},"83":{"start":{"line":358,"column":25},"end":{"line":358,"column":33}},"84":{"start":{"line":359,"column":8},"end":{"line":359,"column":28}},"85":{"start":{"line":360,"column":8},"end":{"line":360,"column":56}},"86":{"start":{"line":361,"column":8},"end":{"line":361,"column":48}},"87":{"start":{"line":375,"column":8},"end":{"line":375,"column":16307}},"88":{"start":{"line":376,"column":12},"end":{"line":376,"column":45}},"89":{"start":{"line":377,"column":12},"end":{"line":377,"column":51}},"90":{"start":{"line":378,"column":12},"end":{"line":378,"column":60}},"91":{"start":{"line":379,"column":12},"end":{"line":379,"column":36}},"92":{"start":{"line":380,"column":12},"end":{"line":380,"column":16570}},"93":{"start":{"line":381,"column":16},"end":{"line":381,"column":16617}},"94":{"start":{"line":382,"column":20},"end":{"line":382,"column":16671}},"95":{"start":{"line":386,"column":25},"end":{"line":386,"column":16874}},"96":{"start":{"line":395,"column":12},"end":{"line":395,"column":17167}},"97":{"start":{"line":398,"column":12},"end":{"line":398,"column":43}},"98":{"start":{"line":400,"column":8},"end":{"line":400,"column":23}},"99":{"start":{"line":404,"column":9},"end":{"line":404,"column":34}},"100":{"start":{"line":404,"column":26},"end":{"line":404,"column":34}},"101":{"start":{"line":405,"column":9},"end":{"line":405,"column":44}},"102":{"start":{"line":406,"column":9},"end":{"line":406,"column":55}},"103":{"start":{"line":407,"column":9},"end":{"line":407,"column":56}},"104":{"start":{"line":409,"column":9},"end":{"line":409,"column":17713}},"105":{"start":{"line":410,"column":13},"end":{"line":410,"column":68}},"106":{"start":{"line":411,"column":13},"end":{"line":411,"column":44}},"107":{"start":{"line":412,"column":13},"end":{"line":412,"column":17923}},"108":{"start":{"line":417,"column":13},"end":{"line":417,"column":18083}},"109":{"start":{"line":423,"column":9},"end":{"line":423,"column":18333}},"110":{"start":{"line":426,"column":9},"end":{"line":426,"column":32}},"111":{"start":{"line":435,"column":9},"end":{"line":435,"column":41}},"112":{"start":{"line":435,"column":33},"end":{"line":435,"column":41}},"113":{"start":{"line":436,"column":9},"end":{"line":436,"column":62}},"114":{"start":{"line":437,"column":9},"end":{"line":437,"column":68}},"115":{"start":{"line":438,"column":9},"end":{"line":438,"column":114}},"116":{"start":{"line":439,"column":9},"end":{"line":439,"column":108}},"117":{"start":{"line":440,"column":9},"end":{"line":440,"column":19106}},"118":{"start":{"line":441,"column":13},"end":{"line":441,"column":33}},"119":{"start":{"line":443,"column":9},"end":{"line":443,"column":68}},"120":{"start":{"line":444,"column":9},"end":{"line":444,"column":87}},"121":{"start":{"line":445,"column":9},"end":{"line":445,"column":72}},"122":{"start":{"line":447,"column":9},"end":{"line":447,"column":28}},"123":{"start":{"line":451,"column":10},"end":{"line":451,"column":37}},"124":{"start":{"line":452,"column":10},"end":{"line":452,"column":72}},"125":{"start":{"line":453,"column":9},"end":{"line":453,"column":42}},"126":{"start":{"line":454,"column":9},"end":{"line":454,"column":19789}},"127":{"start":{"line":457,"column":9},"end":{"line":457,"column":19929}},"128":{"start":{"line":460,"column":9},"end":{"line":460,"column":43}},"129":{"start":{"line":461,"column":9},"end":{"line":461,"column":63}},"130":{"start":{"line":463,"column":9},"end":{"line":463,"column":43}},"131":{"start":{"line":464,"column":9},"end":{"line":464,"column":64}},"132":{"start":{"line":466,"column":9},"end":{"line":466,"column":26}},"133":{"start":{"line":470,"column":10},"end":{"line":470,"column":69}},"134":{"start":{"line":471,"column":10},"end":{"line":471,"column":20761}},"135":{"start":{"line":472,"column":14},"end":{"line":472,"column":36}},"136":{"start":{"line":474,"column":10},"end":{"line":474,"column":20870}},"137":{"start":{"line":479,"column":14},"end":{"line":479,"column":68}},"138":{"start":{"line":485,"column":14},"end":{"line":485,"column":68}},"139":{"start":{"line":490,"column":9},"end":{"line":490,"column":51}},"140":{"start":{"line":491,"column":9},"end":{"line":491,"column":69}},"141":{"start":{"line":492,"column":9},"end":{"line":492,"column":21761}},"142":{"start":{"line":493,"column":13},"end":{"line":493,"column":79}},"143":{"start":{"line":496,"column":9},"end":{"line":496,"column":61}},"144":{"start":{"line":497,"column":9},"end":{"line":497,"column":22030}},"145":{"start":{"line":498,"column":13},"end":{"line":498,"column":60}},"146":{"start":{"line":499,"column":13},"end":{"line":499,"column":22156}},"147":{"start":{"line":500,"column":17},"end":{"line":500,"column":62}},"148":{"start":{"line":501,"column":17},"end":{"line":501,"column":22275}},"149":{"start":{"line":508,"column":9},"end":{"line":508,"column":22604}},"150":{"start":{"line":509,"column":14},"end":{"line":509,"column":98}},"151":{"start":{"line":510,"column":9},"end":{"line":510,"column":31}},"152":{"start":{"line":514,"column":9},"end":{"line":514,"column":61}},"153":{"start":{"line":515,"column":9},"end":{"line":515,"column":22897}},"154":{"start":{"line":525,"column":9},"end":{"line":525,"column":44}},"155":{"start":{"line":526,"column":9},"end":{"line":526,"column":71}},"156":{"start":{"line":536,"column":9},"end":{"line":536,"column":23665}},"157":{"start":{"line":543,"column":8},"end":{"line":543,"column":59}},"158":{"start":{"line":544,"column":8},"end":{"line":544,"column":81}},"159":{"start":{"line":546,"column":8},"end":{"line":546,"column":92}},"160":{"start":{"line":547,"column":8},"end":{"line":547,"column":72}},"161":{"start":{"line":548,"column":8},"end":{"line":548,"column":84}},"162":{"start":{"line":549,"column":8},"end":{"line":549,"column":71}},"163":{"start":{"line":551,"column":8},"end":{"line":551,"column":137}},"164":{"start":{"line":554,"column":8},"end":{"line":554,"column":70}},"165":{"start":{"line":555,"column":8},"end":{"line":555,"column":69}},"166":{"start":{"line":557,"column":8},"end":{"line":557,"column":98}},"167":{"start":{"line":558,"column":8},"end":{"line":558,"column":105}},"168":{"start":{"line":562,"column":8},"end":{"line":562,"column":60}},"169":{"start":{"line":563,"column":8},"end":{"line":563,"column":75}},"170":{"start":{"line":564,"column":8},"end":{"line":564,"column":65}},"171":{"start":{"line":565,"column":8},"end":{"line":565,"column":91}},"172":{"start":{"line":567,"column":8},"end":{"line":567,"column":64}},"173":{"start":{"line":568,"column":8},"end":{"line":568,"column":25501}},"174":{"start":{"line":569,"column":12},"end":{"line":569,"column":68}},"175":{"start":{"line":570,"column":12},"end":{"line":570,"column":25625}},"176":{"start":{"line":571,"column":16},"end":{"line":571,"column":62}},"177":{"start":{"line":572,"column":16},"end":{"line":572,"column":25741}},"178":{"start":{"line":575,"column":21},"end":{"line":575,"column":81}},"179":{"start":{"line":579,"column":21},"end":{"line":579,"column":72}},"180":{"start":{"line":584,"column":8},"end":{"line":584,"column":53}},"181":{"start":{"line":589,"column":8},"end":{"line":589,"column":46}},"182":{"start":{"line":592,"column":8},"end":{"line":592,"column":43}},"183":{"start":{"line":600,"column":8},"end":{"line":600,"column":77}},"184":{"start":{"line":601,"column":8},"end":{"line":601,"column":101}},"185":{"start":{"line":605,"column":8},"end":{"line":605,"column":76}},"186":{"start":{"line":606,"column":8},"end":{"line":606,"column":111}},"187":{"start":{"line":610,"column":8},"end":{"line":610,"column":27544}},"188":{"start":{"line":618,"column":8},"end":{"line":618,"column":27833}},"189":{"start":{"line":619,"column":13},"end":{"line":619,"column":27991}},"190":{"start":{"line":622,"column":18},"end":{"line":622,"column":28236}},"191":{"start":{"line":636,"column":8},"end":{"line":636,"column":67}},"192":{"start":{"line":638,"column":8},"end":{"line":638,"column":40}},"193":{"start":{"line":640,"column":8},"end":{"line":640,"column":28855}},"194":{"start":{"line":643,"column":15},"end":{"line":643,"column":29050}},"195":{"start":{"line":654,"column":8},"end":{"line":654,"column":22}},"196":{"start":{"line":659,"column":9},"end":{"line":659,"column":68}},"197":{"start":{"line":660,"column":9},"end":{"line":660,"column":59}},"198":{"start":{"line":661,"column":9},"end":{"line":661,"column":45}},"199":{"start":{"line":662,"column":9},"end":{"line":662,"column":38}},"200":{"start":{"line":664,"column":9},"end":{"line":664,"column":47}},"201":{"start":{"line":665,"column":9},"end":{"line":665,"column":60}},"202":{"start":{"line":669,"column":10},"end":{"line":669,"column":60}},"203":{"start":{"line":670,"column":10},"end":{"line":670,"column":42}},"204":{"start":{"line":674,"column":11},"end":{"line":674,"column":61}},"205":{"start":{"line":675,"column":11},"end":{"line":675,"column":41}},"206":{"start":{"line":676,"column":11},"end":{"line":676,"column":51}},"207":{"start":{"line":677,"column":11},"end":{"line":677,"column":38}},"208":{"start":{"line":682,"column":9},"end":{"line":682,"column":70}},"209":{"start":{"line":683,"column":9},"end":{"line":683,"column":74}},"210":{"start":{"line":684,"column":9},"end":{"line":684,"column":64}},"211":{"start":{"line":685,"column":9},"end":{"line":685,"column":54}},"212":{"start":{"line":687,"column":9},"end":{"line":687,"column":66}},"213":{"start":{"line":690,"column":9},"end":{"line":690,"column":70}},"214":{"start":{"line":691,"column":9},"end":{"line":691,"column":74}},"215":{"start":{"line":692,"column":9},"end":{"line":692,"column":64}},"216":{"start":{"line":693,"column":9},"end":{"line":693,"column":70}},"217":{"start":{"line":694,"column":9},"end":{"line":694,"column":72}},"218":{"start":{"line":695,"column":9},"end":{"line":695,"column":99}},"219":{"start":{"line":697,"column":9},"end":{"line":697,"column":72}},"220":{"start":{"line":702,"column":9},"end":{"line":702,"column":44}},"221":{"start":{"line":706,"column":10},"end":{"line":706,"column":83}},"222":{"start":{"line":710,"column":10},"end":{"line":710,"column":75}},"223":{"start":{"line":711,"column":10},"end":{"line":711,"column":75}},"224":{"start":{"line":715,"column":10},"end":{"line":715,"column":66}},"225":{"start":{"line":716,"column":10},"end":{"line":716,"column":80}},"226":{"start":{"line":718,"column":10},"end":{"line":718,"column":33129}},"227":{"start":{"line":723,"column":10},"end":{"line":723,"column":66}},"228":{"start":{"line":724,"column":10},"end":{"line":724,"column":82}},"229":{"start":{"line":726,"column":11},"end":{"line":726,"column":33578}},"230":{"start":{"line":731,"column":10},"end":{"line":731,"column":71}},"231":{"start":{"line":736,"column":8},"end":{"line":736,"column":15}},"232":{"start":{"line":739,"column":8},"end":{"line":739,"column":17}},"233":{"start":{"line":752,"column":8},"end":{"line":752,"column":34428}},"234":{"start":{"line":757,"column":12},"end":{"line":757,"column":23}},"235":{"start":{"line":759,"column":8},"end":{"line":759,"column":51}}},"branchMap":{"1":{"line":138,"type":"if","locations":[{"start":{"line":138,"column":13},"end":{"line":138,"column":13}},{"start":{"line":138,"column":13},"end":{"line":138,"column":13}}]},"2":{"line":145,"type":"if","locations":[{"start":{"line":145,"column":8},"end":{"line":145,"column":8}},{"start":{"line":145,"column":8},"end":{"line":145,"column":8}}]},"3":{"line":152,"type":"if","locations":[{"start":{"line":152,"column":8},"end":{"line":152,"column":8}},{"start":{"line":152,"column":8},"end":{"line":152,"column":8}}]},"4":{"line":160,"type":"if","locations":[{"start":{"line":160,"column":8},"end":{"line":160,"column":8}},{"start":{"line":160,"column":8},"end":{"line":160,"column":8}}]},"5":{"line":161,"type":"if","locations":[{"start":{"line":161,"column":8},"end":{"line":161,"column":8}},{"start":{"line":161,"column":8},"end":{"line":161,"column":8}}]},"6":{"line":162,"type":"if","locations":[{"start":{"line":162,"column":8},"end":{"line":162,"column":8}},{"start":{"line":162,"column":8},"end":{"line":162,"column":8}}]},"7":{"line":163,"type":"if","locations":[{"start":{"line":163,"column":8},"end":{"line":163,"column":8}},{"start":{"line":163,"column":8},"end":{"line":163,"column":8}}]},"8":{"line":165,"type":"if","locations":[{"start":{"line":165,"column":8},"end":{"line":165,"column":8}},{"start":{"line":165,"column":8},"end":{"line":165,"column":8}}]},"9":{"line":173,"type":"if","locations":[{"start":{"line":173,"column":8},"end":{"line":173,"column":8}},{"start":{"line":173,"column":8},"end":{"line":173,"column":8}}]},"10":{"line":180,"type":"if","locations":[{"start":{"line":180,"column":50},"end":{"line":180,"column":50}},{"start":{"line":180,"column":50},"end":{"line":180,"column":50}}]},"11":{"line":180,"type":"if","locations":[{"start":{"line":180,"column":64},"end":{"line":180,"column":64}},{"start":{"line":180,"column":64},"end":{"line":180,"column":64}}]},"12":{"line":181,"type":"if","locations":[{"start":{"line":181,"column":8},"end":{"line":181,"column":8}},{"start":{"line":181,"column":8},"end":{"line":181,"column":8}}]},"13":{"line":190,"type":"if","locations":[{"start":{"line":190,"column":60},"end":{"line":190,"column":60}},{"start":{"line":190,"column":60},"end":{"line":190,"column":60}}]},"14":{"line":190,"type":"if","locations":[{"start":{"line":190,"column":74},"end":{"line":190,"column":74}},{"start":{"line":190,"column":74},"end":{"line":190,"column":74}}]},"15":{"line":191,"type":"if","locations":[{"start":{"line":191,"column":8},"end":{"line":191,"column":8}},{"start":{"line":191,"column":8},"end":{"line":191,"column":8}}]},"16":{"line":193,"type":"if","locations":[{"start":{"line":193,"column":8},"end":{"line":193,"column":8}},{"start":{"line":193,"column":8},"end":{"line":193,"column":8}}]},"17":{"line":203,"type":"if","locations":[{"start":{"line":203,"column":101},"end":{"line":203,"column":101}},{"start":{"line":203,"column":101},"end":{"line":203,"column":101}}]},"18":{"line":211,"type":"if","locations":[{"start":{"line":211,"column":112},"end":{"line":211,"column":112}},{"start":{"line":211,"column":112},"end":{"line":211,"column":112}}]},"19":{"line":234,"type":"if","locations":[{"start":{"line":234,"column":8},"end":{"line":234,"column":8}},{"start":{"line":234,"column":8},"end":{"line":234,"column":8}}]},"20":{"line":237,"type":"if","locations":[{"start":{"line":237,"column":8},"end":{"line":237,"column":8}},{"start":{"line":237,"column":8},"end":{"line":237,"column":8}}]},"21":{"line":238,"type":"if","locations":[{"start":{"line":238,"column":13},"end":{"line":238,"column":13}},{"start":{"line":238,"column":13},"end":{"line":238,"column":13}}]},"22":{"line":253,"type":"if","locations":[{"start":{"line":253,"column":8},"end":{"line":253,"column":8}},{"start":{"line":253,"column":8},"end":{"line":253,"column":8}}]},"23":{"line":254,"type":"if","locations":[{"start":{"line":254,"column":93},"end":{"line":254,"column":111}},{"start":{"line":254,"column":115},"end":{"line":254,"column":142}}]},"24":{"line":258,"type":"if","locations":[{"start":{"line":258,"column":12},"end":{"line":258,"column":12}},{"start":{"line":258,"column":12},"end":{"line":258,"column":12}}]},"25":{"line":261,"type":"if","locations":[{"start":{"line":261,"column":8},"end":{"line":261,"column":8}},{"start":{"line":261,"column":8},"end":{"line":261,"column":8}}]},"26":{"line":265,"type":"if","locations":[{"start":{"line":265,"column":12},"end":{"line":265,"column":12}},{"start":{"line":265,"column":12},"end":{"line":265,"column":12}}]},"27":{"line":270,"type":"if","locations":[{"start":{"line":270,"column":8},"end":{"line":270,"column":8}},{"start":{"line":270,"column":8},"end":{"line":270,"column":8}}]},"28":{"line":274,"type":"if","locations":[{"start":{"line":274,"column":8},"end":{"line":274,"column":8}},{"start":{"line":274,"column":8},"end":{"line":274,"column":8}}]},"29":{"line":278,"type":"if","locations":[{"start":{"line":278,"column":8},"end":{"line":278,"column":8}},{"start":{"line":278,"column":8},"end":{"line":278,"column":8}}]},"30":{"line":307,"type":"if","locations":[{"start":{"line":307,"column":8},"end":{"line":307,"column":8}},{"start":{"line":307,"column":8},"end":{"line":307,"column":8}}]},"31":{"line":308,"type":"if","locations":[{"start":{"line":308,"column":8},"end":{"line":308,"column":8}},{"start":{"line":308,"column":8},"end":{"line":308,"column":8}}]},"32":{"line":310,"type":"if","locations":[{"start":{"line":310,"column":8},"end":{"line":310,"column":8}},{"start":{"line":310,"column":8},"end":{"line":310,"column":8}}]},"33":{"line":323,"type":"if","locations":[{"start":{"line":323,"column":8},"end":{"line":323,"column":8}},{"start":{"line":323,"column":8},"end":{"line":323,"column":8}}]},"34":{"line":341,"type":"if","locations":[{"start":{"line":341,"column":8},"end":{"line":341,"column":8}},{"start":{"line":341,"column":8},"end":{"line":341,"column":8}}]},"35":{"line":347,"type":"if","locations":[{"start":{"line":347,"column":8},"end":{"line":347,"column":8}},{"start":{"line":347,"column":8},"end":{"line":347,"column":8}}]},"36":{"line":351,"type":"if","locations":[{"start":{"line":351,"column":8},"end":{"line":351,"column":8}},{"start":{"line":351,"column":8},"end":{"line":351,"column":8}}]},"37":{"line":358,"type":"if","locations":[{"start":{"line":358,"column":8},"end":{"line":358,"column":8}},{"start":{"line":358,"column":8},"end":{"line":358,"column":8}}]},"38":{"line":378,"type":"if","locations":[{"start":{"line":378,"column":43},"end":{"line":378,"column":43}},{"start":{"line":378,"column":47},"end":{"line":378,"column":59}}]},"39":{"line":380,"type":"if","locations":[{"start":{"line":380,"column":12},"end":{"line":380,"column":12}},{"start":{"line":380,"column":12},"end":{"line":380,"column":12}}]},"40":{"line":381,"type":"if","locations":[{"start":{"line":381,"column":16},"end":{"line":381,"column":16}},{"start":{"line":381,"column":16},"end":{"line":381,"column":16}}]},"41":{"line":382,"type":"if","locations":[{"start":{"line":382,"column":20},"end":{"line":382,"column":20}},{"start":{"line":382,"column":20},"end":{"line":382,"column":20}}]},"42":{"line":386,"type":"if","locations":[{"start":{"line":386,"column":25},"end":{"line":386,"column":25}},{"start":{"line":386,"column":25},"end":{"line":386,"column":25}}]},"43":{"line":395,"type":"if","locations":[{"start":{"line":395,"column":12},"end":{"line":395,"column":12}},{"start":{"line":395,"column":12},"end":{"line":395,"column":12}}]},"44":{"line":398,"type":"if","locations":[{"start":{"line":398,"column":12},"end":{"line":398,"column":12}},{"start":{"line":398,"column":12},"end":{"line":398,"column":12}}]},"45":{"line":404,"type":"if","locations":[{"start":{"line":404,"column":9},"end":{"line":404,"column":9}},{"start":{"line":404,"column":9},"end":{"line":404,"column":9}}]},"46":{"line":411,"type":"if","locations":[{"start":{"line":411,"column":13},"end":{"line":411,"column":13}},{"start":{"line":411,"column":13},"end":{"line":411,"column":13}}]},"47":{"line":412,"type":"if","locations":[{"start":{"line":412,"column":13},"end":{"line":412,"column":13}},{"start":{"line":412,"column":13},"end":{"line":412,"column":13}}]},"48":{"line":417,"type":"if","locations":[{"start":{"line":417,"column":13},"end":{"line":417,"column":13}},{"start":{"line":417,"column":13},"end":{"line":417,"column":13}}]},"49":{"line":423,"type":"if","locations":[{"start":{"line":423,"column":9},"end":{"line":423,"column":9}},{"start":{"line":423,"column":9},"end":{"line":423,"column":9}}]},"50":{"line":435,"type":"if","locations":[{"start":{"line":435,"column":9},"end":{"line":435,"column":9}},{"start":{"line":435,"column":9},"end":{"line":435,"column":9}}]},"51":{"line":438,"type":"if","locations":[{"start":{"line":438,"column":78},"end":{"line":438,"column":92}},{"start":{"line":438,"column":96},"end":{"line":438,"column":113}}]},"52":{"line":439,"type":"if","locations":[{"start":{"line":439,"column":70},"end":{"line":439,"column":103}},{"start":{"line":439,"column":107},"end":{"line":439,"column":107}}]},"53":{"line":440,"type":"if","locations":[{"start":{"line":440,"column":9},"end":{"line":440,"column":9}},{"start":{"line":440,"column":9},"end":{"line":440,"column":9}}]},"54":{"line":454,"type":"if","locations":[{"start":{"line":454,"column":9},"end":{"line":454,"column":9}},{"start":{"line":454,"column":9},"end":{"line":454,"column":9}}]},"55":{"line":457,"type":"if","locations":[{"start":{"line":457,"column":9},"end":{"line":457,"column":9}},{"start":{"line":457,"column":9},"end":{"line":457,"column":9}}]},"56":{"line":462,"type":"if","locations":[{"start":{"line":462,"column":62},"end":{"line":462,"column":79}},{"start":{"line":462,"column":83},"end":{"line":462,"column":97}}]},"57":{"line":465,"type":"if","locations":[{"start":{"line":465,"column":62},"end":{"line":465,"column":79}},{"start":{"line":465,"column":83},"end":{"line":465,"column":97}}]},"58":{"line":471,"type":"if","locations":[{"start":{"line":471,"column":10},"end":{"line":471,"column":10}},{"start":{"line":471,"column":10},"end":{"line":471,"column":10}}]},"59":{"line":471,"type":"cond-expr","locations":[{"start":{"line":471,"column":14},"end":{"line":471,"column":32}},{"start":{"line":471,"column":37},"end":{"line":471,"column":51}}]},"60":{"line":474,"type":"if","locations":[{"start":{"line":474,"column":10},"end":{"line":474,"column":10}},{"start":{"line":474,"column":10},"end":{"line":474,"column":10}}]},"61":{"line":492,"type":"if","locations":[{"start":{"line":492,"column":9},"end":{"line":492,"column":9}},{"start":{"line":492,"column":9},"end":{"line":492,"column":9}}]},"62":{"line":493,"type":"if","locations":[{"start":{"line":493,"column":62},"end":{"line":493,"column":63}},{"start":{"line":493,"column":67},"end":{"line":493,"column":78}}]},"63":{"line":497,"type":"if","locations":[{"start":{"line":497,"column":9},"end":{"line":497,"column":9}},{"start":{"line":497,"column":9},"end":{"line":497,"column":9}}]},"64":{"line":499,"type":"if","locations":[{"start":{"line":499,"column":13},"end":{"line":499,"column":13}},{"start":{"line":499,"column":13},"end":{"line":499,"column":13}}]},"65":{"line":501,"type":"if","locations":[{"start":{"line":501,"column":17},"end":{"line":501,"column":17}},{"start":{"line":501,"column":17},"end":{"line":501,"column":17}}]},"66":{"line":508,"type":"if","locations":[{"start":{"line":508,"column":9},"end":{"line":508,"column":9}},{"start":{"line":508,"column":9},"end":{"line":508,"column":9}}]},"67":{"line":509,"type":"if","locations":[{"start":{"line":509,"column":14},"end":{"line":509,"column":14}},{"start":{"line":509,"column":14},"end":{"line":509,"column":14}}]},"68":{"line":515,"type":"if","locations":[{"start":{"line":515,"column":9},"end":{"line":515,"column":9}},{"start":{"line":515,"column":9},"end":{"line":515,"column":9}}]},"69":{"line":536,"type":"if","locations":[{"start":{"line":536,"column":9},"end":{"line":536,"column":9}},{"start":{"line":536,"column":9},"end":{"line":536,"column":9}}]},"70":{"line":542,"type":"if","locations":[{"start":{"line":542,"column":101},"end":{"line":542,"column":101}},{"start":{"line":542,"column":101},"end":{"line":542,"column":101}}]},"71":{"line":546,"type":"if","locations":[{"start":{"line":546,"column":8},"end":{"line":546,"column":8}},{"start":{"line":546,"column":8},"end":{"line":546,"column":8}}]},"72":{"line":547,"type":"if","locations":[{"start":{"line":547,"column":8},"end":{"line":547,"column":8}},{"start":{"line":547,"column":8},"end":{"line":547,"column":8}}]},"73":{"line":548,"type":"if","locations":[{"start":{"line":548,"column":8},"end":{"line":548,"column":8}},{"start":{"line":548,"column":8},"end":{"line":548,"column":8}}]},"74":{"line":549,"type":"if","locations":[{"start":{"line":549,"column":8},"end":{"line":549,"column":8}},{"start":{"line":549,"column":8},"end":{"line":549,"column":8}}]},"75":{"line":551,"type":"if","locations":[{"start":{"line":551,"column":8},"end":{"line":551,"column":8}},{"start":{"line":551,"column":8},"end":{"line":551,"column":8}}]},"76":{"line":561,"type":"if","locations":[{"start":{"line":561,"column":59},"end":{"line":561,"column":59}},{"start":{"line":561,"column":59},"end":{"line":561,"column":59}}]},"77":{"line":563,"type":"if","locations":[{"start":{"line":563,"column":8},"end":{"line":563,"column":8}},{"start":{"line":563,"column":8},"end":{"line":563,"column":8}}]},"78":{"line":564,"type":"if","locations":[{"start":{"line":564,"column":8},"end":{"line":564,"column":8}},{"start":{"line":564,"column":8},"end":{"line":564,"column":8}}]},"79":{"line":565,"type":"if","locations":[{"start":{"line":565,"column":8},"end":{"line":565,"column":8}},{"start":{"line":565,"column":8},"end":{"line":565,"column":8}}]},"80":{"line":568,"type":"if","locations":[{"start":{"line":568,"column":8},"end":{"line":568,"column":8}},{"start":{"line":568,"column":8},"end":{"line":568,"column":8}}]},"81":{"line":570,"type":"if","locations":[{"start":{"line":570,"column":12},"end":{"line":570,"column":12}},{"start":{"line":570,"column":12},"end":{"line":570,"column":12}}]},"82":{"line":572,"type":"if","locations":[{"start":{"line":572,"column":16},"end":{"line":572,"column":16}},{"start":{"line":572,"column":16},"end":{"line":572,"column":16}}]},"83":{"line":600,"type":"if","locations":[{"start":{"line":600,"column":8},"end":{"line":600,"column":8}},{"start":{"line":600,"column":8},"end":{"line":600,"column":8}}]},"84":{"line":601,"type":"if","locations":[{"start":{"line":601,"column":8},"end":{"line":601,"column":8}},{"start":{"line":601,"column":8},"end":{"line":601,"column":8}}]},"85":{"line":610,"type":"if","locations":[{"start":{"line":610,"column":8},"end":{"line":610,"column":8}},{"start":{"line":610,"column":8},"end":{"line":610,"column":8}}]},"86":{"line":618,"type":"if","locations":[{"start":{"line":618,"column":8},"end":{"line":618,"column":8}},{"start":{"line":618,"column":8},"end":{"line":618,"column":8}}]},"87":{"line":619,"type":"if","locations":[{"start":{"line":619,"column":13},"end":{"line":619,"column":13}},{"start":{"line":619,"column":13},"end":{"line":619,"column":13}}]},"88":{"line":622,"type":"if","locations":[{"start":{"line":622,"column":18},"end":{"line":622,"column":18}},{"start":{"line":622,"column":18},"end":{"line":622,"column":18}}]},"89":{"line":640,"type":"if","locations":[{"start":{"line":640,"column":8},"end":{"line":640,"column":8}},{"start":{"line":640,"column":8},"end":{"line":640,"column":8}}]},"90":{"line":640,"type":"cond-expr","locations":[{"start":{"line":640,"column":12},"end":{"line":640,"column":40}},{"start":{"line":640,"column":45},"end":{"line":640,"column":73}}]},"91":{"line":643,"type":"if","locations":[{"start":{"line":643,"column":15},"end":{"line":643,"column":15}},{"start":{"line":643,"column":15},"end":{"line":643,"column":15}}]},"92":{"line":658,"type":"if","locations":[{"start":{"line":658,"column":63},"end":{"line":658,"column":63}},{"start":{"line":658,"column":63},"end":{"line":658,"column":63}}]},"93":{"line":658,"type":"if","locations":[{"start":{"line":658,"column":77},"end":{"line":658,"column":77}},{"start":{"line":658,"column":77},"end":{"line":658,"column":77}}]},"94":{"line":659,"type":"if","locations":[{"start":{"line":659,"column":9},"end":{"line":659,"column":9}},{"start":{"line":659,"column":9},"end":{"line":659,"column":9}}]},"95":{"line":660,"type":"if","locations":[{"start":{"line":660,"column":9},"end":{"line":660,"column":9}},{"start":{"line":660,"column":9},"end":{"line":660,"column":9}}]},"96":{"line":668,"type":"if","locations":[{"start":{"line":668,"column":45},"end":{"line":668,"column":45}},{"start":{"line":668,"column":45},"end":{"line":668,"column":45}}]},"97":{"line":669,"type":"if","locations":[{"start":{"line":669,"column":10},"end":{"line":669,"column":10}},{"start":{"line":669,"column":10},"end":{"line":669,"column":10}}]},"98":{"line":673,"type":"if","locations":[{"start":{"line":673,"column":67},"end":{"line":673,"column":67}},{"start":{"line":673,"column":67},"end":{"line":673,"column":67}}]},"99":{"line":674,"type":"if","locations":[{"start":{"line":674,"column":11},"end":{"line":674,"column":11}},{"start":{"line":674,"column":11},"end":{"line":674,"column":11}}]},"100":{"line":681,"type":"if","locations":[{"start":{"line":681,"column":98},"end":{"line":681,"column":98}},{"start":{"line":681,"column":98},"end":{"line":681,"column":98}}]},"101":{"line":682,"type":"if","locations":[{"start":{"line":682,"column":9},"end":{"line":682,"column":9}},{"start":{"line":682,"column":9},"end":{"line":682,"column":9}}]},"102":{"line":683,"type":"if","locations":[{"start":{"line":683,"column":9},"end":{"line":683,"column":9}},{"start":{"line":683,"column":9},"end":{"line":683,"column":9}}]},"103":{"line":684,"type":"if","locations":[{"start":{"line":684,"column":9},"end":{"line":684,"column":9}},{"start":{"line":684,"column":9},"end":{"line":684,"column":9}}]},"104":{"line":685,"type":"if","locations":[{"start":{"line":685,"column":9},"end":{"line":685,"column":9}},{"start":{"line":685,"column":9},"end":{"line":685,"column":9}}]},"105":{"line":689,"type":"if","locations":[{"start":{"line":689,"column":105},"end":{"line":689,"column":105}},{"start":{"line":689,"column":105},"end":{"line":689,"column":105}}]},"106":{"line":690,"type":"if","locations":[{"start":{"line":690,"column":9},"end":{"line":690,"column":9}},{"start":{"line":690,"column":9},"end":{"line":690,"column":9}}]},"107":{"line":691,"type":"if","locations":[{"start":{"line":691,"column":9},"end":{"line":691,"column":9}},{"start":{"line":691,"column":9},"end":{"line":691,"column":9}}]},"108":{"line":692,"type":"if","locations":[{"start":{"line":692,"column":9},"end":{"line":692,"column":9}},{"start":{"line":692,"column":9},"end":{"line":692,"column":9}}]},"109":{"line":693,"type":"if","locations":[{"start":{"line":693,"column":9},"end":{"line":693,"column":9}},{"start":{"line":693,"column":9},"end":{"line":693,"column":9}}]},"110":{"line":695,"type":"if","locations":[{"start":{"line":695,"column":9},"end":{"line":695,"column":9}},{"start":{"line":695,"column":9},"end":{"line":695,"column":9}}]},"111":{"line":701,"type":"if","locations":[{"start":{"line":701,"column":63},"end":{"line":701,"column":63}},{"start":{"line":701,"column":63},"end":{"line":701,"column":63}}]},"112":{"line":705,"type":"if","locations":[{"start":{"line":705,"column":69},"end":{"line":705,"column":69}},{"start":{"line":705,"column":69},"end":{"line":705,"column":69}}]},"113":{"line":706,"type":"if","locations":[{"start":{"line":706,"column":10},"end":{"line":706,"column":10}},{"start":{"line":706,"column":10},"end":{"line":706,"column":10}}]},"114":{"line":709,"type":"if","locations":[{"start":{"line":709,"column":72},"end":{"line":709,"column":72}},{"start":{"line":709,"column":72},"end":{"line":709,"column":72}}]},"115":{"line":710,"type":"if","locations":[{"start":{"line":710,"column":10},"end":{"line":710,"column":10}},{"start":{"line":710,"column":10},"end":{"line":710,"column":10}}]},"116":{"line":711,"type":"if","locations":[{"start":{"line":711,"column":10},"end":{"line":711,"column":10}},{"start":{"line":711,"column":10},"end":{"line":711,"column":10}}]},"117":{"line":714,"type":"if","locations":[{"start":{"line":714,"column":78},"end":{"line":714,"column":78}},{"start":{"line":714,"column":78},"end":{"line":714,"column":78}}]},"118":{"line":715,"type":"if","locations":[{"start":{"line":715,"column":10},"end":{"line":715,"column":10}},{"start":{"line":715,"column":10},"end":{"line":715,"column":10}}]},"119":{"line":716,"type":"if","locations":[{"start":{"line":716,"column":10},"end":{"line":716,"column":10}},{"start":{"line":716,"column":10},"end":{"line":716,"column":10}}]},"120":{"line":718,"type":"if","locations":[{"start":{"line":718,"column":10},"end":{"line":718,"column":10}},{"start":{"line":718,"column":10},"end":{"line":718,"column":10}}]},"121":{"line":722,"type":"if","locations":[{"start":{"line":722,"column":78},"end":{"line":722,"column":78}},{"start":{"line":722,"column":78},"end":{"line":722,"column":78}}]},"122":{"line":723,"type":"if","locations":[{"start":{"line":723,"column":10},"end":{"line":723,"column":10}},{"start":{"line":723,"column":10},"end":{"line":723,"column":10}}]},"123":{"line":724,"type":"if","locations":[{"start":{"line":724,"column":10},"end":{"line":724,"column":10}},{"start":{"line":724,"column":10},"end":{"line":724,"column":10}}]},"124":{"line":726,"type":"if","locations":[{"start":{"line":726,"column":11},"end":{"line":726,"column":11}},{"start":{"line":726,"column":11},"end":{"line":726,"column":11}}]},"125":{"line":730,"type":"if","locations":[{"start":{"line":730,"column":82},"end":{"line":730,"column":82}},{"start":{"line":730,"column":82},"end":{"line":730,"column":82}}]},"126":{"line":731,"type":"if","locations":[{"start":{"line":731,"column":10},"end":{"line":731,"column":10}},{"start":{"line":731,"column":10},"end":{"line":731,"column":10}}]},"127":{"line":735,"type":"if","locations":[{"start":{"line":735,"column":30},"end":{"line":735,"column":30}},{"start":{"line":735,"column":30},"end":{"line":735,"column":30}}]},"128":{"line":738,"type":"if","locations":[{"start":{"line":738,"column":32},"end":{"line":738,"column":32}},{"start":{"line":738,"column":32},"end":{"line":738,"column":32}}]},"129":{"line":752,"type":"if","locations":[{"start":{"line":752,"column":8},"end":{"line":752,"column":8}},{"start":{"line":752,"column":8},"end":{"line":752,"column":8}}]},"130":{"line":753,"type":"cond-expr","locations":[{"start":{"line":753,"column":12},"end":{"line":753,"column":36}},{"start":{"line":754,"column":12},"end":{"line":754,"column":36}}]},"131":{"line":753,"type":"cond-expr","locations":[{"start":{"line":753,"column":12},"end":{"line":754,"column":36}},{"start":{"line":755,"column":12},"end":{"line":755,"column":36}}]}}}}
