TN:
SF:C:\Users\jesse\OneDrive\T3 Project\T3-Base\T3-Contract\contracts\T3Token.sol
FN:93,constructor
FN:112,transfer
FN:125,transferFrom
FN:139,_transferWithT3Logic
FN:187,calculateTieredFee
FN:222,applyRiskAdjustments
FN:228,calculateRiskFactor
FN:237,applyCredits
FN:251,processFee
FN:261,calculateAdaptiveHalfLife
FN:279,updateRollingAverage
FN:286,updateWalletRiskProfile
FN:299,reverseTransfer
FN:313,checkHalfLifeExpiry
FN:337,getAvailableCredits
FN:347,mint
FN:361,burn
FN:373,burnFrom
FN:384,recordInterbankLiability
FN:396,clearInterbankLiability
FN:412,flagAbnormalTransaction
FN:418,setTreasuryAddress
FN:420,setHalfLifeDuration
FN:422,setMinHalfLifeDuration
FN:424,setMaxHalfLifeDuration
FN:426,setInactivityResetPeriod
FN:430,pause
FN:432,unpause
FNF:28
FNH:20
FNDA:1,constructor
FNDA:12,transfer
FNDA:3,transferFrom
FNDA:14,_transferWithT3Logic
FNDA:12,calculateTieredFee
FNDA:12,applyRiskAdjustments
FNDA:50,calculateRiskFactor
FNDA:12,applyCredits
FNDA:11,processFee
FNDA:11,calculateAdaptiveHalfLife
FNDA:11,updateRollingAverage
FNDA:72,updateWalletRiskProfile
FNDA:3,reverseTransfer
FNDA:1,checkHalfLifeExpiry
FNDA:0,getAvailableCredits
FNDA:3,mint
FNDA:0,burn
FNDA:1,burnFrom
FNDA:8,recordInterbankLiability
FNDA:7,clearInterbankLiability
FNDA:0,flagAbnormalTransaction
FNDA:0,setTreasuryAddress
FNDA:0,setHalfLifeDuration
FNDA:0,setMinHalfLifeDuration
FNDA:0,setMaxHalfLifeDuration
FNDA:0,setInactivityResetPeriod
FNDA:7,pause
FNDA:1,unpause
DA:94,1
DA:95,1
DA:98,1
DA:99,1
DA:100,1
DA:103,1
DA:104,1
DA:113,12
DA:115,12
DA:116,12
DA:118,12
DA:119,9
DA:126,3
DA:127,3
DA:132,2
DA:133,2
DA:140,14
DA:141,13
DA:143,12
DA:145,0
DA:149,12
DA:150,12
DA:151,12
DA:152,12
DA:153,12
DA:154,12
DA:155,12
DA:156,12
DA:157,12
DA:160,12
DA:163,12
DA:166,11
DA:167,11
DA:169,11
DA:170,11
DA:171,11
DA:180,11
DA:181,11
DA:188,12
DA:189,12
DA:190,12
DA:191,12
DA:192,12
DA:193,12
DA:194,12
DA:195,12
DA:196,38
DA:197,38
DA:198,38
DA:199,38
DA:200,38
DA:205,38
DA:206,38
DA:207,38
DA:208,38
DA:209,38
DA:210,0
DA:211,0
DA:214,0
DA:216,38
DA:217,38
DA:218,38
DA:220,12
DA:223,12
DA:224,12
DA:225,12
DA:226,12
DA:229,50
DA:230,50
DA:231,50
DA:232,50
DA:233,50
DA:234,50
DA:235,50
DA:238,12
DA:239,12
DA:240,11
DA:241,0
DA:242,0
DA:243,0
DA:245,11
DA:246,11
DA:247,11
DA:248,11
DA:252,11
DA:253,11
DA:254,11
DA:255,11
DA:256,11
DA:257,11
DA:258,11
DA:259,11
DA:262,11
DA:263,11
DA:264,11
DA:265,11
DA:266,11
DA:268,11
DA:269,11
DA:270,7
DA:271,7
DA:272,7
DA:275,11
DA:277,11
DA:280,11
DA:281,11
DA:287,96
DA:288,72
DA:289,3
DA:291,36
DA:292,0
DA:293,0
DA:295,24
DA:300,3
DA:301,2
DA:302,2
DA:303,1
DA:304,0
DA:305,0
DA:306,0
DA:307,0
DA:308,0
DA:309,0
DA:310,0
DA:311,0
DA:314,1
DA:315,1
DA:316,1
DA:317,0
DA:318,0
DA:319,0
DA:320,0
DA:321,0
DA:322,0
DA:323,0
DA:324,0
DA:325,0
DA:326,0
DA:327,0
DA:330,0
DA:331,0
DA:332,0
DA:333,0
DA:348,3
DA:349,2
DA:350,1
DA:351,1
DA:352,1
DA:353,1
DA:362,0
DA:363,0
DA:374,1
DA:375,1
DA:376,0
DA:385,8
DA:386,7
DA:387,6
DA:388,5
DA:389,4
DA:390,4
DA:397,7
DA:398,6
DA:399,5
DA:400,4
DA:401,3
DA:402,3
DA:403,2
DA:404,2
DA:413,0
DA:414,0
LF:170
LH:133
BRDA:94,1,0,1
BRDA:94,1,1,0
BRDA:140,2,0,13
BRDA:140,2,1,1
BRDA:141,3,0,12
BRDA:141,3,1,1
BRDA:143,4,0,0
BRDA:143,4,1,12
BRDA:154,5,0,11
BRDA:154,5,1,1
BRDA:156,6,0,0
BRDA:156,6,1,12
BRDA:157,7,0,0
BRDA:157,7,1,12
BRDA:166,8,0,11
BRDA:166,8,1,0
BRDA:188,9,0,0
BRDA:188,9,1,12
BRDA:198,10,0,0
BRDA:198,10,1,38
BRDA:199,11,0,0
BRDA:199,11,1,38
BRDA:200,12,0,26
BRDA:200,12,1,12
BRDA:209,13,0,0
BRDA:209,13,1,38
BRDA:210,14,0,0
BRDA:210,14,1,0
BRDA:218,15,0,0
BRDA:218,15,1,38
BRDA:225,16,0,0
BRDA:225,16,1,12
BRDA:231,17,0,50
BRDA:231,17,1,0
BRDA:232,18,0,0
BRDA:232,18,1,50
BRDA:239,19,0,1
BRDA:239,19,1,11
BRDA:240,20,0,0
BRDA:240,20,1,11
BRDA:253,21,0,11
BRDA:253,21,1,0
BRDA:264,22,0,11
BRDA:264,22,1,0
BRDA:265,23,0,0
BRDA:265,23,1,11
BRDA:269,24,0,7
BRDA:269,24,1,4
BRDA:270,25,0,7
BRDA:270,25,1,0
BRDA:272,26,0,0
BRDA:272,26,1,7
BRDA:275,27,0,0
BRDA:275,27,1,11
BRDA:276,28,0,0
BRDA:276,28,1,11
BRDA:281,29,0,0
BRDA:281,29,1,11
BRDA:288,30,0,3
BRDA:288,30,1,21
BRDA:291,31,0,0
BRDA:291,31,1,36
BRDA:299,32,0,3
BRDA:299,32,1,1
BRDA:300,33,0,2
BRDA:300,33,1,1
BRDA:302,34,0,1
BRDA:302,34,1,1
BRDA:303,35,0,0
BRDA:303,35,1,1
BRDA:304,36,0,0
BRDA:304,36,1,0
BRDA:305,37,0,0
BRDA:305,37,1,0
BRDA:313,38,0,1
BRDA:313,38,1,1
BRDA:315,39,0,1
BRDA:315,39,1,0
BRDA:316,40,0,0
BRDA:316,40,1,1
BRDA:317,41,0,0
BRDA:317,41,1,0
BRDA:319,42,0,0
BRDA:319,42,1,0
BRDA:321,43,0,0
BRDA:321,43,1,0
BRDA:347,44,0,4
BRDA:347,44,1,1
BRDA:347,45,0,3
BRDA:347,45,1,1
BRDA:348,46,0,2
BRDA:348,46,1,1
BRDA:349,47,0,1
BRDA:349,47,1,1
BRDA:361,48,0,0
BRDA:361,48,1,1
BRDA:362,49,0,0
BRDA:362,49,1,0
BRDA:373,50,0,1
BRDA:373,50,1,1
BRDA:374,51,0,1
BRDA:374,51,1,0
BRDA:384,52,0,8
BRDA:384,52,1,1
BRDA:385,53,0,7
BRDA:385,53,1,1
BRDA:386,54,0,6
BRDA:386,54,1,1
BRDA:387,55,0,5
BRDA:387,55,1,1
BRDA:388,56,0,4
BRDA:388,56,1,1
BRDA:396,57,0,7
BRDA:396,57,1,1
BRDA:397,58,0,6
BRDA:397,58,1,1
BRDA:398,59,0,5
BRDA:398,59,1,1
BRDA:399,60,0,4
BRDA:399,60,1,1
BRDA:400,61,0,3
BRDA:400,61,1,1
BRDA:402,62,0,2
BRDA:402,62,1,1
BRDA:412,63,0,0
BRDA:412,63,1,0
BRDA:418,64,0,0
BRDA:418,64,1,0
BRDA:418,65,0,0
BRDA:418,65,1,0
BRDA:420,66,0,0
BRDA:420,66,1,0
BRDA:420,67,0,0
BRDA:420,67,1,0
BRDA:420,68,0,0
BRDA:420,68,1,0
BRDA:422,69,0,0
BRDA:422,69,1,0
BRDA:422,70,0,0
BRDA:422,70,1,0
BRDA:422,71,0,0
BRDA:422,71,1,0
BRDA:424,72,0,0
BRDA:424,72,1,0
BRDA:424,73,0,0
BRDA:424,73,1,0
BRDA:426,74,0,0
BRDA:426,74,1,0
BRDA:426,75,0,0
BRDA:426,75,1,0
BRDA:430,76,0,7
BRDA:430,76,1,1
BRDA:432,77,0,1
BRDA:432,77,1,1
BRF:154
BRH:86
end_of_record
