TN:
SF:C:\Users\jesse\OneDrive\T3 Project\T3-Base\T3-Contract_v3_AVAX\contracts\CustodianRegistry.sol
FN:46,constructor
FN:57,initialize
FN:75,_authorizeUpgrade
FN:82,grantCustodianRole
FN:88,revokeCustodianRole
FN:100,registerCustodiedWallet
FN:118,updateKYCStatus
FN:132,unregisterCustodiedWallet
FN:145,getCustodian
FN:149,getKYCTimestamps
FN:154,isKYCValid
FN:161,custodianCount
FN:165,custodianAtIndex
FN:173,supportsInterface
FNF:14
FNH:14
FNDA:1,constructor
FNDA:2,initialize
FNDA:1,_authorizeUpgrade
FNDA:9,grantCustodianRole
FNDA:1,revokeCustodianRole
FNDA:7,registerCustodiedWallet
FNDA:2,updateKYCStatus
FNDA:2,unregisterCustodiedWallet
FNDA:2,getCustodian
FNDA:2,getKYCTimestamps
FNDA:3,isKYCValid
FNDA:2,custodianCount
FNDA:1,custodianAtIndex
FNDA:3,supportsInterface
DA:47,1
DA:58,2
DA:59,1
DA:61,1
DA:62,1
DA:64,1
DA:65,1
DA:83,9
DA:84,9
DA:85,9
DA:89,1
DA:90,1
DA:91,1
DA:101,7
DA:102,6
DA:104,5
DA:105,5
DA:111,5
DA:119,2
DA:120,2
DA:121,2
DA:123,2
DA:124,1
DA:126,1
DA:127,1
DA:129,1
DA:133,2
DA:134,2
DA:135,2
DA:137,2
DA:139,2
DA:140,2
DA:146,2
DA:150,2
DA:151,2
DA:155,3
DA:156,3
DA:162,2
DA:166,1
DA:180,3
LF:40
LH:40
BRDA:57,1,0,2
BRDA:57,1,1,0
BRDA:58,2,0,1
BRDA:58,2,1,1
BRDA:75,3,0,1
BRDA:75,3,1,0
BRDA:82,4,0,9
BRDA:82,4,1,0
BRDA:83,5,0,9
BRDA:83,5,1,0
BRDA:88,6,0,1
BRDA:88,6,1,0
BRDA:89,7,0,1
BRDA:89,7,1,0
BRDA:100,8,0,7
BRDA:100,8,1,1
BRDA:101,9,0,6
BRDA:101,9,1,1
BRDA:102,10,0,5
BRDA:102,10,1,1
BRDA:102,11,0,2
BRDA:102,11,1,3
BRDA:118,12,0,2
BRDA:118,12,1,0
BRDA:119,13,0,2
BRDA:119,13,1,0
BRDA:123,14,0,1
BRDA:123,14,1,1
BRDA:124,15,0,1
BRDA:124,15,1,0
BRDA:124,16,0,0
BRDA:124,16,1,1
BRDA:132,17,0,2
BRDA:132,17,1,0
BRDA:133,18,0,2
BRDA:133,18,1,0
BRDA:137,19,0,2
BRDA:137,19,1,0
BRDA:156,20,0,1
BRDA:156,20,1,1
BRF:40
BRH:27
end_of_record
TN:
SF:C:\Users\jesse\OneDrive\T3 Project\T3-Base\T3-Contract_v3_AVAX\contracts\T3Token.sol
FN:124,constructor
FN:138,initialize
FN:173,_authorizeUpgrade
FN:180,prefundFees
FN:190,withdrawPrefundedFees
FN:203,transfer
FN:211,transferFrom
FN:224,_calculateTotalFeeAssessed
FN:245,_handleFeePaymentAndTransfers
FN:284,_updatePostTransferMetadata
FN:306,_transferWithT3Logic
FN:340,processFee
FN:357,calculateBaseFeeAmount
FN:403,calculateAmountRiskScaler
FN:429,applyRiskAdjustments
FN:450,calculateRiskFactor
FN:469,applyCredits
FN:489,calculateAdaptiveHalfLife
FN:513,updateRollingAverage
FN:524,updateWalletRiskProfileOnReversal
FN:531,_ensureProfileExists
FN:535,_ensureProfileExistsForWrite
FN:542,reverseTransfer
FN:561,checkHalfLifeExpiry
FN:588,getAvailableCredits
FN:591,getPrefundedFeeBalance
FN:595,estimateTransferFeeDetails
FN:658,mint
FN:668,burn
FN:673,burnFrom
FN:681,recordInterbankLiability
FN:689,clearInterbankLiability
FN:701,flagAbnormalTransaction
FN:705,setTreasuryAddress
FN:709,setHalfLifeDuration
FN:714,setMinHalfLifeDuration
FN:722,setMaxHalfLifeDuration
FN:730,setInactivityResetPeriod
FN:735,pause
FN:738,unpause
FN:744,supportsInterface
FNF:41
FNH:40
FNDA:1,constructor
FNDA:5,initialize
FNDA:1,_authorizeUpgrade
FNDA:7,prefundFees
FNDA:3,withdrawPrefundedFees
FNDA:45,transfer
FNDA:0,transferFrom
FNDA:42,_calculateTotalFeeAssessed
FNDA:42,_handleFeePaymentAndTransfers
FNDA:40,_updatePostTransferMetadata
FNDA:45,_transferWithT3Logic
FNDA:40,processFee
FNDA:116,calculateBaseFeeAmount
FNDA:82,calculateAmountRiskScaler
FNDA:116,applyRiskAdjustments
FNDA:234,calculateRiskFactor
FNDA:40,applyCredits
FNDA:40,calculateAdaptiveHalfLife
FNDA:40,updateRollingAverage
FNDA:2,updateWalletRiskProfileOnReversal
FNDA:324,_ensureProfileExists
FNDA:60,_ensureProfileExistsForWrite
FNDA:1,reverseTransfer
FNDA:1,checkHalfLifeExpiry
FNDA:22,getAvailableCredits
FNDA:22,getPrefundedFeeBalance
FNDA:74,estimateTransferFeeDetails
FNDA:57,mint
FNDA:1,burn
FNDA:1,burnFrom
FNDA:6,recordInterbankLiability
FNDA:5,clearInterbankLiability
FNDA:1,flagAbnormalTransaction
FNDA:2,setTreasuryAddress
FNDA:6,setHalfLifeDuration
FNDA:3,setMinHalfLifeDuration
FNDA:2,setMaxHalfLifeDuration
FNDA:2,setInactivityResetPeriod
FNDA:1,pause
FNDA:1,unpause
FNDA:4,supportsInterface
DA:125,1
DA:139,5
DA:140,5
DA:141,5
DA:142,5
DA:143,5
DA:145,5
DA:146,4
DA:148,4
DA:149,4
DA:150,4
DA:152,4
DA:153,1
DA:156,4
DA:157,4
DA:158,4
DA:159,4
DA:160,4
DA:161,3
DA:162,2
DA:163,1
DA:165,1
DA:166,1
DA:181,7
DA:182,6
DA:184,6
DA:185,6
DA:187,6
DA:191,3
DA:192,2
DA:193,2
DA:195,1
DA:196,1
DA:198,1
DA:204,45
DA:205,45
DA:206,45
DA:207,45
DA:208,40
DA:212,0
DA:217,0
DA:218,0
DA:219,0
DA:220,0
DA:221,0
DA:229,42
DA:230,42
DA:232,42
DA:233,42
DA:234,42
DA:236,42
DA:237,42
DA:238,0
DA:239,0
DA:242,42
DA:251,42
DA:253,42
DA:254,3
DA:255,3
DA:256,3
DA:257,3
DA:258,3
DA:261,42
DA:262,40
DA:263,40
DA:264,40
DA:265,40
DA:268,42
DA:269,42
DA:270,42
DA:271,2
DA:274,40
DA:275,29
DA:278,40
DA:279,40
DA:281,40
DA:290,40
DA:291,40
DA:293,40
DA:302,40
DA:307,45
DA:308,44
DA:310,43
DA:312,1
DA:315,42
DA:317,42
DA:323,40
DA:324,40
DA:327,40
DA:329,40
DA:341,40
DA:342,0
DA:344,40
DA:345,40
DA:347,40
DA:348,40
DA:349,40
DA:351,40
DA:352,40
DA:353,40
DA:358,116
DA:359,116
DA:360,116
DA:361,116
DA:363,116
DA:364,116
DA:365,116
DA:366,116
DA:367,116
DA:368,116
DA:369,116
DA:370,116
DA:371,116
DA:372,116
DA:373,116
DA:375,116
DA:376,385
DA:377,385
DA:378,385
DA:379,385
DA:380,385
DA:381,330
DA:382,269
DA:383,269
DA:385,0
DA:386,0
DA:387,0
DA:391,61
DA:395,385
DA:396,330
DA:398,385
DA:400,116
DA:404,82
DA:405,82
DA:406,82
DA:407,82
DA:409,82
DA:410,62
DA:411,62
DA:412,62
DA:413,0
DA:415,62
DA:417,62
DA:418,0
DA:419,0
DA:421,62
DA:423,82
DA:424,0
DA:426,82
DA:435,116
DA:436,116
DA:437,116
DA:438,116
DA:439,116
DA:440,116
DA:441,34
DA:443,82
DA:444,82
DA:445,82
DA:446,82
DA:447,82
DA:451,234
DA:452,234
DA:453,234
DA:454,234
DA:455,136
DA:457,234
DA:458,0
DA:460,234
DA:461,234
DA:462,234
DA:463,234
DA:464,234
DA:465,234
DA:466,234
DA:470,40
DA:471,40
DA:472,13
DA:474,27
DA:475,10
DA:476,10
DA:477,10
DA:478,10
DA:479,10
DA:481,17
DA:482,17
DA:483,17
DA:484,17
DA:485,17
DA:490,40
DA:491,40
DA:492,40
DA:493,40
DA:494,40
DA:496,40
DA:497,40
DA:498,27
DA:499,27
DA:500,0
DA:501,0
DA:502,0
DA:504,0
DA:508,40
DA:510,40
DA:514,40
DA:515,40
DA:516,0
DA:517,0
DA:519,40
DA:520,40
DA:521,40
DA:525,2
DA:526,2
DA:527,2
DA:528,2
DA:536,60
DA:537,58
DA:543,1
DA:544,1
DA:546,1
DA:547,1
DA:548,1
DA:549,1
DA:551,1
DA:553,1
DA:554,1
DA:555,1
DA:557,1
DA:558,1
DA:562,1
DA:563,1
DA:564,1
DA:565,1
DA:567,1
DA:568,1
DA:569,1
DA:570,1
DA:571,1
DA:572,1
DA:573,1
DA:574,1
DA:575,1
DA:577,1
DA:578,1
DA:579,1
DA:583,1
DA:584,1
DA:589,22
DA:592,22
DA:600,74
DA:601,74
DA:603,74
DA:605,74
DA:606,74
DA:608,74
DA:609,74
DA:610,74
DA:611,64
DA:612,64
DA:614,10
DA:617,74
DA:618,74
DA:619,44
DA:620,0
DA:621,0
DA:622,0
DA:623,0
DA:625,0
DA:628,44
DA:631,30
DA:634,74
DA:636,74
DA:637,74
DA:638,74
DA:640,74
DA:641,48
DA:642,48
DA:644,10
DA:645,10
DA:647,16
DA:648,16
DA:650,74
DA:652,74
DA:654,74
DA:659,57
DA:660,57
DA:661,57
DA:662,57
DA:663,57
DA:664,57
DA:665,57
DA:669,1
DA:670,1
DA:674,1
DA:675,1
DA:676,1
DA:677,1
DA:682,6
DA:683,5
DA:684,4
DA:685,3
DA:686,2
DA:687,2
DA:690,5
DA:691,5
DA:692,5
DA:693,5
DA:694,4
DA:695,4
DA:696,2
DA:697,2
DA:702,1
DA:703,1
DA:706,2
DA:707,1
DA:710,6
DA:711,5
DA:712,4
DA:715,3
DA:716,2
DA:717,1
DA:718,1
DA:719,1
DA:723,2
DA:724,2
DA:725,1
DA:726,1
DA:727,1
DA:731,2
DA:732,1
DA:736,1
DA:739,1
DA:752,4
DA:757,3
DA:759,1
LF:335
LH:307
BRDA:138,1,0,5
BRDA:138,1,1,0
BRDA:145,2,0,4
BRDA:145,2,1,1
BRDA:152,3,0,1
BRDA:152,3,1,3
BRDA:160,4,0,3
BRDA:160,4,1,1
BRDA:161,5,0,2
BRDA:161,5,1,1
BRDA:162,6,0,1
BRDA:162,6,1,1
BRDA:163,7,0,1
BRDA:163,7,1,0
BRDA:165,8,0,1
BRDA:165,8,1,0
BRDA:173,9,0,1
BRDA:173,9,1,1
BRDA:180,10,0,7
BRDA:180,10,1,0
BRDA:180,11,0,7
BRDA:180,11,1,0
BRDA:181,12,0,6
BRDA:181,12,1,1
BRDA:190,13,0,3
BRDA:190,13,1,0
BRDA:190,14,0,3
BRDA:190,14,1,0
BRDA:191,15,0,2
BRDA:191,15,1,1
BRDA:193,16,0,1
BRDA:193,16,1,1
BRDA:203,17,0,45
BRDA:203,17,1,1
BRDA:211,18,0,0
BRDA:211,18,1,0
BRDA:234,19,0,21
BRDA:234,19,1,21
BRDA:237,20,0,0
BRDA:237,20,1,42
BRDA:238,21,0,0
BRDA:238,21,1,0
BRDA:253,22,0,3
BRDA:253,22,1,39
BRDA:254,23,0,1
BRDA:254,23,1,2
BRDA:258,24,0,3
BRDA:258,24,1,0
BRDA:261,25,0,40
BRDA:261,25,1,2
BRDA:265,26,0,27
BRDA:265,26,1,13
BRDA:270,27,0,2
BRDA:270,27,1,40
BRDA:274,28,0,29
BRDA:274,28,1,11
BRDA:278,29,0,40
BRDA:278,29,1,0
BRDA:307,30,0,44
BRDA:307,30,1,1
BRDA:308,31,0,43
BRDA:308,31,1,1
BRDA:310,32,0,1
BRDA:310,32,1,42
BRDA:323,33,0,40
BRDA:323,33,1,0
BRDA:341,34,0,0
BRDA:341,34,1,40
BRDA:347,35,0,40
BRDA:347,35,1,0
BRDA:351,36,0,40
BRDA:351,36,1,0
BRDA:358,37,0,0
BRDA:358,37,1,116
BRDA:378,38,0,116
BRDA:378,38,1,269
BRDA:380,39,0,330
BRDA:380,39,1,55
BRDA:381,40,0,269
BRDA:381,40,1,61
BRDA:382,41,0,269
BRDA:382,41,1,0
BRDA:386,42,0,0
BRDA:386,42,1,0
BRDA:395,43,0,330
BRDA:395,43,1,55
BRDA:398,44,0,116
BRDA:398,44,1,269
BRDA:404,45,0,0
BRDA:404,45,1,82
BRDA:411,46,0,0
BRDA:411,46,1,62
BRDA:412,47,0,0
BRDA:412,47,1,62
BRDA:417,48,0,0
BRDA:417,48,1,62
BRDA:423,49,0,0
BRDA:423,49,1,82
BRDA:435,50,0,0
BRDA:435,50,1,116
BRDA:438,51,0,21
BRDA:438,51,1,95
BRDA:439,52,0,82
BRDA:439,52,1,34
BRDA:440,53,0,34
BRDA:440,53,1,82
BRDA:454,54,0,136
BRDA:454,54,1,98
BRDA:457,55,0,0
BRDA:457,55,1,234
BRDA:462,56,0,0
BRDA:462,56,1,234
BRDA:465,57,0,0
BRDA:465,57,1,234
BRDA:471,58,0,13
BRDA:471,58,1,27
BRDA:471,59,0,13
BRDA:471,59,1,0
BRDA:474,60,0,10
BRDA:474,60,1,17
BRDA:492,61,0,40
BRDA:492,61,1,0
BRDA:493,62,0,0
BRDA:493,62,1,40
BRDA:497,63,0,27
BRDA:497,63,1,13
BRDA:499,64,0,0
BRDA:499,64,1,27
BRDA:501,65,0,0
BRDA:501,65,1,0
BRDA:508,66,0,0
BRDA:508,66,1,40
BRDA:509,67,0,0
BRDA:509,67,1,40
BRDA:515,68,0,0
BRDA:515,68,1,40
BRDA:536,69,0,58
BRDA:536,69,1,2
BRDA:542,70,0,1
BRDA:542,70,1,0
BRDA:546,71,0,1
BRDA:546,71,1,0
BRDA:547,72,0,1
BRDA:547,72,1,0
BRDA:548,73,0,1
BRDA:548,73,1,0
BRDA:549,74,0,1
BRDA:549,74,1,0
BRDA:551,75,0,1
BRDA:551,75,1,0
BRDA:561,76,0,1
BRDA:561,76,1,0
BRDA:563,77,0,1
BRDA:563,77,1,0
BRDA:564,78,0,1
BRDA:564,78,1,0
BRDA:565,79,0,1
BRDA:565,79,1,0
BRDA:568,80,0,1
BRDA:568,80,1,0
BRDA:570,81,0,1
BRDA:570,81,1,0
BRDA:572,82,0,1
BRDA:572,82,1,0
BRDA:600,83,0,74
BRDA:600,83,1,0
BRDA:601,84,0,74
BRDA:601,84,1,0
BRDA:610,85,0,64
BRDA:610,85,1,10
BRDA:618,86,0,44
BRDA:618,86,1,30
BRDA:619,87,0,0
BRDA:619,87,1,44
BRDA:622,88,0,0
BRDA:622,88,1,0
BRDA:640,89,0,48
BRDA:640,89,1,26
BRDA:640,90,0,48
BRDA:640,90,1,0
BRDA:643,91,0,10
BRDA:643,91,1,16
BRDA:658,92,0,57
BRDA:658,92,1,0
BRDA:658,93,0,57
BRDA:658,93,1,0
BRDA:659,94,0,57
BRDA:659,94,1,0
BRDA:660,95,0,57
BRDA:660,95,1,0
BRDA:668,96,0,1
BRDA:668,96,1,0
BRDA:669,97,0,1
BRDA:669,97,1,0
BRDA:673,98,0,1
BRDA:673,98,1,0
BRDA:674,99,0,1
BRDA:674,99,1,0
BRDA:681,100,0,6
BRDA:681,100,1,1
BRDA:682,101,0,5
BRDA:682,101,1,1
BRDA:683,102,0,4
BRDA:683,102,1,1
BRDA:684,103,0,3
BRDA:684,103,1,1
BRDA:685,104,0,2
BRDA:685,104,1,1
BRDA:689,105,0,5
BRDA:689,105,1,1
BRDA:690,106,0,5
BRDA:690,106,1,0
BRDA:691,107,0,5
BRDA:691,107,1,0
BRDA:692,108,0,5
BRDA:692,108,1,0
BRDA:693,109,0,4
BRDA:693,109,1,1
BRDA:695,110,0,2
BRDA:695,110,1,2
BRDA:701,111,0,1
BRDA:701,111,1,1
BRDA:705,112,0,2
BRDA:705,112,1,0
BRDA:706,113,0,1
BRDA:706,113,1,1
BRDA:709,114,0,6
BRDA:709,114,1,0
BRDA:710,115,0,5
BRDA:710,115,1,1
BRDA:711,116,0,4
BRDA:711,116,1,1
BRDA:714,117,0,3
BRDA:714,117,1,0
BRDA:715,118,0,2
BRDA:715,118,1,1
BRDA:716,119,0,1
BRDA:716,119,1,1
BRDA:718,120,0,1
BRDA:718,120,1,0
BRDA:722,121,0,2
BRDA:722,121,1,0
BRDA:723,122,0,2
BRDA:723,122,1,0
BRDA:724,123,0,1
BRDA:724,123,1,1
BRDA:726,124,0,1
BRDA:726,124,1,0
BRDA:730,125,0,2
BRDA:730,125,1,0
BRDA:731,126,0,1
BRDA:731,126,1,1
BRDA:735,127,0,1
BRDA:735,127,1,0
BRDA:738,128,0,1
BRDA:738,128,1,0
BRDA:752,129,0,3
BRDA:752,129,1,1
BRDA:753,130,0,1
BRDA:753,130,1,1
BRDA:753,131,0,1
BRDA:753,131,1,1
BRF:262
BRH:182
end_of_record
